<?xml version='1.0' encoding='UTF-8'?>
<testsuite hostname="gunmin" name="kuplrg.Spec" tests="5" errors="0" failures="1" skipped="0" time="0.849" timestamp="2024-06-21T10:41:55">
          <properties>
[...]
</properties>
          <testcase classname="kuplrg.Spec" name="tm_square.mustValid.mustEqual(lang, 1000) should be terminated normally" time="0.218">
                      
                    </testcase><testcase classname="kuplrg.Spec" name="tm_square_check() should be terminated normally" time="0.428">
                      
                    </testcase><testcase classname="kuplrg.Spec" name="tm_eq_abc_check() should be terminated normally" time="0.072">
                      <failure message="[ERROR] the word '' should be in the language." type="org.scalatest.exceptions.TestFailedException">org.scalatest.exceptions.TestFailedException: [ERROR] the word '' should be in the language.
	at org.scalatest.Assertions.newAssertionFailedException(Assertions.scala:476)
	at org.scalatest.Assertions.newAssertionFailedException$(Assertions.scala:421)
	at org.scalatest.flatspec.AnyFlatSpec.newAssertionFailedException(AnyFlatSpec.scala:1685)
	at org.scalatest.Assertions.failImpl(Assertions.scala:1060)
	at org.scalatest.Assertions.org$scalatest$Assertions$$inline$failImpl(Assertions.scala:1056)
	at org.scalatest.Assertions.org$scalatest$Assertions$$inline$failImpl$(Assertions.scala:421)
	at org.scalatest.flatspec.AnyFlatSpec.org$scalatest$Assertions$$inline$failImpl(AnyFlatSpec.scala:1685)
	at kuplrg.SpecBase.failed(SpecBase.scala:146)
	at kuplrg.SpecBase.failed(SpecBase.scala:141)
	at kuplrg.SpecBase.testFun$proxy1$1(SpecBase.scala:129)
	at kuplrg.SpecBase.newTest$$anonfun$1(SpecBase.scala:131)
	at org.scalatest.Transformer.apply$$anonfun$1(Transformer.scala:22)
	at org.scalatest.OutcomeOf.outcomeOf(OutcomeOf.scala:85)
	at org.scalatest.OutcomeOf.outcomeOf$(OutcomeOf.scala:31)
	at org.scalatest.OutcomeOf$.outcomeOf(OutcomeOf.scala:104)
	at org.scalatest.Transformer.apply(Transformer.scala:22)
	at org.scalatest.Transformer.apply(Transformer.scala:21)
	at org.scalatest.flatspec.AnyFlatSpecLike$$anon$5.apply(AnyFlatSpecLike.scala:1717)
	at org.scalatest.TestSuite.withFixture(TestSuite.scala:196)
	at org.scalatest.TestSuite.withFixture$(TestSuite.scala:138)
	at org.scalatest.flatspec.AnyFlatSpec.withFixture(AnyFlatSpec.scala:1685)
	at org.scalatest.flatspec.AnyFlatSpecLike.invokeWithFixture$1(AnyFlatSpecLike.scala:1723)
	at org.scalatest.flatspec.AnyFlatSpecLike.runTest$$anonfun$1(AnyFlatSpecLike.scala:1727)
	at org.scalatest.SuperEngine.runTestImpl(Engine.scala:306)
	at org.scalatest.flatspec.AnyFlatSpecLike.runTest(AnyFlatSpecLike.scala:1727)
	at org.scalatest.flatspec.AnyFlatSpecLike.runTest$(AnyFlatSpecLike.scala:51)
	at org.scalatest.flatspec.AnyFlatSpec.runTest(AnyFlatSpec.scala:1685)
	at org.scalatest.flatspec.AnyFlatSpecLike.runTests$$anonfun$1(AnyFlatSpecLike.scala:1785)
	at org.scalatest.SuperEngine.traverseSubNodes$1$$anonfun$1(Engine.scala:413)
	at scala.runtime.function.JProcedure1.apply(JProcedure1.java:15)
	at scala.runtime.function.JProcedure1.apply(JProcedure1.java:10)
	at scala.collection.immutable.List.foreach(List.scala:333)
	at org.scalatest.SuperEngine.traverseSubNodes$1(Engine.scala:429)
	at org.scalatest.SuperEngine.runTestsInBranch(Engine.scala:390)
	at org.scalatest.SuperEngine.traverseSubNodes$1$$anonfun$1(Engine.scala:427)
	at scala.runtime.function.JProcedure1.apply(JProcedure1.java:15)
	at scala.runtime.function.JProcedure1.apply(JProcedure1.java:10)
	at scala.collection.immutable.List.foreach(List.scala:333)
	at org.scalatest.SuperEngine.traverseSubNodes$1(Engine.scala:429)
	at org.scalatest.SuperEngine.runTestsInBranch(Engine.scala:396)
	at org.scalatest.SuperEngine.runTestsImpl(Engine.scala:475)
	at org.scalatest.flatspec.AnyFlatSpecLike.runTests(AnyFlatSpecLike.scala:1785)
	at org.scalatest.flatspec.AnyFlatSpecLike.runTests$(AnyFlatSpecLike.scala:51)
	at org.scalatest.flatspec.AnyFlatSpec.runTests(AnyFlatSpec.scala:1685)
	at org.scalatest.Suite.run(Suite.scala:1114)
	at org.scalatest.Suite.run$(Suite.scala:564)
	at org.scalatest.flatspec.AnyFlatSpec.org$scalatest$flatspec$AnyFlatSpecLike$$super$run(AnyFlatSpec.scala:1685)
	at org.scalatest.flatspec.AnyFlatSpecLike.run$$anonfun$1(AnyFlatSpecLike.scala:1830)
	at org.scalatest.SuperEngine.runImpl(Engine.scala:535)
	at org.scalatest.flatspec.AnyFlatSpecLike.run(AnyFlatSpecLike.scala:1830)
	at org.scalatest.flatspec.AnyFlatSpecLike.run$(AnyFlatSpecLike.scala:51)
	at kuplrg.Spec.org$scalatest$BeforeAndAfterAll$$super$run(Spec.scala:75)
	at org.scalatest.BeforeAndAfterAll.liftedTree1$1(BeforeAndAfterAll.scala:213)
	at org.scalatest.BeforeAndAfterAll.run(BeforeAndAfterAll.scala:217)
	at org.scalatest.BeforeAndAfterAll.run$(BeforeAndAfterAll.scala:135)
	at kuplrg.Spec.run(Spec.scala:75)
	at org.scalatest.tools.Framework.org$scalatest$tools$Framework$$runSuite(Framework.scala:321)
	at org.scalatest.tools.Framework$ScalaTestTask.execute(Framework.scala:517)
	at sbt.TestRunner.runTest$1(TestFramework.scala:153)
	at sbt.TestRunner.run(TestFramework.scala:168)
	at sbt.TestFramework$$anon$3$$anonfun$$lessinit$greater$1.$anonfun$apply$1(TestFramework.scala:336)
	at sbt.TestFramework$.sbt$TestFramework$$withContextLoader(TestFramework.scala:296)
	at sbt.TestFramework$$anon$3$$anonfun$$lessinit$greater$1.apply(TestFramework.scala:336)
	at sbt.TestFramework$$anon$3$$anonfun$$lessinit$greater$1.apply(TestFramework.scala:336)
	at sbt.TestFunction.apply(TestFramework.scala:348)
	at sbt.Tests$.$anonfun$toTask$1(Tests.scala:436)
	at sbt.std.Transform$$anon$3.$anonfun$apply$2(Transform.scala:47)
	at sbt.std.Transform$$anon$4.work(Transform.scala:69)
	at sbt.Execute.$anonfun$submit$2(Execute.scala:283)
	at sbt.internal.util.ErrorHandling$.wideConvert(ErrorHandling.scala:24)
	at sbt.Execute.work(Execute.scala:292)
	at sbt.Execute.$anonfun$submit$1(Execute.scala:283)
	at sbt.ConcurrentRestrictions$$anon$4.$anonfun$submitValid$1(ConcurrentRestrictions.scala:265)
	at sbt.CompletionService$$anon$2.call(CompletionService.scala:65)
	at java.base/java.util.concurrent.FutureTask.run(FutureTask.java:317)
	at java.base/java.util.concurrent.Executors$RunnableAdapter.call(Executors.java:572)
	at java.base/java.util.concurrent.FutureTask.run(FutureTask.java:317)
	at java.base/java.util.concurrent.ThreadPoolExecutor.runWorker(ThreadPoolExecutor.java:1144)
	at java.base/java.util.concurrent.ThreadPoolExecutor$Worker.run(ThreadPoolExecutor.java:642)
	at java.base/java.lang.Thread.run(Thread.java:1583)
</failure>
                    </testcase><testcase classname="kuplrg.Spec" name="tm_dec.mustValid.mustEqual(func, 10000) should be terminated normally" time="0.079">
                      
                    </testcase><testcase classname="kuplrg.Spec" name="tm_add.mustValid.mustEqual(func, 20000) should be terminated normally" time="0.052">
                      
                    </testcase>
          <system-out><![CDATA[]]></system-out>
          <system-err><![CDATA[]]></system-err>
        </testsuite>