[36mRun starting. Expected test count is: 0[0m
[32mSpec:[0m
[32mpdafs2es(pda1).langByEmptyStacks.mustEqual(pda1.langByFinalStates, TRI ...[0m
[31m- should be terminated normally *** FAILED *** (27 milliseconds)[0m
[31m  Please implement `pdafs2es` (Implementaion.scala:30). (SpecBase.scala:146)[0m
[32mpdafs2es(pda2).langByEmptyStacks.mustEqual(pda2.langByFinalStates, TRI ...[0m
[31m- should be terminated normally *** FAILED *** (4 milliseconds)[0m
[31m  Please implement `pdafs2es` (Implementaion.scala:30). (SpecBase.scala:146)[0m
[32mpdafs2es(pda3).langByEmptyStacks.mustEqual(pda3.langByFinalStates, TRI ...[0m
[31m- should be terminated normally *** FAILED *** (4 milliseconds)[0m
[31m  Please implement `pdafs2es` (Implementaion.scala:30). (SpecBase.scala:146)[0m
[32mpdafs2es(pda4).langByEmptyStacks.mustEqual(pda4.langByFinalStates, TRI ...[0m
[31m- should be terminated normally *** FAILED *** (2 milliseconds)[0m
[31m  Please implement `pdafs2es` (Implementaion.scala:30). (SpecBase.scala:146)[0m
[32mpdafs2es(pda5).langByEmptyStacks.mustEqual(pda5.langByFinalStates, TRI ...[0m
[31m- should be terminated normally *** FAILED *** (2 milliseconds)[0m
[31m  Please implement `pdafs2es` (Implementaion.scala:30). (SpecBase.scala:146)[0m
[32mpdafs2es(pda6).langByEmptyStacks.mustEqual(pda6.langByFinalStates, TRI ...[0m
[31m- should be terminated normally *** FAILED *** (3 milliseconds)[0m
[31m  Please implement `pdafs2es` (Implementaion.scala:30). (SpecBase.scala:146)[0m
[32mpdafs2es(pda7).langByEmptyStacks.mustEqual(pda7.langByFinalStates, TRI ...[0m
[31m- should be terminated normally *** FAILED *** (1 millisecond)[0m
[31m  Please implement `pdafs2es` (Implementaion.scala:30). (SpecBase.scala:146)[0m
[32mpdafs2es(pda8).langByEmptyStacks.mustEqual(pda8.langByFinalStates, TRI ...[0m
[31m- should be terminated normally *** FAILED *** (1 millisecond)[0m
[31m  Please implement `pdafs2es` (Implementaion.scala:30). (SpecBase.scala:146)[0m
[32mpdafs2es(pda9).langByEmptyStacks.mustEqual(pda9.langByFinalStates, TRI ...[0m
[31m- should be terminated normally *** FAILED *** (1 millisecond)[0m
[31m  Please implement `pdafs2es` (Implementaion.scala:30). (SpecBase.scala:146)[0m
[32mpdafs2es(pda10).langByEmptyStacks.mustEqual(pda10.langByFinalStates, T ...[0m
[31m- should be terminated normally *** FAILED *** (1 millisecond)[0m
[31m  Please implement `pdafs2es` (Implementaion.scala:30). (SpecBase.scala:146)[0m
[32mpdaes2fs(pda11).langByFinalStates.mustEqual(pda11.langByEmptyStacks, T ...[0m
[31m- should be terminated normally *** FAILED *** (2 milliseconds)[0m
[31m  Please implement `pdaes2fs` (Implementaion.scala:33). (SpecBase.scala:146)[0m
[32mpdaes2fs(pda12).langByFinalStates.mustEqual(pda12.langByEmptyStacks, T ...[0m
[31m- should be terminated normally *** FAILED *** (1 millisecond)[0m
[31m  Please implement `pdaes2fs` (Implementaion.scala:33). (SpecBase.scala:146)[0m
[32mpdaes2fs(pda13).langByFinalStates.mustEqual(pda13.langByEmptyStacks, T ...[0m
[31m- should be terminated normally *** FAILED *** (3 milliseconds)[0m
[31m  Please implement `pdaes2fs` (Implementaion.scala:33). (SpecBase.scala:146)[0m
[32mpdaes2fs(pda14).langByFinalStates.mustEqual(pda14.langByEmptyStacks, T ...[0m
[31m- should be terminated normally *** FAILED *** (3 milliseconds)[0m
[31m  Please implement `pdaes2fs` (Implementaion.scala:33). (SpecBase.scala:146)[0m
[32mpdaes2fs(pda15).langByFinalStates.mustEqual(pda15.langByEmptyStacks, T ...[0m
[31m- should be terminated normally *** FAILED *** (2 milliseconds)[0m
[31m  Please implement `pdaes2fs` (Implementaion.scala:33). (SpecBase.scala:146)[0m
[32mpdaes2fs(pda16).langByFinalStates.mustEqual(pda16.langByEmptyStacks, T ...[0m
[31m- should be terminated normally *** FAILED *** (2 milliseconds)[0m
[31m  Please implement `pdaes2fs` (Implementaion.scala:33). (SpecBase.scala:146)[0m
[32mpdaes2fs(pda17).langByFinalStates.mustEqual(pda17.langByEmptyStacks, T ...[0m
[31m- should be terminated normally *** FAILED *** (3 milliseconds)[0m
[31m  Please implement `pdaes2fs` (Implementaion.scala:33). (SpecBase.scala:146)[0m
[32mpdaes2fs(pda18).langByFinalStates.mustEqual(pda18.langByEmptyStacks, T ...[0m
[31m- should be terminated normally *** FAILED *** (2 milliseconds)[0m
[31m  Please implement `pdaes2fs` (Implementaion.scala:33). (SpecBase.scala:146)[0m
[32mpdaes2fs(pda19).langByFinalStates.mustEqual(pda19.langByEmptyStacks, T ...[0m
[31m- should be terminated normally *** FAILED *** (1 millisecond)[0m
[31m  Please implement `pdaes2fs` (Implementaion.scala:33). (SpecBase.scala:146)[0m
[32mpdaes2fs(pda20).langByFinalStates.mustEqual(pda20.langByEmptyStacks, T ...[0m
[31m- should be terminated normally *** FAILED *** (1 millisecond)[0m
[31m  Please implement `pdaes2fs` (Implementaion.scala:33). (SpecBase.scala:146)[0m
[32mcfg2pdaes(cfg1).langByEmptyStacks.mustEqual(lang_an, TRIAL)[0m
[31m- should be terminated normally *** FAILED *** (2 milliseconds)[0m
[31m  Please implement `cfg2pdaes` (Implementaion.scala:36). (SpecBase.scala:146)[0m
[32mcfg2pdaes(cfg2).langByEmptyStacks.mustEqual(lang_an_bn, TRIAL)[0m
[31m- should be terminated normally *** FAILED *** (1 millisecond)[0m
[31m  Please implement `cfg2pdaes` (Implementaion.scala:36). (SpecBase.scala:146)[0m
[32mcfg2pdaes(cfg3).langByEmptyStacks.mustEqual(lang_an_b2n, TRIAL)[0m
[31m- should be terminated normally *** FAILED *** (2 milliseconds)[0m
[31m  Please implement `cfg2pdaes` (Implementaion.scala:36). (SpecBase.scala:146)[0m
[32mcfg2pdaes(cfg4).langByEmptyStacks.mustEqual(lang_w_wR, TRIAL)[0m
[31m- should be terminated normally *** FAILED *** (1 millisecond)[0m
[31m  Please implement `cfg2pdaes` (Implementaion.scala:36). (SpecBase.scala:146)[0m
[32mcfg2pdaes(cfg5).langByEmptyStacks.mustEqual(lang_na_eq_nb, TRIAL)[0m
[31m- should be terminated normally *** FAILED *** (3 milliseconds)[0m
[31m  Please implement `cfg2pdaes` (Implementaion.scala:36). (SpecBase.scala:146)[0m
[32mcfg2pdaes(cfg6).langByEmptyStacks.mustEqual(lang_a_eq_b_c, TRIAL)[0m
[31m- should be terminated normally *** FAILED *** (3 milliseconds)[0m
[31m  Please implement `cfg2pdaes` (Implementaion.scala:36). (SpecBase.scala:146)[0m
[32mcfg2pdaes(cfg7).langByEmptyStacks.mustEqual(lang_a2n1_b2n1, TRIAL)[0m
[31m- should be terminated normally *** FAILED *** (2 milliseconds)[0m
[31m  Please implement `cfg2pdaes` (Implementaion.scala:36). (SpecBase.scala:146)[0m
[32mcfg2pdaes(cfg8).langByEmptyStacks.mustEqual(lang_a2n_b2n, TRIAL)[0m
[31m- should be terminated normally *** FAILED *** (1 millisecond)[0m
[31m  Please implement `cfg2pdaes` (Implementaion.scala:36). (SpecBase.scala:146)[0m
[32mcfg2pdaes(cfg9).langByEmptyStacks.mustEqual(lang_bn_am_b2n, TRIAL)[0m
[31m- should be terminated normally *** FAILED *** (2 milliseconds)[0m
[31m  Please implement `cfg2pdaes` (Implementaion.scala:36). (SpecBase.scala:146)[0m
[32mcfg2pdaes(cfg10).langByEmptyStacks.mustEqual(lang_balanced, TRIAL)[0m
[31m- should be terminated normally *** FAILED *** (1 millisecond)[0m
[31m  Please implement `cfg2pdaes` (Implementaion.scala:36). (SpecBase.scala:146)[0m
[32mpdaes2cfg(pda11).lang.mustEqual(lang_an_bn, TRIAL)[0m
[32m- should be terminated normally (214 milliseconds)[0m
[32mpdaes2cfg(pda12).lang.mustEqual(lang_an_b2n, TRIAL)[0m
[32m- should be terminated normally (65 milliseconds)[0m
[32mpdaes2cfg(pda13).lang.mustEqual(lang_w_wR, TRIAL)[0m
[32m- should be terminated normally (380 milliseconds)[0m
[32mpdaes2cfg(pda14).lang.mustEqual(lang_na_eq_nb, TRIAL)[0m
[32m- should be terminated normally (105 milliseconds)[0m
[32mpdaes2cfg(pda15).lang.mustEqual(lang_na_neq_nb, TRIAL)[0m
[32m- should be terminated normally (330 milliseconds)[0m
[32mpdaes2cfg(pda16).lang.mustEqual(lang_not_w_w, TRIAL)[0m
[32m- should be terminated normally (2 seconds, 296 milliseconds)[0m
[32mpdaes2cfg(pda17).lang.mustEqual(lang_a2n1_b2n1, TRIAL)[0m
[32m- should be terminated normally (32 milliseconds)[0m
[32mpdaes2cfg(pda18).lang.mustEqual(lang_a2n_b2n, TRIAL)[0m
[32m- should be terminated normally (27 milliseconds)[0m
[32mpdaes2cfg(pda19).lang.mustEqual(lang_bn_am_b2n, TRIAL)[0m
[32m- should be terminated normally (94 milliseconds)[0m
[32mpdaes2cfg(pda20).lang.mustEqual(lang_balanced, TRIAL)[0m
[32m- should be terminated normally (12 milliseconds)[0m
[36mRun completed in 4 seconds, 33 milliseconds.[0m
[36mTotal number of tests run: 40[0m
[36mSuites: completed 1, aborted 0[0m
[36mTests: succeeded 10, failed 30, canceled 0, ignored 0, pending 0[0m
[31m*** 30 TESTS FAILED ***[0m
[31mSpec:[0m
[31mpdafs2es(pda1).langByEmptyStacks.mustEqual(pda1.langByFinalStates, TRI ... [0m
[31m- should be terminated normally *** FAILED *** (27 milliseconds)[0m
[31m  Please implement `pdafs2es` (Implementaion.scala:30). (SpecBase.scala:146)[0m
[31m  org.scalatest.exceptions.TestFailedException:[0m
[31m  at org.scalatest.Assertions.newAssertionFailedException(Assertions.scala:476)[0m
[31m  at org.scalatest.Assertions.newAssertionFailedException$(Assertions.scala:421)[0m
[31m  at org.scalatest.flatspec.AnyFlatSpec.newAssertionFailedException(AnyFlatSpec.scala:1685)[0m
[31m  at org.scalatest.Assertions.failImpl(Assertions.scala:1060)[0m
[31m  at org.scalatest.Assertions.org$scalatest$Assertions$$inline$failImpl(Assertions.scala:1056)[0m
[31m  at org.scalatest.Assertions.org$scalatest$Assertions$$inline$failImpl$(Assertions.scala:421)[0m
[31m  at org.scalatest.flatspec.AnyFlatSpec.org$scalatest$Assertions$$inline$failImpl(AnyFlatSpec.scala:1685)[0m
[31m  at kuplrg.SpecBase.failed(SpecBase.scala:146)[0m
[31m  at kuplrg.SpecBase.testFun$proxy1$1(SpecBase.scala:127)[0m
[31m  at kuplrg.SpecBase.newTest$$anonfun$1(SpecBase.scala:131)[0m
[31m  at org.scalatest.Transformer.apply$$anonfun$1(Transformer.scala:22)[0m
[31m  at org.scalatest.OutcomeOf.outcomeOf(OutcomeOf.scala:85)[0m
[31m  at org.scalatest.OutcomeOf.outcomeOf$(OutcomeOf.scala:31)[0m
[31m  at org.scalatest.OutcomeOf$.outcomeOf(OutcomeOf.scala:104)[0m
[31m  at org.scalatest.Transformer.apply(Transformer.scala:22)[0m
[31m  at org.scalatest.Transformer.apply(Transformer.scala:21)[0m
[31m  at org.scalatest.flatspec.AnyFlatSpecLike$$anon$5.apply(AnyFlatSpecLike.scala:1717)[0m
[31m  at org.scalatest.TestSuite.withFixture(TestSuite.scala:196)[0m
[31m  at org.scalatest.TestSuite.withFixture$(TestSuite.scala:138)[0m
[31m  at org.scalatest.flatspec.AnyFlatSpec.withFixture(AnyFlatSpec.scala:1685)[0m
[31m  at org.scalatest.flatspec.AnyFlatSpecLike.invokeWithFixture$1(AnyFlatSpecLike.scala:1723)[0m
[31m  at org.scalatest.flatspec.AnyFlatSpecLike.runTest$$anonfun$1(AnyFlatSpecLike.scala:1727)[0m
[31m  at org.scalatest.SuperEngine.runTestImpl(Engine.scala:306)[0m
[31m  at org.scalatest.flatspec.AnyFlatSpecLike.runTest(AnyFlatSpecLike.scala:1727)[0m
[31m  at org.scalatest.flatspec.AnyFlatSpecLike.runTest$(AnyFlatSpecLike.scala:51)[0m
[31m  at org.scalatest.flatspec.AnyFlatSpec.runTest(AnyFlatSpec.scala:1685)[0m
[31m  at org.scalatest.flatspec.AnyFlatSpecLike.runTests$$anonfun$1(AnyFlatSpecLike.scala:1785)[0m
[31m  at org.scalatest.SuperEngine.traverseSubNodes$1$$anonfun$1(Engine.scala:413)[0m
[31m  at scala.runtime.function.JProcedure1.apply(JProcedure1.java:15)[0m
[31m  at scala.runtime.function.JProcedure1.apply(JProcedure1.java:10)[0m
[31m  at scala.collection.immutable.List.foreach(List.scala:333)[0m
[31m  at org.scalatest.SuperEngine.traverseSubNodes$1(Engine.scala:429)[0m
[31m  at org.scalatest.SuperEngine.runTestsInBranch(Engine.scala:390)[0m
[31m  at org.scalatest.SuperEngine.traverseSubNodes$1$$anonfun$1(Engine.scala:427)[0m
[31m  at scala.runtime.function.JProcedure1.apply(JProcedure1.java:15)[0m
[31m  at scala.runtime.function.JProcedure1.apply(JProcedure1.java:10)[0m
[31m  at scala.collection.immutable.List.foreach(List.scala:333)[0m
[31m  at org.scalatest.SuperEngine.traverseSubNodes$1(Engine.scala:429)[0m
[31m  at org.scalatest.SuperEngine.runTestsInBranch(Engine.scala:396)[0m
[31m  at org.scalatest.SuperEngine.runTestsImpl(Engine.scala:475)[0m
[31m  at org.scalatest.flatspec.AnyFlatSpecLike.runTests(AnyFlatSpecLike.scala:1785)[0m
[31m  at org.scalatest.flatspec.AnyFlatSpecLike.runTests$(AnyFlatSpecLike.scala:51)[0m
[31m  at org.scalatest.flatspec.AnyFlatSpec.runTests(AnyFlatSpec.scala:1685)[0m
[31m  at org.scalatest.Suite.run(Suite.scala:1114)[0m
[31m  at org.scalatest.Suite.run$(Suite.scala:564)[0m
[31m  at org.scalatest.flatspec.AnyFlatSpec.org$scalatest$flatspec$AnyFlatSpecLike$$super$run(AnyFlatSpec.scala:1685)[0m
[31m  at org.scalatest.flatspec.AnyFlatSpecLike.run$$anonfun$1(AnyFlatSpecLike.scala:1830)[0m
[31m  at org.scalatest.SuperEngine.runImpl(Engine.scala:535)[0m
[31m  at org.scalatest.flatspec.AnyFlatSpecLike.run(AnyFlatSpecLike.scala:1830)[0m
[31m  at org.scalatest.flatspec.AnyFlatSpecLike.run$(AnyFlatSpecLike.scala:51)[0m
[31m  at kuplrg.Spec.org$scalatest$BeforeAndAfterAll$$super$run(Spec.scala:5)[0m
[31m  at org.scalatest.BeforeAndAfterAll.liftedTree1$1(BeforeAndAfterAll.scala:213)[0m
[31m  at org.scalatest.BeforeAndAfterAll.run(BeforeAndAfterAll.scala:217)[0m
[31m  at org.scalatest.BeforeAndAfterAll.run$(BeforeAndAfterAll.scala:135)[0m
[31m  at kuplrg.Spec.run(Spec.scala:5)[0m
[31m  at org.scalatest.tools.Framework.org$scalatest$tools$Framework$$runSuite(Framework.scala:321)[0m
[31m  at org.scalatest.tools.Framework$ScalaTestTask.execute(Framework.scala:517)[0m
[31m  at sbt.TestRunner.runTest$1(TestFramework.scala:153)[0m
[31m  at sbt.TestRunner.run(TestFramework.scala:168)[0m
[31m  at sbt.TestFramework$$anon$3$$anonfun$$lessinit$greater$1.$anonfun$apply$1(TestFramework.scala:336)[0m
[31m  at sbt.TestFramework$.sbt$TestFramework$$withContextLoader(TestFramework.scala:296)[0m
[31m  at sbt.TestFramework$$anon$3$$anonfun$$lessinit$greater$1.apply(TestFramework.scala:336)[0m
[31m  at sbt.TestFramework$$anon$3$$anonfun$$lessinit$greater$1.apply(TestFramework.scala:336)[0m
[31m  at sbt.TestFunction.apply(TestFramework.scala:348)[0m
[31m  at sbt.Tests$.$anonfun$toTask$1(Tests.scala:436)[0m
[31m  at sbt.std.Transform$$anon$3.$anonfun$apply$2(Transform.scala:47)[0m
[31m  at sbt.std.Transform$$anon$4.work(Transform.scala:69)[0m
[31m  at sbt.Execute.$anonfun$submit$2(Execute.scala:283)[0m
[31m  at sbt.internal.util.ErrorHandling$.wideConvert(ErrorHandling.scala:24)[0m
[31m  at sbt.Execute.work(Execute.scala:292)[0m
[31m  at sbt.Execute.$anonfun$submit$1(Execute.scala:283)[0m
[31m  at sbt.ConcurrentRestrictions$$anon$4.$anonfun$submitValid$1(ConcurrentRestrictions.scala:265)[0m
[31m  at sbt.CompletionService$$anon$2.call(CompletionService.scala:65)[0m
[31m  at java.base/java.util.concurrent.FutureTask.run(FutureTask.java:317)[0m
[31m  at java.base/java.util.concurrent.Executors$RunnableAdapter.call(Executors.java:572)[0m
[31m  at java.base/java.util.concurrent.FutureTask.run(FutureTask.java:317)[0m
[31m  at java.base/java.util.concurrent.ThreadPoolExecutor.runWorker(ThreadPoolExecutor.java:1144)[0m
[31m  at java.base/java.util.concurrent.ThreadPoolExecutor$Worker.run(ThreadPoolExecutor.java:642)[0m
[31m  at java.base/java.lang.Thread.run(Thread.java:1583)[0m
[31mSpec:[0m
[31mpdafs2es(pda2).langByEmptyStacks.mustEqual(pda2.langByFinalStates, TRI ... [0m
[31m- should be terminated normally *** FAILED *** (4 milliseconds)[0m
[31m  Please implement `pdafs2es` (Implementaion.scala:30). (SpecBase.scala:146)[0m
[31m  org.scalatest.exceptions.TestFailedException:[0m
[31m  at org.scalatest.Assertions.newAssertionFailedException(Assertions.scala:476)[0m
[31m  at org.scalatest.Assertions.newAssertionFailedException$(Assertions.scala:421)[0m
[31m  at org.scalatest.flatspec.AnyFlatSpec.newAssertionFailedException(AnyFlatSpec.scala:1685)[0m
[31m  at org.scalatest.Assertions.failImpl(Assertions.scala:1060)[0m
[31m  at org.scalatest.Assertions.org$scalatest$Assertions$$inline$failImpl(Assertions.scala:1056)[0m
[31m  at org.scalatest.Assertions.org$scalatest$Assertions$$inline$failImpl$(Assertions.scala:421)[0m
[31m  at org.scalatest.flatspec.AnyFlatSpec.org$scalatest$Assertions$$inline$failImpl(AnyFlatSpec.scala:1685)[0m
[31m  at kuplrg.SpecBase.failed(SpecBase.scala:146)[0m
[31m  at kuplrg.SpecBase.testFun$proxy1$1(SpecBase.scala:127)[0m
[31m  at kuplrg.SpecBase.newTest$$anonfun$1(SpecBase.scala:131)[0m
[31m  at org.scalatest.Transformer.apply$$anonfun$1(Transformer.scala:22)[0m
[31m  at org.scalatest.OutcomeOf.outcomeOf(OutcomeOf.scala:85)[0m
[31m  at org.scalatest.OutcomeOf.outcomeOf$(OutcomeOf.scala:31)[0m
[31m  at org.scalatest.OutcomeOf$.outcomeOf(OutcomeOf.scala:104)[0m
[31m  at org.scalatest.Transformer.apply(Transformer.scala:22)[0m
[31m  at org.scalatest.Transformer.apply(Transformer.scala:21)[0m
[31m  at org.scalatest.flatspec.AnyFlatSpecLike$$anon$5.apply(AnyFlatSpecLike.scala:1717)[0m
[31m  at org.scalatest.TestSuite.withFixture(TestSuite.scala:196)[0m
[31m  at org.scalatest.TestSuite.withFixture$(TestSuite.scala:138)[0m
[31m  at org.scalatest.flatspec.AnyFlatSpec.withFixture(AnyFlatSpec.scala:1685)[0m
[31m  at org.scalatest.flatspec.AnyFlatSpecLike.invokeWithFixture$1(AnyFlatSpecLike.scala:1723)[0m
[31m  at org.scalatest.flatspec.AnyFlatSpecLike.runTest$$anonfun$1(AnyFlatSpecLike.scala:1727)[0m
[31m  at org.scalatest.SuperEngine.runTestImpl(Engine.scala:306)[0m
[31m  at org.scalatest.flatspec.AnyFlatSpecLike.runTest(AnyFlatSpecLike.scala:1727)[0m
[31m  at org.scalatest.flatspec.AnyFlatSpecLike.runTest$(AnyFlatSpecLike.scala:51)[0m
[31m  at org.scalatest.flatspec.AnyFlatSpec.runTest(AnyFlatSpec.scala:1685)[0m
[31m  at org.scalatest.flatspec.AnyFlatSpecLike.runTests$$anonfun$1(AnyFlatSpecLike.scala:1785)[0m
[31m  at org.scalatest.SuperEngine.traverseSubNodes$1$$anonfun$1(Engine.scala:413)[0m
[31m  at scala.runtime.function.JProcedure1.apply(JProcedure1.java:15)[0m
[31m  at scala.runtime.function.JProcedure1.apply(JProcedure1.java:10)[0m
[31m  at scala.collection.immutable.List.foreach(List.scala:333)[0m
[31m  at org.scalatest.SuperEngine.traverseSubNodes$1(Engine.scala:429)[0m
[31m  at org.scalatest.SuperEngine.runTestsInBranch(Engine.scala:390)[0m
[31m  at org.scalatest.SuperEngine.traverseSubNodes$1$$anonfun$1(Engine.scala:427)[0m
[31m  at scala.runtime.function.JProcedure1.apply(JProcedure1.java:15)[0m
[31m  at scala.runtime.function.JProcedure1.apply(JProcedure1.java:10)[0m
[31m  at scala.collection.immutable.List.foreach(List.scala:333)[0m
[31m  at org.scalatest.SuperEngine.traverseSubNodes$1(Engine.scala:429)[0m
[31m  at org.scalatest.SuperEngine.runTestsInBranch(Engine.scala:396)[0m
[31m  at org.scalatest.SuperEngine.runTestsImpl(Engine.scala:475)[0m
[31m  at org.scalatest.flatspec.AnyFlatSpecLike.runTests(AnyFlatSpecLike.scala:1785)[0m
[31m  at org.scalatest.flatspec.AnyFlatSpecLike.runTests$(AnyFlatSpecLike.scala:51)[0m
[31m  at org.scalatest.flatspec.AnyFlatSpec.runTests(AnyFlatSpec.scala:1685)[0m
[31m  at org.scalatest.Suite.run(Suite.scala:1114)[0m
[31m  at org.scalatest.Suite.run$(Suite.scala:564)[0m
[31m  at org.scalatest.flatspec.AnyFlatSpec.org$scalatest$flatspec$AnyFlatSpecLike$$super$run(AnyFlatSpec.scala:1685)[0m
[31m  at org.scalatest.flatspec.AnyFlatSpecLike.run$$anonfun$1(AnyFlatSpecLike.scala:1830)[0m
[31m  at org.scalatest.SuperEngine.runImpl(Engine.scala:535)[0m
[31m  at org.scalatest.flatspec.AnyFlatSpecLike.run(AnyFlatSpecLike.scala:1830)[0m
[31m  at org.scalatest.flatspec.AnyFlatSpecLike.run$(AnyFlatSpecLike.scala:51)[0m
[31m  at kuplrg.Spec.org$scalatest$BeforeAndAfterAll$$super$run(Spec.scala:5)[0m
[31m  at org.scalatest.BeforeAndAfterAll.liftedTree1$1(BeforeAndAfterAll.scala:213)[0m
[31m  at org.scalatest.BeforeAndAfterAll.run(BeforeAndAfterAll.scala:217)[0m
[31m  at org.scalatest.BeforeAndAfterAll.run$(BeforeAndAfterAll.scala:135)[0m
[31m  at kuplrg.Spec.run(Spec.scala:5)[0m
[31m  at org.scalatest.tools.Framework.org$scalatest$tools$Framework$$runSuite(Framework.scala:321)[0m
[31m  at org.scalatest.tools.Framework$ScalaTestTask.execute(Framework.scala:517)[0m
[31m  at sbt.TestRunner.runTest$1(TestFramework.scala:153)[0m
[31m  at sbt.TestRunner.run(TestFramework.scala:168)[0m
[31m  at sbt.TestFramework$$anon$3$$anonfun$$lessinit$greater$1.$anonfun$apply$1(TestFramework.scala:336)[0m
[31m  at sbt.TestFramework$.sbt$TestFramework$$withContextLoader(TestFramework.scala:296)[0m
[31m  at sbt.TestFramework$$anon$3$$anonfun$$lessinit$greater$1.apply(TestFramework.scala:336)[0m
[31m  at sbt.TestFramework$$anon$3$$anonfun$$lessinit$greater$1.apply(TestFramework.scala:336)[0m
[31m  at sbt.TestFunction.apply(TestFramework.scala:348)[0m
[31m  at sbt.Tests$.$anonfun$toTask$1(Tests.scala:436)[0m
[31m  at sbt.std.Transform$$anon$3.$anonfun$apply$2(Transform.scala:47)[0m
[31m  at sbt.std.Transform$$anon$4.work(Transform.scala:69)[0m
[31m  at sbt.Execute.$anonfun$submit$2(Execute.scala:283)[0m
[31m  at sbt.internal.util.ErrorHandling$.wideConvert(ErrorHandling.scala:24)[0m
[31m  at sbt.Execute.work(Execute.scala:292)[0m
[31m  at sbt.Execute.$anonfun$submit$1(Execute.scala:283)[0m
[31m  at sbt.ConcurrentRestrictions$$anon$4.$anonfun$submitValid$1(ConcurrentRestrictions.scala:265)[0m
[31m  at sbt.CompletionService$$anon$2.call(CompletionService.scala:65)[0m
[31m  at java.base/java.util.concurrent.FutureTask.run(FutureTask.java:317)[0m
[31m  at java.base/java.util.concurrent.Executors$RunnableAdapter.call(Executors.java:572)[0m
[31m  at java.base/java.util.concurrent.FutureTask.run(FutureTask.java:317)[0m
[31m  at java.base/java.util.concurrent.ThreadPoolExecutor.runWorker(ThreadPoolExecutor.java:1144)[0m
[31m  at java.base/java.util.concurrent.ThreadPoolExecutor$Worker.run(ThreadPoolExecutor.java:642)[0m
[31m  at java.base/java.lang.Thread.run(Thread.java:1583)[0m
[31mSpec:[0m
[31mpdafs2es(pda3).langByEmptyStacks.mustEqual(pda3.langByFinalStates, TRI ... [0m
[31m- should be terminated normally *** FAILED *** (4 milliseconds)[0m
[31m  Please implement `pdafs2es` (Implementaion.scala:30). (SpecBase.scala:146)[0m
[31m  org.scalatest.exceptions.TestFailedException:[0m
[31m  at org.scalatest.Assertions.newAssertionFailedException(Assertions.scala:476)[0m
[31m  at org.scalatest.Assertions.newAssertionFailedException$(Assertions.scala:421)[0m
[31m  at org.scalatest.flatspec.AnyFlatSpec.newAssertionFailedException(AnyFlatSpec.scala:1685)[0m
[31m  at org.scalatest.Assertions.failImpl(Assertions.scala:1060)[0m
[31m  at org.scalatest.Assertions.org$scalatest$Assertions$$inline$failImpl(Assertions.scala:1056)[0m
[31m  at org.scalatest.Assertions.org$scalatest$Assertions$$inline$failImpl$(Assertions.scala:421)[0m
[31m  at org.scalatest.flatspec.AnyFlatSpec.org$scalatest$Assertions$$inline$failImpl(AnyFlatSpec.scala:1685)[0m
[31m  at kuplrg.SpecBase.failed(SpecBase.scala:146)[0m
[31m  at kuplrg.SpecBase.testFun$proxy1$1(SpecBase.scala:127)[0m
[31m  at kuplrg.SpecBase.newTest$$anonfun$1(SpecBase.scala:131)[0m
[31m  at org.scalatest.Transformer.apply$$anonfun$1(Transformer.scala:22)[0m
[31m  at org.scalatest.OutcomeOf.outcomeOf(OutcomeOf.scala:85)[0m
[31m  at org.scalatest.OutcomeOf.outcomeOf$(OutcomeOf.scala:31)[0m
[31m  at org.scalatest.OutcomeOf$.outcomeOf(OutcomeOf.scala:104)[0m
[31m  at org.scalatest.Transformer.apply(Transformer.scala:22)[0m
[31m  at org.scalatest.Transformer.apply(Transformer.scala:21)[0m
[31m  at org.scalatest.flatspec.AnyFlatSpecLike$$anon$5.apply(AnyFlatSpecLike.scala:1717)[0m
[31m  at org.scalatest.TestSuite.withFixture(TestSuite.scala:196)[0m
[31m  at org.scalatest.TestSuite.withFixture$(TestSuite.scala:138)[0m
[31m  at org.scalatest.flatspec.AnyFlatSpec.withFixture(AnyFlatSpec.scala:1685)[0m
[31m  at org.scalatest.flatspec.AnyFlatSpecLike.invokeWithFixture$1(AnyFlatSpecLike.scala:1723)[0m
[31m  at org.scalatest.flatspec.AnyFlatSpecLike.runTest$$anonfun$1(AnyFlatSpecLike.scala:1727)[0m
[31m  at org.scalatest.SuperEngine.runTestImpl(Engine.scala:306)[0m
[31m  at org.scalatest.flatspec.AnyFlatSpecLike.runTest(AnyFlatSpecLike.scala:1727)[0m
[31m  at org.scalatest.flatspec.AnyFlatSpecLike.runTest$(AnyFlatSpecLike.scala:51)[0m
[31m  at org.scalatest.flatspec.AnyFlatSpec.runTest(AnyFlatSpec.scala:1685)[0m
[31m  at org.scalatest.flatspec.AnyFlatSpecLike.runTests$$anonfun$1(AnyFlatSpecLike.scala:1785)[0m
[31m  at org.scalatest.SuperEngine.traverseSubNodes$1$$anonfun$1(Engine.scala:413)[0m
[31m  at scala.runtime.function.JProcedure1.apply(JProcedure1.java:15)[0m
[31m  at scala.runtime.function.JProcedure1.apply(JProcedure1.java:10)[0m
[31m  at scala.collection.immutable.List.foreach(List.scala:333)[0m
[31m  at org.scalatest.SuperEngine.traverseSubNodes$1(Engine.scala:429)[0m
[31m  at org.scalatest.SuperEngine.runTestsInBranch(Engine.scala:390)[0m
[31m  at org.scalatest.SuperEngine.traverseSubNodes$1$$anonfun$1(Engine.scala:427)[0m
[31m  at scala.runtime.function.JProcedure1.apply(JProcedure1.java:15)[0m
[31m  at scala.runtime.function.JProcedure1.apply(JProcedure1.java:10)[0m
[31m  at scala.collection.immutable.List.foreach(List.scala:333)[0m
[31m  at org.scalatest.SuperEngine.traverseSubNodes$1(Engine.scala:429)[0m
[31m  at org.scalatest.SuperEngine.runTestsInBranch(Engine.scala:396)[0m
[31m  at org.scalatest.SuperEngine.runTestsImpl(Engine.scala:475)[0m
[31m  at org.scalatest.flatspec.AnyFlatSpecLike.runTests(AnyFlatSpecLike.scala:1785)[0m
[31m  at org.scalatest.flatspec.AnyFlatSpecLike.runTests$(AnyFlatSpecLike.scala:51)[0m
[31m  at org.scalatest.flatspec.AnyFlatSpec.runTests(AnyFlatSpec.scala:1685)[0m
[31m  at org.scalatest.Suite.run(Suite.scala:1114)[0m
[31m  at org.scalatest.Suite.run$(Suite.scala:564)[0m
[31m  at org.scalatest.flatspec.AnyFlatSpec.org$scalatest$flatspec$AnyFlatSpecLike$$super$run(AnyFlatSpec.scala:1685)[0m
[31m  at org.scalatest.flatspec.AnyFlatSpecLike.run$$anonfun$1(AnyFlatSpecLike.scala:1830)[0m
[31m  at org.scalatest.SuperEngine.runImpl(Engine.scala:535)[0m
[31m  at org.scalatest.flatspec.AnyFlatSpecLike.run(AnyFlatSpecLike.scala:1830)[0m
[31m  at org.scalatest.flatspec.AnyFlatSpecLike.run$(AnyFlatSpecLike.scala:51)[0m
[31m  at kuplrg.Spec.org$scalatest$BeforeAndAfterAll$$super$run(Spec.scala:5)[0m
[31m  at org.scalatest.BeforeAndAfterAll.liftedTree1$1(BeforeAndAfterAll.scala:213)[0m
[31m  at org.scalatest.BeforeAndAfterAll.run(BeforeAndAfterAll.scala:217)[0m
[31m  at org.scalatest.BeforeAndAfterAll.run$(BeforeAndAfterAll.scala:135)[0m
[31m  at kuplrg.Spec.run(Spec.scala:5)[0m
[31m  at org.scalatest.tools.Framework.org$scalatest$tools$Framework$$runSuite(Framework.scala:321)[0m
[31m  at org.scalatest.tools.Framework$ScalaTestTask.execute(Framework.scala:517)[0m
[31m  at sbt.TestRunner.runTest$1(TestFramework.scala:153)[0m
[31m  at sbt.TestRunner.run(TestFramework.scala:168)[0m
[31m  at sbt.TestFramework$$anon$3$$anonfun$$lessinit$greater$1.$anonfun$apply$1(TestFramework.scala:336)[0m
[31m  at sbt.TestFramework$.sbt$TestFramework$$withContextLoader(TestFramework.scala:296)[0m
[31m  at sbt.TestFramework$$anon$3$$anonfun$$lessinit$greater$1.apply(TestFramework.scala:336)[0m
[31m  at sbt.TestFramework$$anon$3$$anonfun$$lessinit$greater$1.apply(TestFramework.scala:336)[0m
[31m  at sbt.TestFunction.apply(TestFramework.scala:348)[0m
[31m  at sbt.Tests$.$anonfun$toTask$1(Tests.scala:436)[0m
[31m  at sbt.std.Transform$$anon$3.$anonfun$apply$2(Transform.scala:47)[0m
[31m  at sbt.std.Transform$$anon$4.work(Transform.scala:69)[0m
[31m  at sbt.Execute.$anonfun$submit$2(Execute.scala:283)[0m
[31m  at sbt.internal.util.ErrorHandling$.wideConvert(ErrorHandling.scala:24)[0m
[31m  at sbt.Execute.work(Execute.scala:292)[0m
[31m  at sbt.Execute.$anonfun$submit$1(Execute.scala:283)[0m
[31m  at sbt.ConcurrentRestrictions$$anon$4.$anonfun$submitValid$1(ConcurrentRestrictions.scala:265)[0m
[31m  at sbt.CompletionService$$anon$2.call(CompletionService.scala:65)[0m
[31m  at java.base/java.util.concurrent.FutureTask.run(FutureTask.java:317)[0m
[31m  at java.base/java.util.concurrent.Executors$RunnableAdapter.call(Executors.java:572)[0m
[31m  at java.base/java.util.concurrent.FutureTask.run(FutureTask.java:317)[0m
[31m  at java.base/java.util.concurrent.ThreadPoolExecutor.runWorker(ThreadPoolExecutor.java:1144)[0m
[31m  at java.base/java.util.concurrent.ThreadPoolExecutor$Worker.run(ThreadPoolExecutor.java:642)[0m
[31m  at java.base/java.lang.Thread.run(Thread.java:1583)[0m
[31mSpec:[0m
[31mpdafs2es(pda4).langByEmptyStacks.mustEqual(pda4.langByFinalStates, TRI ... [0m
[31m- should be terminated normally *** FAILED *** (2 milliseconds)[0m
[31m  Please implement `pdafs2es` (Implementaion.scala:30). (SpecBase.scala:146)[0m
[31m  org.scalatest.exceptions.TestFailedException:[0m
[31m  at org.scalatest.Assertions.newAssertionFailedException(Assertions.scala:476)[0m
[31m  at org.scalatest.Assertions.newAssertionFailedException$(Assertions.scala:421)[0m
[31m  at org.scalatest.flatspec.AnyFlatSpec.newAssertionFailedException(AnyFlatSpec.scala:1685)[0m
[31m  at org.scalatest.Assertions.failImpl(Assertions.scala:1060)[0m
[31m  at org.scalatest.Assertions.org$scalatest$Assertions$$inline$failImpl(Assertions.scala:1056)[0m
[31m  at org.scalatest.Assertions.org$scalatest$Assertions$$inline$failImpl$(Assertions.scala:421)[0m
[31m  at org.scalatest.flatspec.AnyFlatSpec.org$scalatest$Assertions$$inline$failImpl(AnyFlatSpec.scala:1685)[0m
[31m  at kuplrg.SpecBase.failed(SpecBase.scala:146)[0m
[31m  at kuplrg.SpecBase.testFun$proxy1$1(SpecBase.scala:127)[0m
[31m  at kuplrg.SpecBase.newTest$$anonfun$1(SpecBase.scala:131)[0m
[31m  at org.scalatest.Transformer.apply$$anonfun$1(Transformer.scala:22)[0m
[31m  at org.scalatest.OutcomeOf.outcomeOf(OutcomeOf.scala:85)[0m
[31m  at org.scalatest.OutcomeOf.outcomeOf$(OutcomeOf.scala:31)[0m
[31m  at org.scalatest.OutcomeOf$.outcomeOf(OutcomeOf.scala:104)[0m
[31m  at org.scalatest.Transformer.apply(Transformer.scala:22)[0m
[31m  at org.scalatest.Transformer.apply(Transformer.scala:21)[0m
[31m  at org.scalatest.flatspec.AnyFlatSpecLike$$anon$5.apply(AnyFlatSpecLike.scala:1717)[0m
[31m  at org.scalatest.TestSuite.withFixture(TestSuite.scala:196)[0m
[31m  at org.scalatest.TestSuite.withFixture$(TestSuite.scala:138)[0m
[31m  at org.scalatest.flatspec.AnyFlatSpec.withFixture(AnyFlatSpec.scala:1685)[0m
[31m  at org.scalatest.flatspec.AnyFlatSpecLike.invokeWithFixture$1(AnyFlatSpecLike.scala:1723)[0m
[31m  at org.scalatest.flatspec.AnyFlatSpecLike.runTest$$anonfun$1(AnyFlatSpecLike.scala:1727)[0m
[31m  at org.scalatest.SuperEngine.runTestImpl(Engine.scala:306)[0m
[31m  at org.scalatest.flatspec.AnyFlatSpecLike.runTest(AnyFlatSpecLike.scala:1727)[0m
[31m  at org.scalatest.flatspec.AnyFlatSpecLike.runTest$(AnyFlatSpecLike.scala:51)[0m
[31m  at org.scalatest.flatspec.AnyFlatSpec.runTest(AnyFlatSpec.scala:1685)[0m
[31m  at org.scalatest.flatspec.AnyFlatSpecLike.runTests$$anonfun$1(AnyFlatSpecLike.scala:1785)[0m
[31m  at org.scalatest.SuperEngine.traverseSubNodes$1$$anonfun$1(Engine.scala:413)[0m
[31m  at scala.runtime.function.JProcedure1.apply(JProcedure1.java:15)[0m
[31m  at scala.runtime.function.JProcedure1.apply(JProcedure1.java:10)[0m
[31m  at scala.collection.immutable.List.foreach(List.scala:333)[0m
[31m  at org.scalatest.SuperEngine.traverseSubNodes$1(Engine.scala:429)[0m
[31m  at org.scalatest.SuperEngine.runTestsInBranch(Engine.scala:390)[0m
[31m  at org.scalatest.SuperEngine.traverseSubNodes$1$$anonfun$1(Engine.scala:427)[0m
[31m  at scala.runtime.function.JProcedure1.apply(JProcedure1.java:15)[0m
[31m  at scala.runtime.function.JProcedure1.apply(JProcedure1.java:10)[0m
[31m  at scala.collection.immutable.List.foreach(List.scala:333)[0m
[31m  at org.scalatest.SuperEngine.traverseSubNodes$1(Engine.scala:429)[0m
[31m  at org.scalatest.SuperEngine.runTestsInBranch(Engine.scala:396)[0m
[31m  at org.scalatest.SuperEngine.runTestsImpl(Engine.scala:475)[0m
[31m  at org.scalatest.flatspec.AnyFlatSpecLike.runTests(AnyFlatSpecLike.scala:1785)[0m
[31m  at org.scalatest.flatspec.AnyFlatSpecLike.runTests$(AnyFlatSpecLike.scala:51)[0m
[31m  at org.scalatest.flatspec.AnyFlatSpec.runTests(AnyFlatSpec.scala:1685)[0m
[31m  at org.scalatest.Suite.run(Suite.scala:1114)[0m
[31m  at org.scalatest.Suite.run$(Suite.scala:564)[0m
[31m  at org.scalatest.flatspec.AnyFlatSpec.org$scalatest$flatspec$AnyFlatSpecLike$$super$run(AnyFlatSpec.scala:1685)[0m
[31m  at org.scalatest.flatspec.AnyFlatSpecLike.run$$anonfun$1(AnyFlatSpecLike.scala:1830)[0m
[31m  at org.scalatest.SuperEngine.runImpl(Engine.scala:535)[0m
[31m  at org.scalatest.flatspec.AnyFlatSpecLike.run(AnyFlatSpecLike.scala:1830)[0m
[31m  at org.scalatest.flatspec.AnyFlatSpecLike.run$(AnyFlatSpecLike.scala:51)[0m
[31m  at kuplrg.Spec.org$scalatest$BeforeAndAfterAll$$super$run(Spec.scala:5)[0m
[31m  at org.scalatest.BeforeAndAfterAll.liftedTree1$1(BeforeAndAfterAll.scala:213)[0m
[31m  at org.scalatest.BeforeAndAfterAll.run(BeforeAndAfterAll.scala:217)[0m
[31m  at org.scalatest.BeforeAndAfterAll.run$(BeforeAndAfterAll.scala:135)[0m
[31m  at kuplrg.Spec.run(Spec.scala:5)[0m
[31m  at org.scalatest.tools.Framework.org$scalatest$tools$Framework$$runSuite(Framework.scala:321)[0m
[31m  at org.scalatest.tools.Framework$ScalaTestTask.execute(Framework.scala:517)[0m
[31m  at sbt.TestRunner.runTest$1(TestFramework.scala:153)[0m
[31m  at sbt.TestRunner.run(TestFramework.scala:168)[0m
[31m  at sbt.TestFramework$$anon$3$$anonfun$$lessinit$greater$1.$anonfun$apply$1(TestFramework.scala:336)[0m
[31m  at sbt.TestFramework$.sbt$TestFramework$$withContextLoader(TestFramework.scala:296)[0m
[31m  at sbt.TestFramework$$anon$3$$anonfun$$lessinit$greater$1.apply(TestFramework.scala:336)[0m
[31m  at sbt.TestFramework$$anon$3$$anonfun$$lessinit$greater$1.apply(TestFramework.scala:336)[0m
[31m  at sbt.TestFunction.apply(TestFramework.scala:348)[0m
[31m  at sbt.Tests$.$anonfun$toTask$1(Tests.scala:436)[0m
[31m  at sbt.std.Transform$$anon$3.$anonfun$apply$2(Transform.scala:47)[0m
[31m  at sbt.std.Transform$$anon$4.work(Transform.scala:69)[0m
[31m  at sbt.Execute.$anonfun$submit$2(Execute.scala:283)[0m
[31m  at sbt.internal.util.ErrorHandling$.wideConvert(ErrorHandling.scala:24)[0m
[31m  at sbt.Execute.work(Execute.scala:292)[0m
[31m  at sbt.Execute.$anonfun$submit$1(Execute.scala:283)[0m
[31m  at sbt.ConcurrentRestrictions$$anon$4.$anonfun$submitValid$1(ConcurrentRestrictions.scala:265)[0m
[31m  at sbt.CompletionService$$anon$2.call(CompletionService.scala:65)[0m
[31m  at java.base/java.util.concurrent.FutureTask.run(FutureTask.java:317)[0m
[31m  at java.base/java.util.concurrent.Executors$RunnableAdapter.call(Executors.java:572)[0m
[31m  at java.base/java.util.concurrent.FutureTask.run(FutureTask.java:317)[0m
[31m  at java.base/java.util.concurrent.ThreadPoolExecutor.runWorker(ThreadPoolExecutor.java:1144)[0m
[31m  at java.base/java.util.concurrent.ThreadPoolExecutor$Worker.run(ThreadPoolExecutor.java:642)[0m
[31m  at java.base/java.lang.Thread.run(Thread.java:1583)[0m
[31mSpec:[0m
[31mpdafs2es(pda5).langByEmptyStacks.mustEqual(pda5.langByFinalStates, TRI ... [0m
[31m- should be terminated normally *** FAILED *** (2 milliseconds)[0m
[31m  Please implement `pdafs2es` (Implementaion.scala:30). (SpecBase.scala:146)[0m
[31m  org.scalatest.exceptions.TestFailedException:[0m
[31m  at org.scalatest.Assertions.newAssertionFailedException(Assertions.scala:476)[0m
[31m  at org.scalatest.Assertions.newAssertionFailedException$(Assertions.scala:421)[0m
[31m  at org.scalatest.flatspec.AnyFlatSpec.newAssertionFailedException(AnyFlatSpec.scala:1685)[0m
[31m  at org.scalatest.Assertions.failImpl(Assertions.scala:1060)[0m
[31m  at org.scalatest.Assertions.org$scalatest$Assertions$$inline$failImpl(Assertions.scala:1056)[0m
[31m  at org.scalatest.Assertions.org$scalatest$Assertions$$inline$failImpl$(Assertions.scala:421)[0m
[31m  at org.scalatest.flatspec.AnyFlatSpec.org$scalatest$Assertions$$inline$failImpl(AnyFlatSpec.scala:1685)[0m
[31m  at kuplrg.SpecBase.failed(SpecBase.scala:146)[0m
[31m  at kuplrg.SpecBase.testFun$proxy1$1(SpecBase.scala:127)[0m
[31m  at kuplrg.SpecBase.newTest$$anonfun$1(SpecBase.scala:131)[0m
[31m  at org.scalatest.Transformer.apply$$anonfun$1(Transformer.scala:22)[0m
[31m  at org.scalatest.OutcomeOf.outcomeOf(OutcomeOf.scala:85)[0m
[31m  at org.scalatest.OutcomeOf.outcomeOf$(OutcomeOf.scala:31)[0m
[31m  at org.scalatest.OutcomeOf$.outcomeOf(OutcomeOf.scala:104)[0m
[31m  at org.scalatest.Transformer.apply(Transformer.scala:22)[0m
[31m  at org.scalatest.Transformer.apply(Transformer.scala:21)[0m
[31m  at org.scalatest.flatspec.AnyFlatSpecLike$$anon$5.apply(AnyFlatSpecLike.scala:1717)[0m
[31m  at org.scalatest.TestSuite.withFixture(TestSuite.scala:196)[0m
[31m  at org.scalatest.TestSuite.withFixture$(TestSuite.scala:138)[0m
[31m  at org.scalatest.flatspec.AnyFlatSpec.withFixture(AnyFlatSpec.scala:1685)[0m
[31m  at org.scalatest.flatspec.AnyFlatSpecLike.invokeWithFixture$1(AnyFlatSpecLike.scala:1723)[0m
[31m  at org.scalatest.flatspec.AnyFlatSpecLike.runTest$$anonfun$1(AnyFlatSpecLike.scala:1727)[0m
[31m  at org.scalatest.SuperEngine.runTestImpl(Engine.scala:306)[0m
[31m  at org.scalatest.flatspec.AnyFlatSpecLike.runTest(AnyFlatSpecLike.scala:1727)[0m
[31m  at org.scalatest.flatspec.AnyFlatSpecLike.runTest$(AnyFlatSpecLike.scala:51)[0m
[31m  at org.scalatest.flatspec.AnyFlatSpec.runTest(AnyFlatSpec.scala:1685)[0m
[31m  at org.scalatest.flatspec.AnyFlatSpecLike.runTests$$anonfun$1(AnyFlatSpecLike.scala:1785)[0m
[31m  at org.scalatest.SuperEngine.traverseSubNodes$1$$anonfun$1(Engine.scala:413)[0m
[31m  at scala.runtime.function.JProcedure1.apply(JProcedure1.java:15)[0m
[31m  at scala.runtime.function.JProcedure1.apply(JProcedure1.java:10)[0m
[31m  at scala.collection.immutable.List.foreach(List.scala:333)[0m
[31m  at org.scalatest.SuperEngine.traverseSubNodes$1(Engine.scala:429)[0m
[31m  at org.scalatest.SuperEngine.runTestsInBranch(Engine.scala:390)[0m
[31m  at org.scalatest.SuperEngine.traverseSubNodes$1$$anonfun$1(Engine.scala:427)[0m
[31m  at scala.runtime.function.JProcedure1.apply(JProcedure1.java:15)[0m
[31m  at scala.runtime.function.JProcedure1.apply(JProcedure1.java:10)[0m
[31m  at scala.collection.immutable.List.foreach(List.scala:333)[0m
[31m  at org.scalatest.SuperEngine.traverseSubNodes$1(Engine.scala:429)[0m
[31m  at org.scalatest.SuperEngine.runTestsInBranch(Engine.scala:396)[0m
[31m  at org.scalatest.SuperEngine.runTestsImpl(Engine.scala:475)[0m
[31m  at org.scalatest.flatspec.AnyFlatSpecLike.runTests(AnyFlatSpecLike.scala:1785)[0m
[31m  at org.scalatest.flatspec.AnyFlatSpecLike.runTests$(AnyFlatSpecLike.scala:51)[0m
[31m  at org.scalatest.flatspec.AnyFlatSpec.runTests(AnyFlatSpec.scala:1685)[0m
[31m  at org.scalatest.Suite.run(Suite.scala:1114)[0m
[31m  at org.scalatest.Suite.run$(Suite.scala:564)[0m
[31m  at org.scalatest.flatspec.AnyFlatSpec.org$scalatest$flatspec$AnyFlatSpecLike$$super$run(AnyFlatSpec.scala:1685)[0m
[31m  at org.scalatest.flatspec.AnyFlatSpecLike.run$$anonfun$1(AnyFlatSpecLike.scala:1830)[0m
[31m  at org.scalatest.SuperEngine.runImpl(Engine.scala:535)[0m
[31m  at org.scalatest.flatspec.AnyFlatSpecLike.run(AnyFlatSpecLike.scala:1830)[0m
[31m  at org.scalatest.flatspec.AnyFlatSpecLike.run$(AnyFlatSpecLike.scala:51)[0m
[31m  at kuplrg.Spec.org$scalatest$BeforeAndAfterAll$$super$run(Spec.scala:5)[0m
[31m  at org.scalatest.BeforeAndAfterAll.liftedTree1$1(BeforeAndAfterAll.scala:213)[0m
[31m  at org.scalatest.BeforeAndAfterAll.run(BeforeAndAfterAll.scala:217)[0m
[31m  at org.scalatest.BeforeAndAfterAll.run$(BeforeAndAfterAll.scala:135)[0m
[31m  at kuplrg.Spec.run(Spec.scala:5)[0m
[31m  at org.scalatest.tools.Framework.org$scalatest$tools$Framework$$runSuite(Framework.scala:321)[0m
[31m  at org.scalatest.tools.Framework$ScalaTestTask.execute(Framework.scala:517)[0m
[31m  at sbt.TestRunner.runTest$1(TestFramework.scala:153)[0m
[31m  at sbt.TestRunner.run(TestFramework.scala:168)[0m
[31m  at sbt.TestFramework$$anon$3$$anonfun$$lessinit$greater$1.$anonfun$apply$1(TestFramework.scala:336)[0m
[31m  at sbt.TestFramework$.sbt$TestFramework$$withContextLoader(TestFramework.scala:296)[0m
[31m  at sbt.TestFramework$$anon$3$$anonfun$$lessinit$greater$1.apply(TestFramework.scala:336)[0m
[31m  at sbt.TestFramework$$anon$3$$anonfun$$lessinit$greater$1.apply(TestFramework.scala:336)[0m
[31m  at sbt.TestFunction.apply(TestFramework.scala:348)[0m
[31m  at sbt.Tests$.$anonfun$toTask$1(Tests.scala:436)[0m
[31m  at sbt.std.Transform$$anon$3.$anonfun$apply$2(Transform.scala:47)[0m
[31m  at sbt.std.Transform$$anon$4.work(Transform.scala:69)[0m
[31m  at sbt.Execute.$anonfun$submit$2(Execute.scala:283)[0m
[31m  at sbt.internal.util.ErrorHandling$.wideConvert(ErrorHandling.scala:24)[0m
[31m  at sbt.Execute.work(Execute.scala:292)[0m
[31m  at sbt.Execute.$anonfun$submit$1(Execute.scala:283)[0m
[31m  at sbt.ConcurrentRestrictions$$anon$4.$anonfun$submitValid$1(ConcurrentRestrictions.scala:265)[0m
[31m  at sbt.CompletionService$$anon$2.call(CompletionService.scala:65)[0m
[31m  at java.base/java.util.concurrent.FutureTask.run(FutureTask.java:317)[0m
[31m  at java.base/java.util.concurrent.Executors$RunnableAdapter.call(Executors.java:572)[0m
[31m  at java.base/java.util.concurrent.FutureTask.run(FutureTask.java:317)[0m
[31m  at java.base/java.util.concurrent.ThreadPoolExecutor.runWorker(ThreadPoolExecutor.java:1144)[0m
[31m  at java.base/java.util.concurrent.ThreadPoolExecutor$Worker.run(ThreadPoolExecutor.java:642)[0m
[31m  at java.base/java.lang.Thread.run(Thread.java:1583)[0m
[31mSpec:[0m
[31mpdafs2es(pda6).langByEmptyStacks.mustEqual(pda6.langByFinalStates, TRI ... [0m
[31m- should be terminated normally *** FAILED *** (3 milliseconds)[0m
[31m  Please implement `pdafs2es` (Implementaion.scala:30). (SpecBase.scala:146)[0m
[31m  org.scalatest.exceptions.TestFailedException:[0m
[31m  at org.scalatest.Assertions.newAssertionFailedException(Assertions.scala:476)[0m
[31m  at org.scalatest.Assertions.newAssertionFailedException$(Assertions.scala:421)[0m
[31m  at org.scalatest.flatspec.AnyFlatSpec.newAssertionFailedException(AnyFlatSpec.scala:1685)[0m
[31m  at org.scalatest.Assertions.failImpl(Assertions.scala:1060)[0m
[31m  at org.scalatest.Assertions.org$scalatest$Assertions$$inline$failImpl(Assertions.scala:1056)[0m
[31m  at org.scalatest.Assertions.org$scalatest$Assertions$$inline$failImpl$(Assertions.scala:421)[0m
[31m  at org.scalatest.flatspec.AnyFlatSpec.org$scalatest$Assertions$$inline$failImpl(AnyFlatSpec.scala:1685)[0m
[31m  at kuplrg.SpecBase.failed(SpecBase.scala:146)[0m
[31m  at kuplrg.SpecBase.testFun$proxy1$1(SpecBase.scala:127)[0m
[31m  at kuplrg.SpecBase.newTest$$anonfun$1(SpecBase.scala:131)[0m
[31m  at org.scalatest.Transformer.apply$$anonfun$1(Transformer.scala:22)[0m
[31m  at org.scalatest.OutcomeOf.outcomeOf(OutcomeOf.scala:85)[0m
[31m  at org.scalatest.OutcomeOf.outcomeOf$(OutcomeOf.scala:31)[0m
[31m  at org.scalatest.OutcomeOf$.outcomeOf(OutcomeOf.scala:104)[0m
[31m  at org.scalatest.Transformer.apply(Transformer.scala:22)[0m
[31m  at org.scalatest.Transformer.apply(Transformer.scala:21)[0m
[31m  at org.scalatest.flatspec.AnyFlatSpecLike$$anon$5.apply(AnyFlatSpecLike.scala:1717)[0m
[31m  at org.scalatest.TestSuite.withFixture(TestSuite.scala:196)[0m
[31m  at org.scalatest.TestSuite.withFixture$(TestSuite.scala:138)[0m
[31m  at org.scalatest.flatspec.AnyFlatSpec.withFixture(AnyFlatSpec.scala:1685)[0m
[31m  at org.scalatest.flatspec.AnyFlatSpecLike.invokeWithFixture$1(AnyFlatSpecLike.scala:1723)[0m
[31m  at org.scalatest.flatspec.AnyFlatSpecLike.runTest$$anonfun$1(AnyFlatSpecLike.scala:1727)[0m
[31m  at org.scalatest.SuperEngine.runTestImpl(Engine.scala:306)[0m
[31m  at org.scalatest.flatspec.AnyFlatSpecLike.runTest(AnyFlatSpecLike.scala:1727)[0m
[31m  at org.scalatest.flatspec.AnyFlatSpecLike.runTest$(AnyFlatSpecLike.scala:51)[0m
[31m  at org.scalatest.flatspec.AnyFlatSpec.runTest(AnyFlatSpec.scala:1685)[0m
[31m  at org.scalatest.flatspec.AnyFlatSpecLike.runTests$$anonfun$1(AnyFlatSpecLike.scala:1785)[0m
[31m  at org.scalatest.SuperEngine.traverseSubNodes$1$$anonfun$1(Engine.scala:413)[0m
[31m  at scala.runtime.function.JProcedure1.apply(JProcedure1.java:15)[0m
[31m  at scala.runtime.function.JProcedure1.apply(JProcedure1.java:10)[0m
[31m  at scala.collection.immutable.List.foreach(List.scala:333)[0m
[31m  at org.scalatest.SuperEngine.traverseSubNodes$1(Engine.scala:429)[0m
[31m  at org.scalatest.SuperEngine.runTestsInBranch(Engine.scala:390)[0m
[31m  at org.scalatest.SuperEngine.traverseSubNodes$1$$anonfun$1(Engine.scala:427)[0m
[31m  at scala.runtime.function.JProcedure1.apply(JProcedure1.java:15)[0m
[31m  at scala.runtime.function.JProcedure1.apply(JProcedure1.java:10)[0m
[31m  at scala.collection.immutable.List.foreach(List.scala:333)[0m
[31m  at org.scalatest.SuperEngine.traverseSubNodes$1(Engine.scala:429)[0m
[31m  at org.scalatest.SuperEngine.runTestsInBranch(Engine.scala:396)[0m
[31m  at org.scalatest.SuperEngine.runTestsImpl(Engine.scala:475)[0m
[31m  at org.scalatest.flatspec.AnyFlatSpecLike.runTests(AnyFlatSpecLike.scala:1785)[0m
[31m  at org.scalatest.flatspec.AnyFlatSpecLike.runTests$(AnyFlatSpecLike.scala:51)[0m
[31m  at org.scalatest.flatspec.AnyFlatSpec.runTests(AnyFlatSpec.scala:1685)[0m
[31m  at org.scalatest.Suite.run(Suite.scala:1114)[0m
[31m  at org.scalatest.Suite.run$(Suite.scala:564)[0m
[31m  at org.scalatest.flatspec.AnyFlatSpec.org$scalatest$flatspec$AnyFlatSpecLike$$super$run(AnyFlatSpec.scala:1685)[0m
[31m  at org.scalatest.flatspec.AnyFlatSpecLike.run$$anonfun$1(AnyFlatSpecLike.scala:1830)[0m
[31m  at org.scalatest.SuperEngine.runImpl(Engine.scala:535)[0m
[31m  at org.scalatest.flatspec.AnyFlatSpecLike.run(AnyFlatSpecLike.scala:1830)[0m
[31m  at org.scalatest.flatspec.AnyFlatSpecLike.run$(AnyFlatSpecLike.scala:51)[0m
[31m  at kuplrg.Spec.org$scalatest$BeforeAndAfterAll$$super$run(Spec.scala:5)[0m
[31m  at org.scalatest.BeforeAndAfterAll.liftedTree1$1(BeforeAndAfterAll.scala:213)[0m
[31m  at org.scalatest.BeforeAndAfterAll.run(BeforeAndAfterAll.scala:217)[0m
[31m  at org.scalatest.BeforeAndAfterAll.run$(BeforeAndAfterAll.scala:135)[0m
[31m  at kuplrg.Spec.run(Spec.scala:5)[0m
[31m  at org.scalatest.tools.Framework.org$scalatest$tools$Framework$$runSuite(Framework.scala:321)[0m
[31m  at org.scalatest.tools.Framework$ScalaTestTask.execute(Framework.scala:517)[0m
[31m  at sbt.TestRunner.runTest$1(TestFramework.scala:153)[0m
[31m  at sbt.TestRunner.run(TestFramework.scala:168)[0m
[31m  at sbt.TestFramework$$anon$3$$anonfun$$lessinit$greater$1.$anonfun$apply$1(TestFramework.scala:336)[0m
[31m  at sbt.TestFramework$.sbt$TestFramework$$withContextLoader(TestFramework.scala:296)[0m
[31m  at sbt.TestFramework$$anon$3$$anonfun$$lessinit$greater$1.apply(TestFramework.scala:336)[0m
[31m  at sbt.TestFramework$$anon$3$$anonfun$$lessinit$greater$1.apply(TestFramework.scala:336)[0m
[31m  at sbt.TestFunction.apply(TestFramework.scala:348)[0m
[31m  at sbt.Tests$.$anonfun$toTask$1(Tests.scala:436)[0m
[31m  at sbt.std.Transform$$anon$3.$anonfun$apply$2(Transform.scala:47)[0m
[31m  at sbt.std.Transform$$anon$4.work(Transform.scala:69)[0m
[31m  at sbt.Execute.$anonfun$submit$2(Execute.scala:283)[0m
[31m  at sbt.internal.util.ErrorHandling$.wideConvert(ErrorHandling.scala:24)[0m
[31m  at sbt.Execute.work(Execute.scala:292)[0m
[31m  at sbt.Execute.$anonfun$submit$1(Execute.scala:283)[0m
[31m  at sbt.ConcurrentRestrictions$$anon$4.$anonfun$submitValid$1(ConcurrentRestrictions.scala:265)[0m
[31m  at sbt.CompletionService$$anon$2.call(CompletionService.scala:65)[0m
[31m  at java.base/java.util.concurrent.FutureTask.run(FutureTask.java:317)[0m
[31m  at java.base/java.util.concurrent.Executors$RunnableAdapter.call(Executors.java:572)[0m
[31m  at java.base/java.util.concurrent.FutureTask.run(FutureTask.java:317)[0m
[31m  at java.base/java.util.concurrent.ThreadPoolExecutor.runWorker(ThreadPoolExecutor.java:1144)[0m
[31m  at java.base/java.util.concurrent.ThreadPoolExecutor$Worker.run(ThreadPoolExecutor.java:642)[0m
[31m  at java.base/java.lang.Thread.run(Thread.java:1583)[0m
[31mSpec:[0m
[31mpdafs2es(pda7).langByEmptyStacks.mustEqual(pda7.langByFinalStates, TRI ... [0m
[31m- should be terminated normally *** FAILED *** (1 millisecond)[0m
[31m  Please implement `pdafs2es` (Implementaion.scala:30). (SpecBase.scala:146)[0m
[31m  org.scalatest.exceptions.TestFailedException:[0m
[31m  at org.scalatest.Assertions.newAssertionFailedException(Assertions.scala:476)[0m
[31m  at org.scalatest.Assertions.newAssertionFailedException$(Assertions.scala:421)[0m
[31m  at org.scalatest.flatspec.AnyFlatSpec.newAssertionFailedException(AnyFlatSpec.scala:1685)[0m
[31m  at org.scalatest.Assertions.failImpl(Assertions.scala:1060)[0m
[31m  at org.scalatest.Assertions.org$scalatest$Assertions$$inline$failImpl(Assertions.scala:1056)[0m
[31m  at org.scalatest.Assertions.org$scalatest$Assertions$$inline$failImpl$(Assertions.scala:421)[0m
[31m  at org.scalatest.flatspec.AnyFlatSpec.org$scalatest$Assertions$$inline$failImpl(AnyFlatSpec.scala:1685)[0m
[31m  at kuplrg.SpecBase.failed(SpecBase.scala:146)[0m
[31m  at kuplrg.SpecBase.testFun$proxy1$1(SpecBase.scala:127)[0m
[31m  at kuplrg.SpecBase.newTest$$anonfun$1(SpecBase.scala:131)[0m
[31m  at org.scalatest.Transformer.apply$$anonfun$1(Transformer.scala:22)[0m
[31m  at org.scalatest.OutcomeOf.outcomeOf(OutcomeOf.scala:85)[0m
[31m  at org.scalatest.OutcomeOf.outcomeOf$(OutcomeOf.scala:31)[0m
[31m  at org.scalatest.OutcomeOf$.outcomeOf(OutcomeOf.scala:104)[0m
[31m  at org.scalatest.Transformer.apply(Transformer.scala:22)[0m
[31m  at org.scalatest.Transformer.apply(Transformer.scala:21)[0m
[31m  at org.scalatest.flatspec.AnyFlatSpecLike$$anon$5.apply(AnyFlatSpecLike.scala:1717)[0m
[31m  at org.scalatest.TestSuite.withFixture(TestSuite.scala:196)[0m
[31m  at org.scalatest.TestSuite.withFixture$(TestSuite.scala:138)[0m
[31m  at org.scalatest.flatspec.AnyFlatSpec.withFixture(AnyFlatSpec.scala:1685)[0m
[31m  at org.scalatest.flatspec.AnyFlatSpecLike.invokeWithFixture$1(AnyFlatSpecLike.scala:1723)[0m
[31m  at org.scalatest.flatspec.AnyFlatSpecLike.runTest$$anonfun$1(AnyFlatSpecLike.scala:1727)[0m
[31m  at org.scalatest.SuperEngine.runTestImpl(Engine.scala:306)[0m
[31m  at org.scalatest.flatspec.AnyFlatSpecLike.runTest(AnyFlatSpecLike.scala:1727)[0m
[31m  at org.scalatest.flatspec.AnyFlatSpecLike.runTest$(AnyFlatSpecLike.scala:51)[0m
[31m  at org.scalatest.flatspec.AnyFlatSpec.runTest(AnyFlatSpec.scala:1685)[0m
[31m  at org.scalatest.flatspec.AnyFlatSpecLike.runTests$$anonfun$1(AnyFlatSpecLike.scala:1785)[0m
[31m  at org.scalatest.SuperEngine.traverseSubNodes$1$$anonfun$1(Engine.scala:413)[0m
[31m  at scala.runtime.function.JProcedure1.apply(JProcedure1.java:15)[0m
[31m  at scala.runtime.function.JProcedure1.apply(JProcedure1.java:10)[0m
[31m  at scala.collection.immutable.List.foreach(List.scala:333)[0m
[31m  at org.scalatest.SuperEngine.traverseSubNodes$1(Engine.scala:429)[0m
[31m  at org.scalatest.SuperEngine.runTestsInBranch(Engine.scala:390)[0m
[31m  at org.scalatest.SuperEngine.traverseSubNodes$1$$anonfun$1(Engine.scala:427)[0m
[31m  at scala.runtime.function.JProcedure1.apply(JProcedure1.java:15)[0m
[31m  at scala.runtime.function.JProcedure1.apply(JProcedure1.java:10)[0m
[31m  at scala.collection.immutable.List.foreach(List.scala:333)[0m
[31m  at org.scalatest.SuperEngine.traverseSubNodes$1(Engine.scala:429)[0m
[31m  at org.scalatest.SuperEngine.runTestsInBranch(Engine.scala:396)[0m
[31m  at org.scalatest.SuperEngine.runTestsImpl(Engine.scala:475)[0m
[31m  at org.scalatest.flatspec.AnyFlatSpecLike.runTests(AnyFlatSpecLike.scala:1785)[0m
[31m  at org.scalatest.flatspec.AnyFlatSpecLike.runTests$(AnyFlatSpecLike.scala:51)[0m
[31m  at org.scalatest.flatspec.AnyFlatSpec.runTests(AnyFlatSpec.scala:1685)[0m
[31m  at org.scalatest.Suite.run(Suite.scala:1114)[0m
[31m  at org.scalatest.Suite.run$(Suite.scala:564)[0m
[31m  at org.scalatest.flatspec.AnyFlatSpec.org$scalatest$flatspec$AnyFlatSpecLike$$super$run(AnyFlatSpec.scala:1685)[0m
[31m  at org.scalatest.flatspec.AnyFlatSpecLike.run$$anonfun$1(AnyFlatSpecLike.scala:1830)[0m
[31m  at org.scalatest.SuperEngine.runImpl(Engine.scala:535)[0m
[31m  at org.scalatest.flatspec.AnyFlatSpecLike.run(AnyFlatSpecLike.scala:1830)[0m
[31m  at org.scalatest.flatspec.AnyFlatSpecLike.run$(AnyFlatSpecLike.scala:51)[0m
[31m  at kuplrg.Spec.org$scalatest$BeforeAndAfterAll$$super$run(Spec.scala:5)[0m
[31m  at org.scalatest.BeforeAndAfterAll.liftedTree1$1(BeforeAndAfterAll.scala:213)[0m
[31m  at org.scalatest.BeforeAndAfterAll.run(BeforeAndAfterAll.scala:217)[0m
[31m  at org.scalatest.BeforeAndAfterAll.run$(BeforeAndAfterAll.scala:135)[0m
[31m  at kuplrg.Spec.run(Spec.scala:5)[0m
[31m  at org.scalatest.tools.Framework.org$scalatest$tools$Framework$$runSuite(Framework.scala:321)[0m
[31m  at org.scalatest.tools.Framework$ScalaTestTask.execute(Framework.scala:517)[0m
[31m  at sbt.TestRunner.runTest$1(TestFramework.scala:153)[0m
[31m  at sbt.TestRunner.run(TestFramework.scala:168)[0m
[31m  at sbt.TestFramework$$anon$3$$anonfun$$lessinit$greater$1.$anonfun$apply$1(TestFramework.scala:336)[0m
[31m  at sbt.TestFramework$.sbt$TestFramework$$withContextLoader(TestFramework.scala:296)[0m
[31m  at sbt.TestFramework$$anon$3$$anonfun$$lessinit$greater$1.apply(TestFramework.scala:336)[0m
[31m  at sbt.TestFramework$$anon$3$$anonfun$$lessinit$greater$1.apply(TestFramework.scala:336)[0m
[31m  at sbt.TestFunction.apply(TestFramework.scala:348)[0m
[31m  at sbt.Tests$.$anonfun$toTask$1(Tests.scala:436)[0m
[31m  at sbt.std.Transform$$anon$3.$anonfun$apply$2(Transform.scala:47)[0m
[31m  at sbt.std.Transform$$anon$4.work(Transform.scala:69)[0m
[31m  at sbt.Execute.$anonfun$submit$2(Execute.scala:283)[0m
[31m  at sbt.internal.util.ErrorHandling$.wideConvert(ErrorHandling.scala:24)[0m
[31m  at sbt.Execute.work(Execute.scala:292)[0m
[31m  at sbt.Execute.$anonfun$submit$1(Execute.scala:283)[0m
[31m  at sbt.ConcurrentRestrictions$$anon$4.$anonfun$submitValid$1(ConcurrentRestrictions.scala:265)[0m
[31m  at sbt.CompletionService$$anon$2.call(CompletionService.scala:65)[0m
[31m  at java.base/java.util.concurrent.FutureTask.run(FutureTask.java:317)[0m
[31m  at java.base/java.util.concurrent.Executors$RunnableAdapter.call(Executors.java:572)[0m
[31m  at java.base/java.util.concurrent.FutureTask.run(FutureTask.java:317)[0m
[31m  at java.base/java.util.concurrent.ThreadPoolExecutor.runWorker(ThreadPoolExecutor.java:1144)[0m
[31m  at java.base/java.util.concurrent.ThreadPoolExecutor$Worker.run(ThreadPoolExecutor.java:642)[0m
[31m  at java.base/java.lang.Thread.run(Thread.java:1583)[0m
[31mSpec:[0m
[31mpdafs2es(pda8).langByEmptyStacks.mustEqual(pda8.langByFinalStates, TRI ... [0m
[31m- should be terminated normally *** FAILED *** (1 millisecond)[0m
[31m  Please implement `pdafs2es` (Implementaion.scala:30). (SpecBase.scala:146)[0m
[31m  org.scalatest.exceptions.TestFailedException:[0m
[31m  at org.scalatest.Assertions.newAssertionFailedException(Assertions.scala:476)[0m
[31m  at org.scalatest.Assertions.newAssertionFailedException$(Assertions.scala:421)[0m
[31m  at org.scalatest.flatspec.AnyFlatSpec.newAssertionFailedException(AnyFlatSpec.scala:1685)[0m
[31m  at org.scalatest.Assertions.failImpl(Assertions.scala:1060)[0m
[31m  at org.scalatest.Assertions.org$scalatest$Assertions$$inline$failImpl(Assertions.scala:1056)[0m
[31m  at org.scalatest.Assertions.org$scalatest$Assertions$$inline$failImpl$(Assertions.scala:421)[0m
[31m  at org.scalatest.flatspec.AnyFlatSpec.org$scalatest$Assertions$$inline$failImpl(AnyFlatSpec.scala:1685)[0m
[31m  at kuplrg.SpecBase.failed(SpecBase.scala:146)[0m
[31m  at kuplrg.SpecBase.testFun$proxy1$1(SpecBase.scala:127)[0m
[31m  at kuplrg.SpecBase.newTest$$anonfun$1(SpecBase.scala:131)[0m
[31m  at org.scalatest.Transformer.apply$$anonfun$1(Transformer.scala:22)[0m
[31m  at org.scalatest.OutcomeOf.outcomeOf(OutcomeOf.scala:85)[0m
[31m  at org.scalatest.OutcomeOf.outcomeOf$(OutcomeOf.scala:31)[0m
[31m  at org.scalatest.OutcomeOf$.outcomeOf(OutcomeOf.scala:104)[0m
[31m  at org.scalatest.Transformer.apply(Transformer.scala:22)[0m
[31m  at org.scalatest.Transformer.apply(Transformer.scala:21)[0m
[31m  at org.scalatest.flatspec.AnyFlatSpecLike$$anon$5.apply(AnyFlatSpecLike.scala:1717)[0m
[31m  at org.scalatest.TestSuite.withFixture(TestSuite.scala:196)[0m
[31m  at org.scalatest.TestSuite.withFixture$(TestSuite.scala:138)[0m
[31m  at org.scalatest.flatspec.AnyFlatSpec.withFixture(AnyFlatSpec.scala:1685)[0m
[31m  at org.scalatest.flatspec.AnyFlatSpecLike.invokeWithFixture$1(AnyFlatSpecLike.scala:1723)[0m
[31m  at org.scalatest.flatspec.AnyFlatSpecLike.runTest$$anonfun$1(AnyFlatSpecLike.scala:1727)[0m
[31m  at org.scalatest.SuperEngine.runTestImpl(Engine.scala:306)[0m
[31m  at org.scalatest.flatspec.AnyFlatSpecLike.runTest(AnyFlatSpecLike.scala:1727)[0m
[31m  at org.scalatest.flatspec.AnyFlatSpecLike.runTest$(AnyFlatSpecLike.scala:51)[0m
[31m  at org.scalatest.flatspec.AnyFlatSpec.runTest(AnyFlatSpec.scala:1685)[0m
[31m  at org.scalatest.flatspec.AnyFlatSpecLike.runTests$$anonfun$1(AnyFlatSpecLike.scala:1785)[0m
[31m  at org.scalatest.SuperEngine.traverseSubNodes$1$$anonfun$1(Engine.scala:413)[0m
[31m  at scala.runtime.function.JProcedure1.apply(JProcedure1.java:15)[0m
[31m  at scala.runtime.function.JProcedure1.apply(JProcedure1.java:10)[0m
[31m  at scala.collection.immutable.List.foreach(List.scala:333)[0m
[31m  at org.scalatest.SuperEngine.traverseSubNodes$1(Engine.scala:429)[0m
[31m  at org.scalatest.SuperEngine.runTestsInBranch(Engine.scala:390)[0m
[31m  at org.scalatest.SuperEngine.traverseSubNodes$1$$anonfun$1(Engine.scala:427)[0m
[31m  at scala.runtime.function.JProcedure1.apply(JProcedure1.java:15)[0m
[31m  at scala.runtime.function.JProcedure1.apply(JProcedure1.java:10)[0m
[31m  at scala.collection.immutable.List.foreach(List.scala:333)[0m
[31m  at org.scalatest.SuperEngine.traverseSubNodes$1(Engine.scala:429)[0m
[31m  at org.scalatest.SuperEngine.runTestsInBranch(Engine.scala:396)[0m
[31m  at org.scalatest.SuperEngine.runTestsImpl(Engine.scala:475)[0m
[31m  at org.scalatest.flatspec.AnyFlatSpecLike.runTests(AnyFlatSpecLike.scala:1785)[0m
[31m  at org.scalatest.flatspec.AnyFlatSpecLike.runTests$(AnyFlatSpecLike.scala:51)[0m
[31m  at org.scalatest.flatspec.AnyFlatSpec.runTests(AnyFlatSpec.scala:1685)[0m
[31m  at org.scalatest.Suite.run(Suite.scala:1114)[0m
[31m  at org.scalatest.Suite.run$(Suite.scala:564)[0m
[31m  at org.scalatest.flatspec.AnyFlatSpec.org$scalatest$flatspec$AnyFlatSpecLike$$super$run(AnyFlatSpec.scala:1685)[0m
[31m  at org.scalatest.flatspec.AnyFlatSpecLike.run$$anonfun$1(AnyFlatSpecLike.scala:1830)[0m
[31m  at org.scalatest.SuperEngine.runImpl(Engine.scala:535)[0m
[31m  at org.scalatest.flatspec.AnyFlatSpecLike.run(AnyFlatSpecLike.scala:1830)[0m
[31m  at org.scalatest.flatspec.AnyFlatSpecLike.run$(AnyFlatSpecLike.scala:51)[0m
[31m  at kuplrg.Spec.org$scalatest$BeforeAndAfterAll$$super$run(Spec.scala:5)[0m
[31m  at org.scalatest.BeforeAndAfterAll.liftedTree1$1(BeforeAndAfterAll.scala:213)[0m
[31m  at org.scalatest.BeforeAndAfterAll.run(BeforeAndAfterAll.scala:217)[0m
[31m  at org.scalatest.BeforeAndAfterAll.run$(BeforeAndAfterAll.scala:135)[0m
[31m  at kuplrg.Spec.run(Spec.scala:5)[0m
[31m  at org.scalatest.tools.Framework.org$scalatest$tools$Framework$$runSuite(Framework.scala:321)[0m
[31m  at org.scalatest.tools.Framework$ScalaTestTask.execute(Framework.scala:517)[0m
[31m  at sbt.TestRunner.runTest$1(TestFramework.scala:153)[0m
[31m  at sbt.TestRunner.run(TestFramework.scala:168)[0m
[31m  at sbt.TestFramework$$anon$3$$anonfun$$lessinit$greater$1.$anonfun$apply$1(TestFramework.scala:336)[0m
[31m  at sbt.TestFramework$.sbt$TestFramework$$withContextLoader(TestFramework.scala:296)[0m
[31m  at sbt.TestFramework$$anon$3$$anonfun$$lessinit$greater$1.apply(TestFramework.scala:336)[0m
[31m  at sbt.TestFramework$$anon$3$$anonfun$$lessinit$greater$1.apply(TestFramework.scala:336)[0m
[31m  at sbt.TestFunction.apply(TestFramework.scala:348)[0m
[31m  at sbt.Tests$.$anonfun$toTask$1(Tests.scala:436)[0m
[31m  at sbt.std.Transform$$anon$3.$anonfun$apply$2(Transform.scala:47)[0m
[31m  at sbt.std.Transform$$anon$4.work(Transform.scala:69)[0m
[31m  at sbt.Execute.$anonfun$submit$2(Execute.scala:283)[0m
[31m  at sbt.internal.util.ErrorHandling$.wideConvert(ErrorHandling.scala:24)[0m
[31m  at sbt.Execute.work(Execute.scala:292)[0m
[31m  at sbt.Execute.$anonfun$submit$1(Execute.scala:283)[0m
[31m  at sbt.ConcurrentRestrictions$$anon$4.$anonfun$submitValid$1(ConcurrentRestrictions.scala:265)[0m
[31m  at sbt.CompletionService$$anon$2.call(CompletionService.scala:65)[0m
[31m  at java.base/java.util.concurrent.FutureTask.run(FutureTask.java:317)[0m
[31m  at java.base/java.util.concurrent.Executors$RunnableAdapter.call(Executors.java:572)[0m
[31m  at java.base/java.util.concurrent.FutureTask.run(FutureTask.java:317)[0m
[31m  at java.base/java.util.concurrent.ThreadPoolExecutor.runWorker(ThreadPoolExecutor.java:1144)[0m
[31m  at java.base/java.util.concurrent.ThreadPoolExecutor$Worker.run(ThreadPoolExecutor.java:642)[0m
[31m  at java.base/java.lang.Thread.run(Thread.java:1583)[0m
[31mSpec:[0m
[31mpdafs2es(pda9).langByEmptyStacks.mustEqual(pda9.langByFinalStates, TRI ... [0m
[31m- should be terminated normally *** FAILED *** (1 millisecond)[0m
[31m  Please implement `pdafs2es` (Implementaion.scala:30). (SpecBase.scala:146)[0m
[31m  org.scalatest.exceptions.TestFailedException:[0m
[31m  at org.scalatest.Assertions.newAssertionFailedException(Assertions.scala:476)[0m
[31m  at org.scalatest.Assertions.newAssertionFailedException$(Assertions.scala:421)[0m
[31m  at org.scalatest.flatspec.AnyFlatSpec.newAssertionFailedException(AnyFlatSpec.scala:1685)[0m
[31m  at org.scalatest.Assertions.failImpl(Assertions.scala:1060)[0m
[31m  at org.scalatest.Assertions.org$scalatest$Assertions$$inline$failImpl(Assertions.scala:1056)[0m
[31m  at org.scalatest.Assertions.org$scalatest$Assertions$$inline$failImpl$(Assertions.scala:421)[0m
[31m  at org.scalatest.flatspec.AnyFlatSpec.org$scalatest$Assertions$$inline$failImpl(AnyFlatSpec.scala:1685)[0m
[31m  at kuplrg.SpecBase.failed(SpecBase.scala:146)[0m
[31m  at kuplrg.SpecBase.testFun$proxy1$1(SpecBase.scala:127)[0m
[31m  at kuplrg.SpecBase.newTest$$anonfun$1(SpecBase.scala:131)[0m
[31m  at org.scalatest.Transformer.apply$$anonfun$1(Transformer.scala:22)[0m
[31m  at org.scalatest.OutcomeOf.outcomeOf(OutcomeOf.scala:85)[0m
[31m  at org.scalatest.OutcomeOf.outcomeOf$(OutcomeOf.scala:31)[0m
[31m  at org.scalatest.OutcomeOf$.outcomeOf(OutcomeOf.scala:104)[0m
[31m  at org.scalatest.Transformer.apply(Transformer.scala:22)[0m
[31m  at org.scalatest.Transformer.apply(Transformer.scala:21)[0m
[31m  at org.scalatest.flatspec.AnyFlatSpecLike$$anon$5.apply(AnyFlatSpecLike.scala:1717)[0m
[31m  at org.scalatest.TestSuite.withFixture(TestSuite.scala:196)[0m
[31m  at org.scalatest.TestSuite.withFixture$(TestSuite.scala:138)[0m
[31m  at org.scalatest.flatspec.AnyFlatSpec.withFixture(AnyFlatSpec.scala:1685)[0m
[31m  at org.scalatest.flatspec.AnyFlatSpecLike.invokeWithFixture$1(AnyFlatSpecLike.scala:1723)[0m
[31m  at org.scalatest.flatspec.AnyFlatSpecLike.runTest$$anonfun$1(AnyFlatSpecLike.scala:1727)[0m
[31m  at org.scalatest.SuperEngine.runTestImpl(Engine.scala:306)[0m
[31m  at org.scalatest.flatspec.AnyFlatSpecLike.runTest(AnyFlatSpecLike.scala:1727)[0m
[31m  at org.scalatest.flatspec.AnyFlatSpecLike.runTest$(AnyFlatSpecLike.scala:51)[0m
[31m  at org.scalatest.flatspec.AnyFlatSpec.runTest(AnyFlatSpec.scala:1685)[0m
[31m  at org.scalatest.flatspec.AnyFlatSpecLike.runTests$$anonfun$1(AnyFlatSpecLike.scala:1785)[0m
[31m  at org.scalatest.SuperEngine.traverseSubNodes$1$$anonfun$1(Engine.scala:413)[0m
[31m  at scala.runtime.function.JProcedure1.apply(JProcedure1.java:15)[0m
[31m  at scala.runtime.function.JProcedure1.apply(JProcedure1.java:10)[0m
[31m  at scala.collection.immutable.List.foreach(List.scala:333)[0m
[31m  at org.scalatest.SuperEngine.traverseSubNodes$1(Engine.scala:429)[0m
[31m  at org.scalatest.SuperEngine.runTestsInBranch(Engine.scala:390)[0m
[31m  at org.scalatest.SuperEngine.traverseSubNodes$1$$anonfun$1(Engine.scala:427)[0m
[31m  at scala.runtime.function.JProcedure1.apply(JProcedure1.java:15)[0m
[31m  at scala.runtime.function.JProcedure1.apply(JProcedure1.java:10)[0m
[31m  at scala.collection.immutable.List.foreach(List.scala:333)[0m
[31m  at org.scalatest.SuperEngine.traverseSubNodes$1(Engine.scala:429)[0m
[31m  at org.scalatest.SuperEngine.runTestsInBranch(Engine.scala:396)[0m
[31m  at org.scalatest.SuperEngine.runTestsImpl(Engine.scala:475)[0m
[31m  at org.scalatest.flatspec.AnyFlatSpecLike.runTests(AnyFlatSpecLike.scala:1785)[0m
[31m  at org.scalatest.flatspec.AnyFlatSpecLike.runTests$(AnyFlatSpecLike.scala:51)[0m
[31m  at org.scalatest.flatspec.AnyFlatSpec.runTests(AnyFlatSpec.scala:1685)[0m
[31m  at org.scalatest.Suite.run(Suite.scala:1114)[0m
[31m  at org.scalatest.Suite.run$(Suite.scala:564)[0m
[31m  at org.scalatest.flatspec.AnyFlatSpec.org$scalatest$flatspec$AnyFlatSpecLike$$super$run(AnyFlatSpec.scala:1685)[0m
[31m  at org.scalatest.flatspec.AnyFlatSpecLike.run$$anonfun$1(AnyFlatSpecLike.scala:1830)[0m
[31m  at org.scalatest.SuperEngine.runImpl(Engine.scala:535)[0m
[31m  at org.scalatest.flatspec.AnyFlatSpecLike.run(AnyFlatSpecLike.scala:1830)[0m
[31m  at org.scalatest.flatspec.AnyFlatSpecLike.run$(AnyFlatSpecLike.scala:51)[0m
[31m  at kuplrg.Spec.org$scalatest$BeforeAndAfterAll$$super$run(Spec.scala:5)[0m
[31m  at org.scalatest.BeforeAndAfterAll.liftedTree1$1(BeforeAndAfterAll.scala:213)[0m
[31m  at org.scalatest.BeforeAndAfterAll.run(BeforeAndAfterAll.scala:217)[0m
[31m  at org.scalatest.BeforeAndAfterAll.run$(BeforeAndAfterAll.scala:135)[0m
[31m  at kuplrg.Spec.run(Spec.scala:5)[0m
[31m  at org.scalatest.tools.Framework.org$scalatest$tools$Framework$$runSuite(Framework.scala:321)[0m
[31m  at org.scalatest.tools.Framework$ScalaTestTask.execute(Framework.scala:517)[0m
[31m  at sbt.TestRunner.runTest$1(TestFramework.scala:153)[0m
[31m  at sbt.TestRunner.run(TestFramework.scala:168)[0m
[31m  at sbt.TestFramework$$anon$3$$anonfun$$lessinit$greater$1.$anonfun$apply$1(TestFramework.scala:336)[0m
[31m  at sbt.TestFramework$.sbt$TestFramework$$withContextLoader(TestFramework.scala:296)[0m
[31m  at sbt.TestFramework$$anon$3$$anonfun$$lessinit$greater$1.apply(TestFramework.scala:336)[0m
[31m  at sbt.TestFramework$$anon$3$$anonfun$$lessinit$greater$1.apply(TestFramework.scala:336)[0m
[31m  at sbt.TestFunction.apply(TestFramework.scala:348)[0m
[31m  at sbt.Tests$.$anonfun$toTask$1(Tests.scala:436)[0m
[31m  at sbt.std.Transform$$anon$3.$anonfun$apply$2(Transform.scala:47)[0m
[31m  at sbt.std.Transform$$anon$4.work(Transform.scala:69)[0m
[31m  at sbt.Execute.$anonfun$submit$2(Execute.scala:283)[0m
[31m  at sbt.internal.util.ErrorHandling$.wideConvert(ErrorHandling.scala:24)[0m
[31m  at sbt.Execute.work(Execute.scala:292)[0m
[31m  at sbt.Execute.$anonfun$submit$1(Execute.scala:283)[0m
[31m  at sbt.ConcurrentRestrictions$$anon$4.$anonfun$submitValid$1(ConcurrentRestrictions.scala:265)[0m
[31m  at sbt.CompletionService$$anon$2.call(CompletionService.scala:65)[0m
[31m  at java.base/java.util.concurrent.FutureTask.run(FutureTask.java:317)[0m
[31m  at java.base/java.util.concurrent.Executors$RunnableAdapter.call(Executors.java:572)[0m
[31m  at java.base/java.util.concurrent.FutureTask.run(FutureTask.java:317)[0m
[31m  at java.base/java.util.concurrent.ThreadPoolExecutor.runWorker(ThreadPoolExecutor.java:1144)[0m
[31m  at java.base/java.util.concurrent.ThreadPoolExecutor$Worker.run(ThreadPoolExecutor.java:642)[0m
[31m  at java.base/java.lang.Thread.run(Thread.java:1583)[0m
[31mSpec:[0m
[31mpdafs2es(pda10).langByEmptyStacks.mustEqual(pda10.langByFinalStates, T ... [0m
[31m- should be terminated normally *** FAILED *** (1 millisecond)[0m
[31m  Please implement `pdafs2es` (Implementaion.scala:30). (SpecBase.scala:146)[0m
[31m  org.scalatest.exceptions.TestFailedException:[0m
[31m  at org.scalatest.Assertions.newAssertionFailedException(Assertions.scala:476)[0m
[31m  at org.scalatest.Assertions.newAssertionFailedException$(Assertions.scala:421)[0m
[31m  at org.scalatest.flatspec.AnyFlatSpec.newAssertionFailedException(AnyFlatSpec.scala:1685)[0m
[31m  at org.scalatest.Assertions.failImpl(Assertions.scala:1060)[0m
[31m  at org.scalatest.Assertions.org$scalatest$Assertions$$inline$failImpl(Assertions.scala:1056)[0m
[31m  at org.scalatest.Assertions.org$scalatest$Assertions$$inline$failImpl$(Assertions.scala:421)[0m
[31m  at org.scalatest.flatspec.AnyFlatSpec.org$scalatest$Assertions$$inline$failImpl(AnyFlatSpec.scala:1685)[0m
[31m  at kuplrg.SpecBase.failed(SpecBase.scala:146)[0m
[31m  at kuplrg.SpecBase.testFun$proxy1$1(SpecBase.scala:127)[0m
[31m  at kuplrg.SpecBase.newTest$$anonfun$1(SpecBase.scala:131)[0m
[31m  at org.scalatest.Transformer.apply$$anonfun$1(Transformer.scala:22)[0m
[31m  at org.scalatest.OutcomeOf.outcomeOf(OutcomeOf.scala:85)[0m
[31m  at org.scalatest.OutcomeOf.outcomeOf$(OutcomeOf.scala:31)[0m
[31m  at org.scalatest.OutcomeOf$.outcomeOf(OutcomeOf.scala:104)[0m
[31m  at org.scalatest.Transformer.apply(Transformer.scala:22)[0m
[31m  at org.scalatest.Transformer.apply(Transformer.scala:21)[0m
[31m  at org.scalatest.flatspec.AnyFlatSpecLike$$anon$5.apply(AnyFlatSpecLike.scala:1717)[0m
[31m  at org.scalatest.TestSuite.withFixture(TestSuite.scala:196)[0m
[31m  at org.scalatest.TestSuite.withFixture$(TestSuite.scala:138)[0m
[31m  at org.scalatest.flatspec.AnyFlatSpec.withFixture(AnyFlatSpec.scala:1685)[0m
[31m  at org.scalatest.flatspec.AnyFlatSpecLike.invokeWithFixture$1(AnyFlatSpecLike.scala:1723)[0m
[31m  at org.scalatest.flatspec.AnyFlatSpecLike.runTest$$anonfun$1(AnyFlatSpecLike.scala:1727)[0m
[31m  at org.scalatest.SuperEngine.runTestImpl(Engine.scala:306)[0m
[31m  at org.scalatest.flatspec.AnyFlatSpecLike.runTest(AnyFlatSpecLike.scala:1727)[0m
[31m  at org.scalatest.flatspec.AnyFlatSpecLike.runTest$(AnyFlatSpecLike.scala:51)[0m
[31m  at org.scalatest.flatspec.AnyFlatSpec.runTest(AnyFlatSpec.scala:1685)[0m
[31m  at org.scalatest.flatspec.AnyFlatSpecLike.runTests$$anonfun$1(AnyFlatSpecLike.scala:1785)[0m
[31m  at org.scalatest.SuperEngine.traverseSubNodes$1$$anonfun$1(Engine.scala:413)[0m
[31m  at scala.runtime.function.JProcedure1.apply(JProcedure1.java:15)[0m
[31m  at scala.runtime.function.JProcedure1.apply(JProcedure1.java:10)[0m
[31m  at scala.collection.immutable.List.foreach(List.scala:333)[0m
[31m  at org.scalatest.SuperEngine.traverseSubNodes$1(Engine.scala:429)[0m
[31m  at org.scalatest.SuperEngine.runTestsInBranch(Engine.scala:390)[0m
[31m  at org.scalatest.SuperEngine.traverseSubNodes$1$$anonfun$1(Engine.scala:427)[0m
[31m  at scala.runtime.function.JProcedure1.apply(JProcedure1.java:15)[0m
[31m  at scala.runtime.function.JProcedure1.apply(JProcedure1.java:10)[0m
[31m  at scala.collection.immutable.List.foreach(List.scala:333)[0m
[31m  at org.scalatest.SuperEngine.traverseSubNodes$1(Engine.scala:429)[0m
[31m  at org.scalatest.SuperEngine.runTestsInBranch(Engine.scala:396)[0m
[31m  at org.scalatest.SuperEngine.runTestsImpl(Engine.scala:475)[0m
[31m  at org.scalatest.flatspec.AnyFlatSpecLike.runTests(AnyFlatSpecLike.scala:1785)[0m
[31m  at org.scalatest.flatspec.AnyFlatSpecLike.runTests$(AnyFlatSpecLike.scala:51)[0m
[31m  at org.scalatest.flatspec.AnyFlatSpec.runTests(AnyFlatSpec.scala:1685)[0m
[31m  at org.scalatest.Suite.run(Suite.scala:1114)[0m
[31m  at org.scalatest.Suite.run$(Suite.scala:564)[0m
[31m  at org.scalatest.flatspec.AnyFlatSpec.org$scalatest$flatspec$AnyFlatSpecLike$$super$run(AnyFlatSpec.scala:1685)[0m
[31m  at org.scalatest.flatspec.AnyFlatSpecLike.run$$anonfun$1(AnyFlatSpecLike.scala:1830)[0m
[31m  at org.scalatest.SuperEngine.runImpl(Engine.scala:535)[0m
[31m  at org.scalatest.flatspec.AnyFlatSpecLike.run(AnyFlatSpecLike.scala:1830)[0m
[31m  at org.scalatest.flatspec.AnyFlatSpecLike.run$(AnyFlatSpecLike.scala:51)[0m
[31m  at kuplrg.Spec.org$scalatest$BeforeAndAfterAll$$super$run(Spec.scala:5)[0m
[31m  at org.scalatest.BeforeAndAfterAll.liftedTree1$1(BeforeAndAfterAll.scala:213)[0m
[31m  at org.scalatest.BeforeAndAfterAll.run(BeforeAndAfterAll.scala:217)[0m
[31m  at org.scalatest.BeforeAndAfterAll.run$(BeforeAndAfterAll.scala:135)[0m
[31m  at kuplrg.Spec.run(Spec.scala:5)[0m
[31m  at org.scalatest.tools.Framework.org$scalatest$tools$Framework$$runSuite(Framework.scala:321)[0m
[31m  at org.scalatest.tools.Framework$ScalaTestTask.execute(Framework.scala:517)[0m
[31m  at sbt.TestRunner.runTest$1(TestFramework.scala:153)[0m
[31m  at sbt.TestRunner.run(TestFramework.scala:168)[0m
[31m  at sbt.TestFramework$$anon$3$$anonfun$$lessinit$greater$1.$anonfun$apply$1(TestFramework.scala:336)[0m
[31m  at sbt.TestFramework$.sbt$TestFramework$$withContextLoader(TestFramework.scala:296)[0m
[31m  at sbt.TestFramework$$anon$3$$anonfun$$lessinit$greater$1.apply(TestFramework.scala:336)[0m
[31m  at sbt.TestFramework$$anon$3$$anonfun$$lessinit$greater$1.apply(TestFramework.scala:336)[0m
[31m  at sbt.TestFunction.apply(TestFramework.scala:348)[0m
[31m  at sbt.Tests$.$anonfun$toTask$1(Tests.scala:436)[0m
[31m  at sbt.std.Transform$$anon$3.$anonfun$apply$2(Transform.scala:47)[0m
[31m  at sbt.std.Transform$$anon$4.work(Transform.scala:69)[0m
[31m  at sbt.Execute.$anonfun$submit$2(Execute.scala:283)[0m
[31m  at sbt.internal.util.ErrorHandling$.wideConvert(ErrorHandling.scala:24)[0m
[31m  at sbt.Execute.work(Execute.scala:292)[0m
[31m  at sbt.Execute.$anonfun$submit$1(Execute.scala:283)[0m
[31m  at sbt.ConcurrentRestrictions$$anon$4.$anonfun$submitValid$1(ConcurrentRestrictions.scala:265)[0m
[31m  at sbt.CompletionService$$anon$2.call(CompletionService.scala:65)[0m
[31m  at java.base/java.util.concurrent.FutureTask.run(FutureTask.java:317)[0m
[31m  at java.base/java.util.concurrent.Executors$RunnableAdapter.call(Executors.java:572)[0m
[31m  at java.base/java.util.concurrent.FutureTask.run(FutureTask.java:317)[0m
[31m  at java.base/java.util.concurrent.ThreadPoolExecutor.runWorker(ThreadPoolExecutor.java:1144)[0m
[31m  at java.base/java.util.concurrent.ThreadPoolExecutor$Worker.run(ThreadPoolExecutor.java:642)[0m
[31m  at java.base/java.lang.Thread.run(Thread.java:1583)[0m
[31mSpec:[0m
[31mpdaes2fs(pda11).langByFinalStates.mustEqual(pda11.langByEmptyStacks, T ... [0m
[31m- should be terminated normally *** FAILED *** (2 milliseconds)[0m
[31m  Please implement `pdaes2fs` (Implementaion.scala:33). (SpecBase.scala:146)[0m
[31m  org.scalatest.exceptions.TestFailedException:[0m
[31m  at org.scalatest.Assertions.newAssertionFailedException(Assertions.scala:476)[0m
[31m  at org.scalatest.Assertions.newAssertionFailedException$(Assertions.scala:421)[0m
[31m  at org.scalatest.flatspec.AnyFlatSpec.newAssertionFailedException(AnyFlatSpec.scala:1685)[0m
[31m  at org.scalatest.Assertions.failImpl(Assertions.scala:1060)[0m
[31m  at org.scalatest.Assertions.org$scalatest$Assertions$$inline$failImpl(Assertions.scala:1056)[0m
[31m  at org.scalatest.Assertions.org$scalatest$Assertions$$inline$failImpl$(Assertions.scala:421)[0m
[31m  at org.scalatest.flatspec.AnyFlatSpec.org$scalatest$Assertions$$inline$failImpl(AnyFlatSpec.scala:1685)[0m
[31m  at kuplrg.SpecBase.failed(SpecBase.scala:146)[0m
[31m  at kuplrg.SpecBase.testFun$proxy1$1(SpecBase.scala:127)[0m
[31m  at kuplrg.SpecBase.newTest$$anonfun$1(SpecBase.scala:131)[0m
[31m  at org.scalatest.Transformer.apply$$anonfun$1(Transformer.scala:22)[0m
[31m  at org.scalatest.OutcomeOf.outcomeOf(OutcomeOf.scala:85)[0m
[31m  at org.scalatest.OutcomeOf.outcomeOf$(OutcomeOf.scala:31)[0m
[31m  at org.scalatest.OutcomeOf$.outcomeOf(OutcomeOf.scala:104)[0m
[31m  at org.scalatest.Transformer.apply(Transformer.scala:22)[0m
[31m  at org.scalatest.Transformer.apply(Transformer.scala:21)[0m
[31m  at org.scalatest.flatspec.AnyFlatSpecLike$$anon$5.apply(AnyFlatSpecLike.scala:1717)[0m
[31m  at org.scalatest.TestSuite.withFixture(TestSuite.scala:196)[0m
[31m  at org.scalatest.TestSuite.withFixture$(TestSuite.scala:138)[0m
[31m  at org.scalatest.flatspec.AnyFlatSpec.withFixture(AnyFlatSpec.scala:1685)[0m
[31m  at org.scalatest.flatspec.AnyFlatSpecLike.invokeWithFixture$1(AnyFlatSpecLike.scala:1723)[0m
[31m  at org.scalatest.flatspec.AnyFlatSpecLike.runTest$$anonfun$1(AnyFlatSpecLike.scala:1727)[0m
[31m  at org.scalatest.SuperEngine.runTestImpl(Engine.scala:306)[0m
[31m  at org.scalatest.flatspec.AnyFlatSpecLike.runTest(AnyFlatSpecLike.scala:1727)[0m
[31m  at org.scalatest.flatspec.AnyFlatSpecLike.runTest$(AnyFlatSpecLike.scala:51)[0m
[31m  at org.scalatest.flatspec.AnyFlatSpec.runTest(AnyFlatSpec.scala:1685)[0m
[31m  at org.scalatest.flatspec.AnyFlatSpecLike.runTests$$anonfun$1(AnyFlatSpecLike.scala:1785)[0m
[31m  at org.scalatest.SuperEngine.traverseSubNodes$1$$anonfun$1(Engine.scala:413)[0m
[31m  at scala.runtime.function.JProcedure1.apply(JProcedure1.java:15)[0m
[31m  at scala.runtime.function.JProcedure1.apply(JProcedure1.java:10)[0m
[31m  at scala.collection.immutable.List.foreach(List.scala:333)[0m
[31m  at org.scalatest.SuperEngine.traverseSubNodes$1(Engine.scala:429)[0m
[31m  at org.scalatest.SuperEngine.runTestsInBranch(Engine.scala:390)[0m
[31m  at org.scalatest.SuperEngine.traverseSubNodes$1$$anonfun$1(Engine.scala:427)[0m
[31m  at scala.runtime.function.JProcedure1.apply(JProcedure1.java:15)[0m
[31m  at scala.runtime.function.JProcedure1.apply(JProcedure1.java:10)[0m
[31m  at scala.collection.immutable.List.foreach(List.scala:333)[0m
[31m  at org.scalatest.SuperEngine.traverseSubNodes$1(Engine.scala:429)[0m
[31m  at org.scalatest.SuperEngine.runTestsInBranch(Engine.scala:396)[0m
[31m  at org.scalatest.SuperEngine.runTestsImpl(Engine.scala:475)[0m
[31m  at org.scalatest.flatspec.AnyFlatSpecLike.runTests(AnyFlatSpecLike.scala:1785)[0m
[31m  at org.scalatest.flatspec.AnyFlatSpecLike.runTests$(AnyFlatSpecLike.scala:51)[0m
[31m  at org.scalatest.flatspec.AnyFlatSpec.runTests(AnyFlatSpec.scala:1685)[0m
[31m  at org.scalatest.Suite.run(Suite.scala:1114)[0m
[31m  at org.scalatest.Suite.run$(Suite.scala:564)[0m
[31m  at org.scalatest.flatspec.AnyFlatSpec.org$scalatest$flatspec$AnyFlatSpecLike$$super$run(AnyFlatSpec.scala:1685)[0m
[31m  at org.scalatest.flatspec.AnyFlatSpecLike.run$$anonfun$1(AnyFlatSpecLike.scala:1830)[0m
[31m  at org.scalatest.SuperEngine.runImpl(Engine.scala:535)[0m
[31m  at org.scalatest.flatspec.AnyFlatSpecLike.run(AnyFlatSpecLike.scala:1830)[0m
[31m  at org.scalatest.flatspec.AnyFlatSpecLike.run$(AnyFlatSpecLike.scala:51)[0m
[31m  at kuplrg.Spec.org$scalatest$BeforeAndAfterAll$$super$run(Spec.scala:5)[0m
[31m  at org.scalatest.BeforeAndAfterAll.liftedTree1$1(BeforeAndAfterAll.scala:213)[0m
[31m  at org.scalatest.BeforeAndAfterAll.run(BeforeAndAfterAll.scala:217)[0m
[31m  at org.scalatest.BeforeAndAfterAll.run$(BeforeAndAfterAll.scala:135)[0m
[31m  at kuplrg.Spec.run(Spec.scala:5)[0m
[31m  at org.scalatest.tools.Framework.org$scalatest$tools$Framework$$runSuite(Framework.scala:321)[0m
[31m  at org.scalatest.tools.Framework$ScalaTestTask.execute(Framework.scala:517)[0m
[31m  at sbt.TestRunner.runTest$1(TestFramework.scala:153)[0m
[31m  at sbt.TestRunner.run(TestFramework.scala:168)[0m
[31m  at sbt.TestFramework$$anon$3$$anonfun$$lessinit$greater$1.$anonfun$apply$1(TestFramework.scala:336)[0m
[31m  at sbt.TestFramework$.sbt$TestFramework$$withContextLoader(TestFramework.scala:296)[0m
[31m  at sbt.TestFramework$$anon$3$$anonfun$$lessinit$greater$1.apply(TestFramework.scala:336)[0m
[31m  at sbt.TestFramework$$anon$3$$anonfun$$lessinit$greater$1.apply(TestFramework.scala:336)[0m
[31m  at sbt.TestFunction.apply(TestFramework.scala:348)[0m
[31m  at sbt.Tests$.$anonfun$toTask$1(Tests.scala:436)[0m
[31m  at sbt.std.Transform$$anon$3.$anonfun$apply$2(Transform.scala:47)[0m
[31m  at sbt.std.Transform$$anon$4.work(Transform.scala:69)[0m
[31m  at sbt.Execute.$anonfun$submit$2(Execute.scala:283)[0m
[31m  at sbt.internal.util.ErrorHandling$.wideConvert(ErrorHandling.scala:24)[0m
[31m  at sbt.Execute.work(Execute.scala:292)[0m
[31m  at sbt.Execute.$anonfun$submit$1(Execute.scala:283)[0m
[31m  at sbt.ConcurrentRestrictions$$anon$4.$anonfun$submitValid$1(ConcurrentRestrictions.scala:265)[0m
[31m  at sbt.CompletionService$$anon$2.call(CompletionService.scala:65)[0m
[31m  at java.base/java.util.concurrent.FutureTask.run(FutureTask.java:317)[0m
[31m  at java.base/java.util.concurrent.Executors$RunnableAdapter.call(Executors.java:572)[0m
[31m  at java.base/java.util.concurrent.FutureTask.run(FutureTask.java:317)[0m
[31m  at java.base/java.util.concurrent.ThreadPoolExecutor.runWorker(ThreadPoolExecutor.java:1144)[0m
[31m  at java.base/java.util.concurrent.ThreadPoolExecutor$Worker.run(ThreadPoolExecutor.java:642)[0m
[31m  at java.base/java.lang.Thread.run(Thread.java:1583)[0m
[31mSpec:[0m
[31mpdaes2fs(pda12).langByFinalStates.mustEqual(pda12.langByEmptyStacks, T ... [0m
[31m- should be terminated normally *** FAILED *** (1 millisecond)[0m
[31m  Please implement `pdaes2fs` (Implementaion.scala:33). (SpecBase.scala:146)[0m
[31m  org.scalatest.exceptions.TestFailedException:[0m
[31m  at org.scalatest.Assertions.newAssertionFailedException(Assertions.scala:476)[0m
[31m  at org.scalatest.Assertions.newAssertionFailedException$(Assertions.scala:421)[0m
[31m  at org.scalatest.flatspec.AnyFlatSpec.newAssertionFailedException(AnyFlatSpec.scala:1685)[0m
[31m  at org.scalatest.Assertions.failImpl(Assertions.scala:1060)[0m
[31m  at org.scalatest.Assertions.org$scalatest$Assertions$$inline$failImpl(Assertions.scala:1056)[0m
[31m  at org.scalatest.Assertions.org$scalatest$Assertions$$inline$failImpl$(Assertions.scala:421)[0m
[31m  at org.scalatest.flatspec.AnyFlatSpec.org$scalatest$Assertions$$inline$failImpl(AnyFlatSpec.scala:1685)[0m
[31m  at kuplrg.SpecBase.failed(SpecBase.scala:146)[0m
[31m  at kuplrg.SpecBase.testFun$proxy1$1(SpecBase.scala:127)[0m
[31m  at kuplrg.SpecBase.newTest$$anonfun$1(SpecBase.scala:131)[0m
[31m  at org.scalatest.Transformer.apply$$anonfun$1(Transformer.scala:22)[0m
[31m  at org.scalatest.OutcomeOf.outcomeOf(OutcomeOf.scala:85)[0m
[31m  at org.scalatest.OutcomeOf.outcomeOf$(OutcomeOf.scala:31)[0m
[31m  at org.scalatest.OutcomeOf$.outcomeOf(OutcomeOf.scala:104)[0m
[31m  at org.scalatest.Transformer.apply(Transformer.scala:22)[0m
[31m  at org.scalatest.Transformer.apply(Transformer.scala:21)[0m
[31m  at org.scalatest.flatspec.AnyFlatSpecLike$$anon$5.apply(AnyFlatSpecLike.scala:1717)[0m
[31m  at org.scalatest.TestSuite.withFixture(TestSuite.scala:196)[0m
[31m  at org.scalatest.TestSuite.withFixture$(TestSuite.scala:138)[0m
[31m  at org.scalatest.flatspec.AnyFlatSpec.withFixture(AnyFlatSpec.scala:1685)[0m
[31m  at org.scalatest.flatspec.AnyFlatSpecLike.invokeWithFixture$1(AnyFlatSpecLike.scala:1723)[0m
[31m  at org.scalatest.flatspec.AnyFlatSpecLike.runTest$$anonfun$1(AnyFlatSpecLike.scala:1727)[0m
[31m  at org.scalatest.SuperEngine.runTestImpl(Engine.scala:306)[0m
[31m  at org.scalatest.flatspec.AnyFlatSpecLike.runTest(AnyFlatSpecLike.scala:1727)[0m
[31m  at org.scalatest.flatspec.AnyFlatSpecLike.runTest$(AnyFlatSpecLike.scala:51)[0m
[31m  at org.scalatest.flatspec.AnyFlatSpec.runTest(AnyFlatSpec.scala:1685)[0m
[31m  at org.scalatest.flatspec.AnyFlatSpecLike.runTests$$anonfun$1(AnyFlatSpecLike.scala:1785)[0m
[31m  at org.scalatest.SuperEngine.traverseSubNodes$1$$anonfun$1(Engine.scala:413)[0m
[31m  at scala.runtime.function.JProcedure1.apply(JProcedure1.java:15)[0m
[31m  at scala.runtime.function.JProcedure1.apply(JProcedure1.java:10)[0m
[31m  at scala.collection.immutable.List.foreach(List.scala:333)[0m
[31m  at org.scalatest.SuperEngine.traverseSubNodes$1(Engine.scala:429)[0m
[31m  at org.scalatest.SuperEngine.runTestsInBranch(Engine.scala:390)[0m
[31m  at org.scalatest.SuperEngine.traverseSubNodes$1$$anonfun$1(Engine.scala:427)[0m
[31m  at scala.runtime.function.JProcedure1.apply(JProcedure1.java:15)[0m
[31m  at scala.runtime.function.JProcedure1.apply(JProcedure1.java:10)[0m
[31m  at scala.collection.immutable.List.foreach(List.scala:333)[0m
[31m  at org.scalatest.SuperEngine.traverseSubNodes$1(Engine.scala:429)[0m
[31m  at org.scalatest.SuperEngine.runTestsInBranch(Engine.scala:396)[0m
[31m  at org.scalatest.SuperEngine.runTestsImpl(Engine.scala:475)[0m
[31m  at org.scalatest.flatspec.AnyFlatSpecLike.runTests(AnyFlatSpecLike.scala:1785)[0m
[31m  at org.scalatest.flatspec.AnyFlatSpecLike.runTests$(AnyFlatSpecLike.scala:51)[0m
[31m  at org.scalatest.flatspec.AnyFlatSpec.runTests(AnyFlatSpec.scala:1685)[0m
[31m  at org.scalatest.Suite.run(Suite.scala:1114)[0m
[31m  at org.scalatest.Suite.run$(Suite.scala:564)[0m
[31m  at org.scalatest.flatspec.AnyFlatSpec.org$scalatest$flatspec$AnyFlatSpecLike$$super$run(AnyFlatSpec.scala:1685)[0m
[31m  at org.scalatest.flatspec.AnyFlatSpecLike.run$$anonfun$1(AnyFlatSpecLike.scala:1830)[0m
[31m  at org.scalatest.SuperEngine.runImpl(Engine.scala:535)[0m
[31m  at org.scalatest.flatspec.AnyFlatSpecLike.run(AnyFlatSpecLike.scala:1830)[0m
[31m  at org.scalatest.flatspec.AnyFlatSpecLike.run$(AnyFlatSpecLike.scala:51)[0m
[31m  at kuplrg.Spec.org$scalatest$BeforeAndAfterAll$$super$run(Spec.scala:5)[0m
[31m  at org.scalatest.BeforeAndAfterAll.liftedTree1$1(BeforeAndAfterAll.scala:213)[0m
[31m  at org.scalatest.BeforeAndAfterAll.run(BeforeAndAfterAll.scala:217)[0m
[31m  at org.scalatest.BeforeAndAfterAll.run$(BeforeAndAfterAll.scala:135)[0m
[31m  at kuplrg.Spec.run(Spec.scala:5)[0m
[31m  at org.scalatest.tools.Framework.org$scalatest$tools$Framework$$runSuite(Framework.scala:321)[0m
[31m  at org.scalatest.tools.Framework$ScalaTestTask.execute(Framework.scala:517)[0m
[31m  at sbt.TestRunner.runTest$1(TestFramework.scala:153)[0m
[31m  at sbt.TestRunner.run(TestFramework.scala:168)[0m
[31m  at sbt.TestFramework$$anon$3$$anonfun$$lessinit$greater$1.$anonfun$apply$1(TestFramework.scala:336)[0m
[31m  at sbt.TestFramework$.sbt$TestFramework$$withContextLoader(TestFramework.scala:296)[0m
[31m  at sbt.TestFramework$$anon$3$$anonfun$$lessinit$greater$1.apply(TestFramework.scala:336)[0m
[31m  at sbt.TestFramework$$anon$3$$anonfun$$lessinit$greater$1.apply(TestFramework.scala:336)[0m
[31m  at sbt.TestFunction.apply(TestFramework.scala:348)[0m
[31m  at sbt.Tests$.$anonfun$toTask$1(Tests.scala:436)[0m
[31m  at sbt.std.Transform$$anon$3.$anonfun$apply$2(Transform.scala:47)[0m
[31m  at sbt.std.Transform$$anon$4.work(Transform.scala:69)[0m
[31m  at sbt.Execute.$anonfun$submit$2(Execute.scala:283)[0m
[31m  at sbt.internal.util.ErrorHandling$.wideConvert(ErrorHandling.scala:24)[0m
[31m  at sbt.Execute.work(Execute.scala:292)[0m
[31m  at sbt.Execute.$anonfun$submit$1(Execute.scala:283)[0m
[31m  at sbt.ConcurrentRestrictions$$anon$4.$anonfun$submitValid$1(ConcurrentRestrictions.scala:265)[0m
[31m  at sbt.CompletionService$$anon$2.call(CompletionService.scala:65)[0m
[31m  at java.base/java.util.concurrent.FutureTask.run(FutureTask.java:317)[0m
[31m  at java.base/java.util.concurrent.Executors$RunnableAdapter.call(Executors.java:572)[0m
[31m  at java.base/java.util.concurrent.FutureTask.run(FutureTask.java:317)[0m
[31m  at java.base/java.util.concurrent.ThreadPoolExecutor.runWorker(ThreadPoolExecutor.java:1144)[0m
[31m  at java.base/java.util.concurrent.ThreadPoolExecutor$Worker.run(ThreadPoolExecutor.java:642)[0m
[31m  at java.base/java.lang.Thread.run(Thread.java:1583)[0m
[31mSpec:[0m
[31mpdaes2fs(pda13).langByFinalStates.mustEqual(pda13.langByEmptyStacks, T ... [0m
[31m- should be terminated normally *** FAILED *** (3 milliseconds)[0m
[31m  Please implement `pdaes2fs` (Implementaion.scala:33). (SpecBase.scala:146)[0m
[31m  org.scalatest.exceptions.TestFailedException:[0m
[31m  at org.scalatest.Assertions.newAssertionFailedException(Assertions.scala:476)[0m
[31m  at org.scalatest.Assertions.newAssertionFailedException$(Assertions.scala:421)[0m
[31m  at org.scalatest.flatspec.AnyFlatSpec.newAssertionFailedException(AnyFlatSpec.scala:1685)[0m
[31m  at org.scalatest.Assertions.failImpl(Assertions.scala:1060)[0m
[31m  at org.scalatest.Assertions.org$scalatest$Assertions$$inline$failImpl(Assertions.scala:1056)[0m
[31m  at org.scalatest.Assertions.org$scalatest$Assertions$$inline$failImpl$(Assertions.scala:421)[0m
[31m  at org.scalatest.flatspec.AnyFlatSpec.org$scalatest$Assertions$$inline$failImpl(AnyFlatSpec.scala:1685)[0m
[31m  at kuplrg.SpecBase.failed(SpecBase.scala:146)[0m
[31m  at kuplrg.SpecBase.testFun$proxy1$1(SpecBase.scala:127)[0m
[31m  at kuplrg.SpecBase.newTest$$anonfun$1(SpecBase.scala:131)[0m
[31m  at org.scalatest.Transformer.apply$$anonfun$1(Transformer.scala:22)[0m
[31m  at org.scalatest.OutcomeOf.outcomeOf(OutcomeOf.scala:85)[0m
[31m  at org.scalatest.OutcomeOf.outcomeOf$(OutcomeOf.scala:31)[0m
[31m  at org.scalatest.OutcomeOf$.outcomeOf(OutcomeOf.scala:104)[0m
[31m  at org.scalatest.Transformer.apply(Transformer.scala:22)[0m
[31m  at org.scalatest.Transformer.apply(Transformer.scala:21)[0m
[31m  at org.scalatest.flatspec.AnyFlatSpecLike$$anon$5.apply(AnyFlatSpecLike.scala:1717)[0m
[31m  at org.scalatest.TestSuite.withFixture(TestSuite.scala:196)[0m
[31m  at org.scalatest.TestSuite.withFixture$(TestSuite.scala:138)[0m
[31m  at org.scalatest.flatspec.AnyFlatSpec.withFixture(AnyFlatSpec.scala:1685)[0m
[31m  at org.scalatest.flatspec.AnyFlatSpecLike.invokeWithFixture$1(AnyFlatSpecLike.scala:1723)[0m
[31m  at org.scalatest.flatspec.AnyFlatSpecLike.runTest$$anonfun$1(AnyFlatSpecLike.scala:1727)[0m
[31m  at org.scalatest.SuperEngine.runTestImpl(Engine.scala:306)[0m
[31m  at org.scalatest.flatspec.AnyFlatSpecLike.runTest(AnyFlatSpecLike.scala:1727)[0m
[31m  at org.scalatest.flatspec.AnyFlatSpecLike.runTest$(AnyFlatSpecLike.scala:51)[0m
[31m  at org.scalatest.flatspec.AnyFlatSpec.runTest(AnyFlatSpec.scala:1685)[0m
[31m  at org.scalatest.flatspec.AnyFlatSpecLike.runTests$$anonfun$1(AnyFlatSpecLike.scala:1785)[0m
[31m  at org.scalatest.SuperEngine.traverseSubNodes$1$$anonfun$1(Engine.scala:413)[0m
[31m  at scala.runtime.function.JProcedure1.apply(JProcedure1.java:15)[0m
[31m  at scala.runtime.function.JProcedure1.apply(JProcedure1.java:10)[0m
[31m  at scala.collection.immutable.List.foreach(List.scala:333)[0m
[31m  at org.scalatest.SuperEngine.traverseSubNodes$1(Engine.scala:429)[0m
[31m  at org.scalatest.SuperEngine.runTestsInBranch(Engine.scala:390)[0m
[31m  at org.scalatest.SuperEngine.traverseSubNodes$1$$anonfun$1(Engine.scala:427)[0m
[31m  at scala.runtime.function.JProcedure1.apply(JProcedure1.java:15)[0m
[31m  at scala.runtime.function.JProcedure1.apply(JProcedure1.java:10)[0m
[31m  at scala.collection.immutable.List.foreach(List.scala:333)[0m
[31m  at org.scalatest.SuperEngine.traverseSubNodes$1(Engine.scala:429)[0m
[31m  at org.scalatest.SuperEngine.runTestsInBranch(Engine.scala:396)[0m
[31m  at org.scalatest.SuperEngine.runTestsImpl(Engine.scala:475)[0m
[31m  at org.scalatest.flatspec.AnyFlatSpecLike.runTests(AnyFlatSpecLike.scala:1785)[0m
[31m  at org.scalatest.flatspec.AnyFlatSpecLike.runTests$(AnyFlatSpecLike.scala:51)[0m
[31m  at org.scalatest.flatspec.AnyFlatSpec.runTests(AnyFlatSpec.scala:1685)[0m
[31m  at org.scalatest.Suite.run(Suite.scala:1114)[0m
[31m  at org.scalatest.Suite.run$(Suite.scala:564)[0m
[31m  at org.scalatest.flatspec.AnyFlatSpec.org$scalatest$flatspec$AnyFlatSpecLike$$super$run(AnyFlatSpec.scala:1685)[0m
[31m  at org.scalatest.flatspec.AnyFlatSpecLike.run$$anonfun$1(AnyFlatSpecLike.scala:1830)[0m
[31m  at org.scalatest.SuperEngine.runImpl(Engine.scala:535)[0m
[31m  at org.scalatest.flatspec.AnyFlatSpecLike.run(AnyFlatSpecLike.scala:1830)[0m
[31m  at org.scalatest.flatspec.AnyFlatSpecLike.run$(AnyFlatSpecLike.scala:51)[0m
[31m  at kuplrg.Spec.org$scalatest$BeforeAndAfterAll$$super$run(Spec.scala:5)[0m
[31m  at org.scalatest.BeforeAndAfterAll.liftedTree1$1(BeforeAndAfterAll.scala:213)[0m
[31m  at org.scalatest.BeforeAndAfterAll.run(BeforeAndAfterAll.scala:217)[0m
[31m  at org.scalatest.BeforeAndAfterAll.run$(BeforeAndAfterAll.scala:135)[0m
[31m  at kuplrg.Spec.run(Spec.scala:5)[0m
[31m  at org.scalatest.tools.Framework.org$scalatest$tools$Framework$$runSuite(Framework.scala:321)[0m
[31m  at org.scalatest.tools.Framework$ScalaTestTask.execute(Framework.scala:517)[0m
[31m  at sbt.TestRunner.runTest$1(TestFramework.scala:153)[0m
[31m  at sbt.TestRunner.run(TestFramework.scala:168)[0m
[31m  at sbt.TestFramework$$anon$3$$anonfun$$lessinit$greater$1.$anonfun$apply$1(TestFramework.scala:336)[0m
[31m  at sbt.TestFramework$.sbt$TestFramework$$withContextLoader(TestFramework.scala:296)[0m
[31m  at sbt.TestFramework$$anon$3$$anonfun$$lessinit$greater$1.apply(TestFramework.scala:336)[0m
[31m  at sbt.TestFramework$$anon$3$$anonfun$$lessinit$greater$1.apply(TestFramework.scala:336)[0m
[31m  at sbt.TestFunction.apply(TestFramework.scala:348)[0m
[31m  at sbt.Tests$.$anonfun$toTask$1(Tests.scala:436)[0m
[31m  at sbt.std.Transform$$anon$3.$anonfun$apply$2(Transform.scala:47)[0m
[31m  at sbt.std.Transform$$anon$4.work(Transform.scala:69)[0m
[31m  at sbt.Execute.$anonfun$submit$2(Execute.scala:283)[0m
[31m  at sbt.internal.util.ErrorHandling$.wideConvert(ErrorHandling.scala:24)[0m
[31m  at sbt.Execute.work(Execute.scala:292)[0m
[31m  at sbt.Execute.$anonfun$submit$1(Execute.scala:283)[0m
[31m  at sbt.ConcurrentRestrictions$$anon$4.$anonfun$submitValid$1(ConcurrentRestrictions.scala:265)[0m
[31m  at sbt.CompletionService$$anon$2.call(CompletionService.scala:65)[0m
[31m  at java.base/java.util.concurrent.FutureTask.run(FutureTask.java:317)[0m
[31m  at java.base/java.util.concurrent.Executors$RunnableAdapter.call(Executors.java:572)[0m
[31m  at java.base/java.util.concurrent.FutureTask.run(FutureTask.java:317)[0m
[31m  at java.base/java.util.concurrent.ThreadPoolExecutor.runWorker(ThreadPoolExecutor.java:1144)[0m
[31m  at java.base/java.util.concurrent.ThreadPoolExecutor$Worker.run(ThreadPoolExecutor.java:642)[0m
[31m  at java.base/java.lang.Thread.run(Thread.java:1583)[0m
[31mSpec:[0m
[31mpdaes2fs(pda14).langByFinalStates.mustEqual(pda14.langByEmptyStacks, T ... [0m
[31m- should be terminated normally *** FAILED *** (3 milliseconds)[0m
[31m  Please implement `pdaes2fs` (Implementaion.scala:33). (SpecBase.scala:146)[0m
[31m  org.scalatest.exceptions.TestFailedException:[0m
[31m  at org.scalatest.Assertions.newAssertionFailedException(Assertions.scala:476)[0m
[31m  at org.scalatest.Assertions.newAssertionFailedException$(Assertions.scala:421)[0m
[31m  at org.scalatest.flatspec.AnyFlatSpec.newAssertionFailedException(AnyFlatSpec.scala:1685)[0m
[31m  at org.scalatest.Assertions.failImpl(Assertions.scala:1060)[0m
[31m  at org.scalatest.Assertions.org$scalatest$Assertions$$inline$failImpl(Assertions.scala:1056)[0m
[31m  at org.scalatest.Assertions.org$scalatest$Assertions$$inline$failImpl$(Assertions.scala:421)[0m
[31m  at org.scalatest.flatspec.AnyFlatSpec.org$scalatest$Assertions$$inline$failImpl(AnyFlatSpec.scala:1685)[0m
[31m  at kuplrg.SpecBase.failed(SpecBase.scala:146)[0m
[31m  at kuplrg.SpecBase.testFun$proxy1$1(SpecBase.scala:127)[0m
[31m  at kuplrg.SpecBase.newTest$$anonfun$1(SpecBase.scala:131)[0m
[31m  at org.scalatest.Transformer.apply$$anonfun$1(Transformer.scala:22)[0m
[31m  at org.scalatest.OutcomeOf.outcomeOf(OutcomeOf.scala:85)[0m
[31m  at org.scalatest.OutcomeOf.outcomeOf$(OutcomeOf.scala:31)[0m
[31m  at org.scalatest.OutcomeOf$.outcomeOf(OutcomeOf.scala:104)[0m
[31m  at org.scalatest.Transformer.apply(Transformer.scala:22)[0m
[31m  at org.scalatest.Transformer.apply(Transformer.scala:21)[0m
[31m  at org.scalatest.flatspec.AnyFlatSpecLike$$anon$5.apply(AnyFlatSpecLike.scala:1717)[0m
[31m  at org.scalatest.TestSuite.withFixture(TestSuite.scala:196)[0m
[31m  at org.scalatest.TestSuite.withFixture$(TestSuite.scala:138)[0m
[31m  at org.scalatest.flatspec.AnyFlatSpec.withFixture(AnyFlatSpec.scala:1685)[0m
[31m  at org.scalatest.flatspec.AnyFlatSpecLike.invokeWithFixture$1(AnyFlatSpecLike.scala:1723)[0m
[31m  at org.scalatest.flatspec.AnyFlatSpecLike.runTest$$anonfun$1(AnyFlatSpecLike.scala:1727)[0m
[31m  at org.scalatest.SuperEngine.runTestImpl(Engine.scala:306)[0m
[31m  at org.scalatest.flatspec.AnyFlatSpecLike.runTest(AnyFlatSpecLike.scala:1727)[0m
[31m  at org.scalatest.flatspec.AnyFlatSpecLike.runTest$(AnyFlatSpecLike.scala:51)[0m
[31m  at org.scalatest.flatspec.AnyFlatSpec.runTest(AnyFlatSpec.scala:1685)[0m
[31m  at org.scalatest.flatspec.AnyFlatSpecLike.runTests$$anonfun$1(AnyFlatSpecLike.scala:1785)[0m
[31m  at org.scalatest.SuperEngine.traverseSubNodes$1$$anonfun$1(Engine.scala:413)[0m
[31m  at scala.runtime.function.JProcedure1.apply(JProcedure1.java:15)[0m
[31m  at scala.runtime.function.JProcedure1.apply(JProcedure1.java:10)[0m
[31m  at scala.collection.immutable.List.foreach(List.scala:333)[0m
[31m  at org.scalatest.SuperEngine.traverseSubNodes$1(Engine.scala:429)[0m
[31m  at org.scalatest.SuperEngine.runTestsInBranch(Engine.scala:390)[0m
[31m  at org.scalatest.SuperEngine.traverseSubNodes$1$$anonfun$1(Engine.scala:427)[0m
[31m  at scala.runtime.function.JProcedure1.apply(JProcedure1.java:15)[0m
[31m  at scala.runtime.function.JProcedure1.apply(JProcedure1.java:10)[0m
[31m  at scala.collection.immutable.List.foreach(List.scala:333)[0m
[31m  at org.scalatest.SuperEngine.traverseSubNodes$1(Engine.scala:429)[0m
[31m  at org.scalatest.SuperEngine.runTestsInBranch(Engine.scala:396)[0m
[31m  at org.scalatest.SuperEngine.runTestsImpl(Engine.scala:475)[0m
[31m  at org.scalatest.flatspec.AnyFlatSpecLike.runTests(AnyFlatSpecLike.scala:1785)[0m
[31m  at org.scalatest.flatspec.AnyFlatSpecLike.runTests$(AnyFlatSpecLike.scala:51)[0m
[31m  at org.scalatest.flatspec.AnyFlatSpec.runTests(AnyFlatSpec.scala:1685)[0m
[31m  at org.scalatest.Suite.run(Suite.scala:1114)[0m
[31m  at org.scalatest.Suite.run$(Suite.scala:564)[0m
[31m  at org.scalatest.flatspec.AnyFlatSpec.org$scalatest$flatspec$AnyFlatSpecLike$$super$run(AnyFlatSpec.scala:1685)[0m
[31m  at org.scalatest.flatspec.AnyFlatSpecLike.run$$anonfun$1(AnyFlatSpecLike.scala:1830)[0m
[31m  at org.scalatest.SuperEngine.runImpl(Engine.scala:535)[0m
[31m  at org.scalatest.flatspec.AnyFlatSpecLike.run(AnyFlatSpecLike.scala:1830)[0m
[31m  at org.scalatest.flatspec.AnyFlatSpecLike.run$(AnyFlatSpecLike.scala:51)[0m
[31m  at kuplrg.Spec.org$scalatest$BeforeAndAfterAll$$super$run(Spec.scala:5)[0m
[31m  at org.scalatest.BeforeAndAfterAll.liftedTree1$1(BeforeAndAfterAll.scala:213)[0m
[31m  at org.scalatest.BeforeAndAfterAll.run(BeforeAndAfterAll.scala:217)[0m
[31m  at org.scalatest.BeforeAndAfterAll.run$(BeforeAndAfterAll.scala:135)[0m
[31m  at kuplrg.Spec.run(Spec.scala:5)[0m
[31m  at org.scalatest.tools.Framework.org$scalatest$tools$Framework$$runSuite(Framework.scala:321)[0m
[31m  at org.scalatest.tools.Framework$ScalaTestTask.execute(Framework.scala:517)[0m
[31m  at sbt.TestRunner.runTest$1(TestFramework.scala:153)[0m
[31m  at sbt.TestRunner.run(TestFramework.scala:168)[0m
[31m  at sbt.TestFramework$$anon$3$$anonfun$$lessinit$greater$1.$anonfun$apply$1(TestFramework.scala:336)[0m
[31m  at sbt.TestFramework$.sbt$TestFramework$$withContextLoader(TestFramework.scala:296)[0m
[31m  at sbt.TestFramework$$anon$3$$anonfun$$lessinit$greater$1.apply(TestFramework.scala:336)[0m
[31m  at sbt.TestFramework$$anon$3$$anonfun$$lessinit$greater$1.apply(TestFramework.scala:336)[0m
[31m  at sbt.TestFunction.apply(TestFramework.scala:348)[0m
[31m  at sbt.Tests$.$anonfun$toTask$1(Tests.scala:436)[0m
[31m  at sbt.std.Transform$$anon$3.$anonfun$apply$2(Transform.scala:47)[0m
[31m  at sbt.std.Transform$$anon$4.work(Transform.scala:69)[0m
[31m  at sbt.Execute.$anonfun$submit$2(Execute.scala:283)[0m
[31m  at sbt.internal.util.ErrorHandling$.wideConvert(ErrorHandling.scala:24)[0m
[31m  at sbt.Execute.work(Execute.scala:292)[0m
[31m  at sbt.Execute.$anonfun$submit$1(Execute.scala:283)[0m
[31m  at sbt.ConcurrentRestrictions$$anon$4.$anonfun$submitValid$1(ConcurrentRestrictions.scala:265)[0m
[31m  at sbt.CompletionService$$anon$2.call(CompletionService.scala:65)[0m
[31m  at java.base/java.util.concurrent.FutureTask.run(FutureTask.java:317)[0m
[31m  at java.base/java.util.concurrent.Executors$RunnableAdapter.call(Executors.java:572)[0m
[31m  at java.base/java.util.concurrent.FutureTask.run(FutureTask.java:317)[0m
[31m  at java.base/java.util.concurrent.ThreadPoolExecutor.runWorker(ThreadPoolExecutor.java:1144)[0m
[31m  at java.base/java.util.concurrent.ThreadPoolExecutor$Worker.run(ThreadPoolExecutor.java:642)[0m
[31m  at java.base/java.lang.Thread.run(Thread.java:1583)[0m
[31mSpec:[0m
[31mpdaes2fs(pda15).langByFinalStates.mustEqual(pda15.langByEmptyStacks, T ... [0m
[31m- should be terminated normally *** FAILED *** (2 milliseconds)[0m
[31m  Please implement `pdaes2fs` (Implementaion.scala:33). (SpecBase.scala:146)[0m
[31m  org.scalatest.exceptions.TestFailedException:[0m
[31m  at org.scalatest.Assertions.newAssertionFailedException(Assertions.scala:476)[0m
[31m  at org.scalatest.Assertions.newAssertionFailedException$(Assertions.scala:421)[0m
[31m  at org.scalatest.flatspec.AnyFlatSpec.newAssertionFailedException(AnyFlatSpec.scala:1685)[0m
[31m  at org.scalatest.Assertions.failImpl(Assertions.scala:1060)[0m
[31m  at org.scalatest.Assertions.org$scalatest$Assertions$$inline$failImpl(Assertions.scala:1056)[0m
[31m  at org.scalatest.Assertions.org$scalatest$Assertions$$inline$failImpl$(Assertions.scala:421)[0m
[31m  at org.scalatest.flatspec.AnyFlatSpec.org$scalatest$Assertions$$inline$failImpl(AnyFlatSpec.scala:1685)[0m
[31m  at kuplrg.SpecBase.failed(SpecBase.scala:146)[0m
[31m  at kuplrg.SpecBase.testFun$proxy1$1(SpecBase.scala:127)[0m
[31m  at kuplrg.SpecBase.newTest$$anonfun$1(SpecBase.scala:131)[0m
[31m  at org.scalatest.Transformer.apply$$anonfun$1(Transformer.scala:22)[0m
[31m  at org.scalatest.OutcomeOf.outcomeOf(OutcomeOf.scala:85)[0m
[31m  at org.scalatest.OutcomeOf.outcomeOf$(OutcomeOf.scala:31)[0m
[31m  at org.scalatest.OutcomeOf$.outcomeOf(OutcomeOf.scala:104)[0m
[31m  at org.scalatest.Transformer.apply(Transformer.scala:22)[0m
[31m  at org.scalatest.Transformer.apply(Transformer.scala:21)[0m
[31m  at org.scalatest.flatspec.AnyFlatSpecLike$$anon$5.apply(AnyFlatSpecLike.scala:1717)[0m
[31m  at org.scalatest.TestSuite.withFixture(TestSuite.scala:196)[0m
[31m  at org.scalatest.TestSuite.withFixture$(TestSuite.scala:138)[0m
[31m  at org.scalatest.flatspec.AnyFlatSpec.withFixture(AnyFlatSpec.scala:1685)[0m
[31m  at org.scalatest.flatspec.AnyFlatSpecLike.invokeWithFixture$1(AnyFlatSpecLike.scala:1723)[0m
[31m  at org.scalatest.flatspec.AnyFlatSpecLike.runTest$$anonfun$1(AnyFlatSpecLike.scala:1727)[0m
[31m  at org.scalatest.SuperEngine.runTestImpl(Engine.scala:306)[0m
[31m  at org.scalatest.flatspec.AnyFlatSpecLike.runTest(AnyFlatSpecLike.scala:1727)[0m
[31m  at org.scalatest.flatspec.AnyFlatSpecLike.runTest$(AnyFlatSpecLike.scala:51)[0m
[31m  at org.scalatest.flatspec.AnyFlatSpec.runTest(AnyFlatSpec.scala:1685)[0m
[31m  at org.scalatest.flatspec.AnyFlatSpecLike.runTests$$anonfun$1(AnyFlatSpecLike.scala:1785)[0m
[31m  at org.scalatest.SuperEngine.traverseSubNodes$1$$anonfun$1(Engine.scala:413)[0m
[31m  at scala.runtime.function.JProcedure1.apply(JProcedure1.java:15)[0m
[31m  at scala.runtime.function.JProcedure1.apply(JProcedure1.java:10)[0m
[31m  at scala.collection.immutable.List.foreach(List.scala:333)[0m
[31m  at org.scalatest.SuperEngine.traverseSubNodes$1(Engine.scala:429)[0m
[31m  at org.scalatest.SuperEngine.runTestsInBranch(Engine.scala:390)[0m
[31m  at org.scalatest.SuperEngine.traverseSubNodes$1$$anonfun$1(Engine.scala:427)[0m
[31m  at scala.runtime.function.JProcedure1.apply(JProcedure1.java:15)[0m
[31m  at scala.runtime.function.JProcedure1.apply(JProcedure1.java:10)[0m
[31m  at scala.collection.immutable.List.foreach(List.scala:333)[0m
[31m  at org.scalatest.SuperEngine.traverseSubNodes$1(Engine.scala:429)[0m
[31m  at org.scalatest.SuperEngine.runTestsInBranch(Engine.scala:396)[0m
[31m  at org.scalatest.SuperEngine.runTestsImpl(Engine.scala:475)[0m
[31m  at org.scalatest.flatspec.AnyFlatSpecLike.runTests(AnyFlatSpecLike.scala:1785)[0m
[31m  at org.scalatest.flatspec.AnyFlatSpecLike.runTests$(AnyFlatSpecLike.scala:51)[0m
[31m  at org.scalatest.flatspec.AnyFlatSpec.runTests(AnyFlatSpec.scala:1685)[0m
[31m  at org.scalatest.Suite.run(Suite.scala:1114)[0m
[31m  at org.scalatest.Suite.run$(Suite.scala:564)[0m
[31m  at org.scalatest.flatspec.AnyFlatSpec.org$scalatest$flatspec$AnyFlatSpecLike$$super$run(AnyFlatSpec.scala:1685)[0m
[31m  at org.scalatest.flatspec.AnyFlatSpecLike.run$$anonfun$1(AnyFlatSpecLike.scala:1830)[0m
[31m  at org.scalatest.SuperEngine.runImpl(Engine.scala:535)[0m
[31m  at org.scalatest.flatspec.AnyFlatSpecLike.run(AnyFlatSpecLike.scala:1830)[0m
[31m  at org.scalatest.flatspec.AnyFlatSpecLike.run$(AnyFlatSpecLike.scala:51)[0m
[31m  at kuplrg.Spec.org$scalatest$BeforeAndAfterAll$$super$run(Spec.scala:5)[0m
[31m  at org.scalatest.BeforeAndAfterAll.liftedTree1$1(BeforeAndAfterAll.scala:213)[0m
[31m  at org.scalatest.BeforeAndAfterAll.run(BeforeAndAfterAll.scala:217)[0m
[31m  at org.scalatest.BeforeAndAfterAll.run$(BeforeAndAfterAll.scala:135)[0m
[31m  at kuplrg.Spec.run(Spec.scala:5)[0m
[31m  at org.scalatest.tools.Framework.org$scalatest$tools$Framework$$runSuite(Framework.scala:321)[0m
[31m  at org.scalatest.tools.Framework$ScalaTestTask.execute(Framework.scala:517)[0m
[31m  at sbt.TestRunner.runTest$1(TestFramework.scala:153)[0m
[31m  at sbt.TestRunner.run(TestFramework.scala:168)[0m
[31m  at sbt.TestFramework$$anon$3$$anonfun$$lessinit$greater$1.$anonfun$apply$1(TestFramework.scala:336)[0m
[31m  at sbt.TestFramework$.sbt$TestFramework$$withContextLoader(TestFramework.scala:296)[0m
[31m  at sbt.TestFramework$$anon$3$$anonfun$$lessinit$greater$1.apply(TestFramework.scala:336)[0m
[31m  at sbt.TestFramework$$anon$3$$anonfun$$lessinit$greater$1.apply(TestFramework.scala:336)[0m
[31m  at sbt.TestFunction.apply(TestFramework.scala:348)[0m
[31m  at sbt.Tests$.$anonfun$toTask$1(Tests.scala:436)[0m
[31m  at sbt.std.Transform$$anon$3.$anonfun$apply$2(Transform.scala:47)[0m
[31m  at sbt.std.Transform$$anon$4.work(Transform.scala:69)[0m
[31m  at sbt.Execute.$anonfun$submit$2(Execute.scala:283)[0m
[31m  at sbt.internal.util.ErrorHandling$.wideConvert(ErrorHandling.scala:24)[0m
[31m  at sbt.Execute.work(Execute.scala:292)[0m
[31m  at sbt.Execute.$anonfun$submit$1(Execute.scala:283)[0m
[31m  at sbt.ConcurrentRestrictions$$anon$4.$anonfun$submitValid$1(ConcurrentRestrictions.scala:265)[0m
[31m  at sbt.CompletionService$$anon$2.call(CompletionService.scala:65)[0m
[31m  at java.base/java.util.concurrent.FutureTask.run(FutureTask.java:317)[0m
[31m  at java.base/java.util.concurrent.Executors$RunnableAdapter.call(Executors.java:572)[0m
[31m  at java.base/java.util.concurrent.FutureTask.run(FutureTask.java:317)[0m
[31m  at java.base/java.util.concurrent.ThreadPoolExecutor.runWorker(ThreadPoolExecutor.java:1144)[0m
[31m  at java.base/java.util.concurrent.ThreadPoolExecutor$Worker.run(ThreadPoolExecutor.java:642)[0m
[31m  at java.base/java.lang.Thread.run(Thread.java:1583)[0m
[31mSpec:[0m
[31mpdaes2fs(pda16).langByFinalStates.mustEqual(pda16.langByEmptyStacks, T ... [0m
[31m- should be terminated normally *** FAILED *** (2 milliseconds)[0m
[31m  Please implement `pdaes2fs` (Implementaion.scala:33). (SpecBase.scala:146)[0m
[31m  org.scalatest.exceptions.TestFailedException:[0m
[31m  at org.scalatest.Assertions.newAssertionFailedException(Assertions.scala:476)[0m
[31m  at org.scalatest.Assertions.newAssertionFailedException$(Assertions.scala:421)[0m
[31m  at org.scalatest.flatspec.AnyFlatSpec.newAssertionFailedException(AnyFlatSpec.scala:1685)[0m
[31m  at org.scalatest.Assertions.failImpl(Assertions.scala:1060)[0m
[31m  at org.scalatest.Assertions.org$scalatest$Assertions$$inline$failImpl(Assertions.scala:1056)[0m
[31m  at org.scalatest.Assertions.org$scalatest$Assertions$$inline$failImpl$(Assertions.scala:421)[0m
[31m  at org.scalatest.flatspec.AnyFlatSpec.org$scalatest$Assertions$$inline$failImpl(AnyFlatSpec.scala:1685)[0m
[31m  at kuplrg.SpecBase.failed(SpecBase.scala:146)[0m
[31m  at kuplrg.SpecBase.testFun$proxy1$1(SpecBase.scala:127)[0m
[31m  at kuplrg.SpecBase.newTest$$anonfun$1(SpecBase.scala:131)[0m
[31m  at org.scalatest.Transformer.apply$$anonfun$1(Transformer.scala:22)[0m
[31m  at org.scalatest.OutcomeOf.outcomeOf(OutcomeOf.scala:85)[0m
[31m  at org.scalatest.OutcomeOf.outcomeOf$(OutcomeOf.scala:31)[0m
[31m  at org.scalatest.OutcomeOf$.outcomeOf(OutcomeOf.scala:104)[0m
[31m  at org.scalatest.Transformer.apply(Transformer.scala:22)[0m
[31m  at org.scalatest.Transformer.apply(Transformer.scala:21)[0m
[31m  at org.scalatest.flatspec.AnyFlatSpecLike$$anon$5.apply(AnyFlatSpecLike.scala:1717)[0m
[31m  at org.scalatest.TestSuite.withFixture(TestSuite.scala:196)[0m
[31m  at org.scalatest.TestSuite.withFixture$(TestSuite.scala:138)[0m
[31m  at org.scalatest.flatspec.AnyFlatSpec.withFixture(AnyFlatSpec.scala:1685)[0m
[31m  at org.scalatest.flatspec.AnyFlatSpecLike.invokeWithFixture$1(AnyFlatSpecLike.scala:1723)[0m
[31m  at org.scalatest.flatspec.AnyFlatSpecLike.runTest$$anonfun$1(AnyFlatSpecLike.scala:1727)[0m
[31m  at org.scalatest.SuperEngine.runTestImpl(Engine.scala:306)[0m
[31m  at org.scalatest.flatspec.AnyFlatSpecLike.runTest(AnyFlatSpecLike.scala:1727)[0m
[31m  at org.scalatest.flatspec.AnyFlatSpecLike.runTest$(AnyFlatSpecLike.scala:51)[0m
[31m  at org.scalatest.flatspec.AnyFlatSpec.runTest(AnyFlatSpec.scala:1685)[0m
[31m  at org.scalatest.flatspec.AnyFlatSpecLike.runTests$$anonfun$1(AnyFlatSpecLike.scala:1785)[0m
[31m  at org.scalatest.SuperEngine.traverseSubNodes$1$$anonfun$1(Engine.scala:413)[0m
[31m  at scala.runtime.function.JProcedure1.apply(JProcedure1.java:15)[0m
[31m  at scala.runtime.function.JProcedure1.apply(JProcedure1.java:10)[0m
[31m  at scala.collection.immutable.List.foreach(List.scala:333)[0m
[31m  at org.scalatest.SuperEngine.traverseSubNodes$1(Engine.scala:429)[0m
[31m  at org.scalatest.SuperEngine.runTestsInBranch(Engine.scala:390)[0m
[31m  at org.scalatest.SuperEngine.traverseSubNodes$1$$anonfun$1(Engine.scala:427)[0m
[31m  at scala.runtime.function.JProcedure1.apply(JProcedure1.java:15)[0m
[31m  at scala.runtime.function.JProcedure1.apply(JProcedure1.java:10)[0m
[31m  at scala.collection.immutable.List.foreach(List.scala:333)[0m
[31m  at org.scalatest.SuperEngine.traverseSubNodes$1(Engine.scala:429)[0m
[31m  at org.scalatest.SuperEngine.runTestsInBranch(Engine.scala:396)[0m
[31m  at org.scalatest.SuperEngine.runTestsImpl(Engine.scala:475)[0m
[31m  at org.scalatest.flatspec.AnyFlatSpecLike.runTests(AnyFlatSpecLike.scala:1785)[0m
[31m  at org.scalatest.flatspec.AnyFlatSpecLike.runTests$(AnyFlatSpecLike.scala:51)[0m
[31m  at org.scalatest.flatspec.AnyFlatSpec.runTests(AnyFlatSpec.scala:1685)[0m
[31m  at org.scalatest.Suite.run(Suite.scala:1114)[0m
[31m  at org.scalatest.Suite.run$(Suite.scala:564)[0m
[31m  at org.scalatest.flatspec.AnyFlatSpec.org$scalatest$flatspec$AnyFlatSpecLike$$super$run(AnyFlatSpec.scala:1685)[0m
[31m  at org.scalatest.flatspec.AnyFlatSpecLike.run$$anonfun$1(AnyFlatSpecLike.scala:1830)[0m
[31m  at org.scalatest.SuperEngine.runImpl(Engine.scala:535)[0m
[31m  at org.scalatest.flatspec.AnyFlatSpecLike.run(AnyFlatSpecLike.scala:1830)[0m
[31m  at org.scalatest.flatspec.AnyFlatSpecLike.run$(AnyFlatSpecLike.scala:51)[0m
[31m  at kuplrg.Spec.org$scalatest$BeforeAndAfterAll$$super$run(Spec.scala:5)[0m
[31m  at org.scalatest.BeforeAndAfterAll.liftedTree1$1(BeforeAndAfterAll.scala:213)[0m
[31m  at org.scalatest.BeforeAndAfterAll.run(BeforeAndAfterAll.scala:217)[0m
[31m  at org.scalatest.BeforeAndAfterAll.run$(BeforeAndAfterAll.scala:135)[0m
[31m  at kuplrg.Spec.run(Spec.scala:5)[0m
[31m  at org.scalatest.tools.Framework.org$scalatest$tools$Framework$$runSuite(Framework.scala:321)[0m
[31m  at org.scalatest.tools.Framework$ScalaTestTask.execute(Framework.scala:517)[0m
[31m  at sbt.TestRunner.runTest$1(TestFramework.scala:153)[0m
[31m  at sbt.TestRunner.run(TestFramework.scala:168)[0m
[31m  at sbt.TestFramework$$anon$3$$anonfun$$lessinit$greater$1.$anonfun$apply$1(TestFramework.scala:336)[0m
[31m  at sbt.TestFramework$.sbt$TestFramework$$withContextLoader(TestFramework.scala:296)[0m
[31m  at sbt.TestFramework$$anon$3$$anonfun$$lessinit$greater$1.apply(TestFramework.scala:336)[0m
[31m  at sbt.TestFramework$$anon$3$$anonfun$$lessinit$greater$1.apply(TestFramework.scala:336)[0m
[31m  at sbt.TestFunction.apply(TestFramework.scala:348)[0m
[31m  at sbt.Tests$.$anonfun$toTask$1(Tests.scala:436)[0m
[31m  at sbt.std.Transform$$anon$3.$anonfun$apply$2(Transform.scala:47)[0m
[31m  at sbt.std.Transform$$anon$4.work(Transform.scala:69)[0m
[31m  at sbt.Execute.$anonfun$submit$2(Execute.scala:283)[0m
[31m  at sbt.internal.util.ErrorHandling$.wideConvert(ErrorHandling.scala:24)[0m
[31m  at sbt.Execute.work(Execute.scala:292)[0m
[31m  at sbt.Execute.$anonfun$submit$1(Execute.scala:283)[0m
[31m  at sbt.ConcurrentRestrictions$$anon$4.$anonfun$submitValid$1(ConcurrentRestrictions.scala:265)[0m
[31m  at sbt.CompletionService$$anon$2.call(CompletionService.scala:65)[0m
[31m  at java.base/java.util.concurrent.FutureTask.run(FutureTask.java:317)[0m
[31m  at java.base/java.util.concurrent.Executors$RunnableAdapter.call(Executors.java:572)[0m
[31m  at java.base/java.util.concurrent.FutureTask.run(FutureTask.java:317)[0m
[31m  at java.base/java.util.concurrent.ThreadPoolExecutor.runWorker(ThreadPoolExecutor.java:1144)[0m
[31m  at java.base/java.util.concurrent.ThreadPoolExecutor$Worker.run(ThreadPoolExecutor.java:642)[0m
[31m  at java.base/java.lang.Thread.run(Thread.java:1583)[0m
[31mSpec:[0m
[31mpdaes2fs(pda17).langByFinalStates.mustEqual(pda17.langByEmptyStacks, T ... [0m
[31m- should be terminated normally *** FAILED *** (3 milliseconds)[0m
[31m  Please implement `pdaes2fs` (Implementaion.scala:33). (SpecBase.scala:146)[0m
[31m  org.scalatest.exceptions.TestFailedException:[0m
[31m  at org.scalatest.Assertions.newAssertionFailedException(Assertions.scala:476)[0m
[31m  at org.scalatest.Assertions.newAssertionFailedException$(Assertions.scala:421)[0m
[31m  at org.scalatest.flatspec.AnyFlatSpec.newAssertionFailedException(AnyFlatSpec.scala:1685)[0m
[31m  at org.scalatest.Assertions.failImpl(Assertions.scala:1060)[0m
[31m  at org.scalatest.Assertions.org$scalatest$Assertions$$inline$failImpl(Assertions.scala:1056)[0m
[31m  at org.scalatest.Assertions.org$scalatest$Assertions$$inline$failImpl$(Assertions.scala:421)[0m
[31m  at org.scalatest.flatspec.AnyFlatSpec.org$scalatest$Assertions$$inline$failImpl(AnyFlatSpec.scala:1685)[0m
[31m  at kuplrg.SpecBase.failed(SpecBase.scala:146)[0m
[31m  at kuplrg.SpecBase.testFun$proxy1$1(SpecBase.scala:127)[0m
[31m  at kuplrg.SpecBase.newTest$$anonfun$1(SpecBase.scala:131)[0m
[31m  at org.scalatest.Transformer.apply$$anonfun$1(Transformer.scala:22)[0m
[31m  at org.scalatest.OutcomeOf.outcomeOf(OutcomeOf.scala:85)[0m
[31m  at org.scalatest.OutcomeOf.outcomeOf$(OutcomeOf.scala:31)[0m
[31m  at org.scalatest.OutcomeOf$.outcomeOf(OutcomeOf.scala:104)[0m
[31m  at org.scalatest.Transformer.apply(Transformer.scala:22)[0m
[31m  at org.scalatest.Transformer.apply(Transformer.scala:21)[0m
[31m  at org.scalatest.flatspec.AnyFlatSpecLike$$anon$5.apply(AnyFlatSpecLike.scala:1717)[0m
[31m  at org.scalatest.TestSuite.withFixture(TestSuite.scala:196)[0m
[31m  at org.scalatest.TestSuite.withFixture$(TestSuite.scala:138)[0m
[31m  at org.scalatest.flatspec.AnyFlatSpec.withFixture(AnyFlatSpec.scala:1685)[0m
[31m  at org.scalatest.flatspec.AnyFlatSpecLike.invokeWithFixture$1(AnyFlatSpecLike.scala:1723)[0m
[31m  at org.scalatest.flatspec.AnyFlatSpecLike.runTest$$anonfun$1(AnyFlatSpecLike.scala:1727)[0m
[31m  at org.scalatest.SuperEngine.runTestImpl(Engine.scala:306)[0m
[31m  at org.scalatest.flatspec.AnyFlatSpecLike.runTest(AnyFlatSpecLike.scala:1727)[0m
[31m  at org.scalatest.flatspec.AnyFlatSpecLike.runTest$(AnyFlatSpecLike.scala:51)[0m
[31m  at org.scalatest.flatspec.AnyFlatSpec.runTest(AnyFlatSpec.scala:1685)[0m
[31m  at org.scalatest.flatspec.AnyFlatSpecLike.runTests$$anonfun$1(AnyFlatSpecLike.scala:1785)[0m
[31m  at org.scalatest.SuperEngine.traverseSubNodes$1$$anonfun$1(Engine.scala:413)[0m
[31m  at scala.runtime.function.JProcedure1.apply(JProcedure1.java:15)[0m
[31m  at scala.runtime.function.JProcedure1.apply(JProcedure1.java:10)[0m
[31m  at scala.collection.immutable.List.foreach(List.scala:333)[0m
[31m  at org.scalatest.SuperEngine.traverseSubNodes$1(Engine.scala:429)[0m
[31m  at org.scalatest.SuperEngine.runTestsInBranch(Engine.scala:390)[0m
[31m  at org.scalatest.SuperEngine.traverseSubNodes$1$$anonfun$1(Engine.scala:427)[0m
[31m  at scala.runtime.function.JProcedure1.apply(JProcedure1.java:15)[0m
[31m  at scala.runtime.function.JProcedure1.apply(JProcedure1.java:10)[0m
[31m  at scala.collection.immutable.List.foreach(List.scala:333)[0m
[31m  at org.scalatest.SuperEngine.traverseSubNodes$1(Engine.scala:429)[0m
[31m  at org.scalatest.SuperEngine.runTestsInBranch(Engine.scala:396)[0m
[31m  at org.scalatest.SuperEngine.runTestsImpl(Engine.scala:475)[0m
[31m  at org.scalatest.flatspec.AnyFlatSpecLike.runTests(AnyFlatSpecLike.scala:1785)[0m
[31m  at org.scalatest.flatspec.AnyFlatSpecLike.runTests$(AnyFlatSpecLike.scala:51)[0m
[31m  at org.scalatest.flatspec.AnyFlatSpec.runTests(AnyFlatSpec.scala:1685)[0m
[31m  at org.scalatest.Suite.run(Suite.scala:1114)[0m
[31m  at org.scalatest.Suite.run$(Suite.scala:564)[0m
[31m  at org.scalatest.flatspec.AnyFlatSpec.org$scalatest$flatspec$AnyFlatSpecLike$$super$run(AnyFlatSpec.scala:1685)[0m
[31m  at org.scalatest.flatspec.AnyFlatSpecLike.run$$anonfun$1(AnyFlatSpecLike.scala:1830)[0m
[31m  at org.scalatest.SuperEngine.runImpl(Engine.scala:535)[0m
[31m  at org.scalatest.flatspec.AnyFlatSpecLike.run(AnyFlatSpecLike.scala:1830)[0m
[31m  at org.scalatest.flatspec.AnyFlatSpecLike.run$(AnyFlatSpecLike.scala:51)[0m
[31m  at kuplrg.Spec.org$scalatest$BeforeAndAfterAll$$super$run(Spec.scala:5)[0m
[31m  at org.scalatest.BeforeAndAfterAll.liftedTree1$1(BeforeAndAfterAll.scala:213)[0m
[31m  at org.scalatest.BeforeAndAfterAll.run(BeforeAndAfterAll.scala:217)[0m
[31m  at org.scalatest.BeforeAndAfterAll.run$(BeforeAndAfterAll.scala:135)[0m
[31m  at kuplrg.Spec.run(Spec.scala:5)[0m
[31m  at org.scalatest.tools.Framework.org$scalatest$tools$Framework$$runSuite(Framework.scala:321)[0m
[31m  at org.scalatest.tools.Framework$ScalaTestTask.execute(Framework.scala:517)[0m
[31m  at sbt.TestRunner.runTest$1(TestFramework.scala:153)[0m
[31m  at sbt.TestRunner.run(TestFramework.scala:168)[0m
[31m  at sbt.TestFramework$$anon$3$$anonfun$$lessinit$greater$1.$anonfun$apply$1(TestFramework.scala:336)[0m
[31m  at sbt.TestFramework$.sbt$TestFramework$$withContextLoader(TestFramework.scala:296)[0m
[31m  at sbt.TestFramework$$anon$3$$anonfun$$lessinit$greater$1.apply(TestFramework.scala:336)[0m
[31m  at sbt.TestFramework$$anon$3$$anonfun$$lessinit$greater$1.apply(TestFramework.scala:336)[0m
[31m  at sbt.TestFunction.apply(TestFramework.scala:348)[0m
[31m  at sbt.Tests$.$anonfun$toTask$1(Tests.scala:436)[0m
[31m  at sbt.std.Transform$$anon$3.$anonfun$apply$2(Transform.scala:47)[0m
[31m  at sbt.std.Transform$$anon$4.work(Transform.scala:69)[0m
[31m  at sbt.Execute.$anonfun$submit$2(Execute.scala:283)[0m
[31m  at sbt.internal.util.ErrorHandling$.wideConvert(ErrorHandling.scala:24)[0m
[31m  at sbt.Execute.work(Execute.scala:292)[0m
[31m  at sbt.Execute.$anonfun$submit$1(Execute.scala:283)[0m
[31m  at sbt.ConcurrentRestrictions$$anon$4.$anonfun$submitValid$1(ConcurrentRestrictions.scala:265)[0m
[31m  at sbt.CompletionService$$anon$2.call(CompletionService.scala:65)[0m
[31m  at java.base/java.util.concurrent.FutureTask.run(FutureTask.java:317)[0m
[31m  at java.base/java.util.concurrent.Executors$RunnableAdapter.call(Executors.java:572)[0m
[31m  at java.base/java.util.concurrent.FutureTask.run(FutureTask.java:317)[0m
[31m  at java.base/java.util.concurrent.ThreadPoolExecutor.runWorker(ThreadPoolExecutor.java:1144)[0m
[31m  at java.base/java.util.concurrent.ThreadPoolExecutor$Worker.run(ThreadPoolExecutor.java:642)[0m
[31m  at java.base/java.lang.Thread.run(Thread.java:1583)[0m
[31mSpec:[0m
[31mpdaes2fs(pda18).langByFinalStates.mustEqual(pda18.langByEmptyStacks, T ... [0m
[31m- should be terminated normally *** FAILED *** (2 milliseconds)[0m
[31m  Please implement `pdaes2fs` (Implementaion.scala:33). (SpecBase.scala:146)[0m
[31m  org.scalatest.exceptions.TestFailedException:[0m
[31m  at org.scalatest.Assertions.newAssertionFailedException(Assertions.scala:476)[0m
[31m  at org.scalatest.Assertions.newAssertionFailedException$(Assertions.scala:421)[0m
[31m  at org.scalatest.flatspec.AnyFlatSpec.newAssertionFailedException(AnyFlatSpec.scala:1685)[0m
[31m  at org.scalatest.Assertions.failImpl(Assertions.scala:1060)[0m
[31m  at org.scalatest.Assertions.org$scalatest$Assertions$$inline$failImpl(Assertions.scala:1056)[0m
[31m  at org.scalatest.Assertions.org$scalatest$Assertions$$inline$failImpl$(Assertions.scala:421)[0m
[31m  at org.scalatest.flatspec.AnyFlatSpec.org$scalatest$Assertions$$inline$failImpl(AnyFlatSpec.scala:1685)[0m
[31m  at kuplrg.SpecBase.failed(SpecBase.scala:146)[0m
[31m  at kuplrg.SpecBase.testFun$proxy1$1(SpecBase.scala:127)[0m
[31m  at kuplrg.SpecBase.newTest$$anonfun$1(SpecBase.scala:131)[0m
[31m  at org.scalatest.Transformer.apply$$anonfun$1(Transformer.scala:22)[0m
[31m  at org.scalatest.OutcomeOf.outcomeOf(OutcomeOf.scala:85)[0m
[31m  at org.scalatest.OutcomeOf.outcomeOf$(OutcomeOf.scala:31)[0m
[31m  at org.scalatest.OutcomeOf$.outcomeOf(OutcomeOf.scala:104)[0m
[31m  at org.scalatest.Transformer.apply(Transformer.scala:22)[0m
[31m  at org.scalatest.Transformer.apply(Transformer.scala:21)[0m
[31m  at org.scalatest.flatspec.AnyFlatSpecLike$$anon$5.apply(AnyFlatSpecLike.scala:1717)[0m
[31m  at org.scalatest.TestSuite.withFixture(TestSuite.scala:196)[0m
[31m  at org.scalatest.TestSuite.withFixture$(TestSuite.scala:138)[0m
[31m  at org.scalatest.flatspec.AnyFlatSpec.withFixture(AnyFlatSpec.scala:1685)[0m
[31m  at org.scalatest.flatspec.AnyFlatSpecLike.invokeWithFixture$1(AnyFlatSpecLike.scala:1723)[0m
[31m  at org.scalatest.flatspec.AnyFlatSpecLike.runTest$$anonfun$1(AnyFlatSpecLike.scala:1727)[0m
[31m  at org.scalatest.SuperEngine.runTestImpl(Engine.scala:306)[0m
[31m  at org.scalatest.flatspec.AnyFlatSpecLike.runTest(AnyFlatSpecLike.scala:1727)[0m
[31m  at org.scalatest.flatspec.AnyFlatSpecLike.runTest$(AnyFlatSpecLike.scala:51)[0m
[31m  at org.scalatest.flatspec.AnyFlatSpec.runTest(AnyFlatSpec.scala:1685)[0m
[31m  at org.scalatest.flatspec.AnyFlatSpecLike.runTests$$anonfun$1(AnyFlatSpecLike.scala:1785)[0m
[31m  at org.scalatest.SuperEngine.traverseSubNodes$1$$anonfun$1(Engine.scala:413)[0m
[31m  at scala.runtime.function.JProcedure1.apply(JProcedure1.java:15)[0m
[31m  at scala.runtime.function.JProcedure1.apply(JProcedure1.java:10)[0m
[31m  at scala.collection.immutable.List.foreach(List.scala:333)[0m
[31m  at org.scalatest.SuperEngine.traverseSubNodes$1(Engine.scala:429)[0m
[31m  at org.scalatest.SuperEngine.runTestsInBranch(Engine.scala:390)[0m
[31m  at org.scalatest.SuperEngine.traverseSubNodes$1$$anonfun$1(Engine.scala:427)[0m
[31m  at scala.runtime.function.JProcedure1.apply(JProcedure1.java:15)[0m
[31m  at scala.runtime.function.JProcedure1.apply(JProcedure1.java:10)[0m
[31m  at scala.collection.immutable.List.foreach(List.scala:333)[0m
[31m  at org.scalatest.SuperEngine.traverseSubNodes$1(Engine.scala:429)[0m
[31m  at org.scalatest.SuperEngine.runTestsInBranch(Engine.scala:396)[0m
[31m  at org.scalatest.SuperEngine.runTestsImpl(Engine.scala:475)[0m
[31m  at org.scalatest.flatspec.AnyFlatSpecLike.runTests(AnyFlatSpecLike.scala:1785)[0m
[31m  at org.scalatest.flatspec.AnyFlatSpecLike.runTests$(AnyFlatSpecLike.scala:51)[0m
[31m  at org.scalatest.flatspec.AnyFlatSpec.runTests(AnyFlatSpec.scala:1685)[0m
[31m  at org.scalatest.Suite.run(Suite.scala:1114)[0m
[31m  at org.scalatest.Suite.run$(Suite.scala:564)[0m
[31m  at org.scalatest.flatspec.AnyFlatSpec.org$scalatest$flatspec$AnyFlatSpecLike$$super$run(AnyFlatSpec.scala:1685)[0m
[31m  at org.scalatest.flatspec.AnyFlatSpecLike.run$$anonfun$1(AnyFlatSpecLike.scala:1830)[0m
[31m  at org.scalatest.SuperEngine.runImpl(Engine.scala:535)[0m
[31m  at org.scalatest.flatspec.AnyFlatSpecLike.run(AnyFlatSpecLike.scala:1830)[0m
[31m  at org.scalatest.flatspec.AnyFlatSpecLike.run$(AnyFlatSpecLike.scala:51)[0m
[31m  at kuplrg.Spec.org$scalatest$BeforeAndAfterAll$$super$run(Spec.scala:5)[0m
[31m  at org.scalatest.BeforeAndAfterAll.liftedTree1$1(BeforeAndAfterAll.scala:213)[0m
[31m  at org.scalatest.BeforeAndAfterAll.run(BeforeAndAfterAll.scala:217)[0m
[31m  at org.scalatest.BeforeAndAfterAll.run$(BeforeAndAfterAll.scala:135)[0m
[31m  at kuplrg.Spec.run(Spec.scala:5)[0m
[31m  at org.scalatest.tools.Framework.org$scalatest$tools$Framework$$runSuite(Framework.scala:321)[0m
[31m  at org.scalatest.tools.Framework$ScalaTestTask.execute(Framework.scala:517)[0m
[31m  at sbt.TestRunner.runTest$1(TestFramework.scala:153)[0m
[31m  at sbt.TestRunner.run(TestFramework.scala:168)[0m
[31m  at sbt.TestFramework$$anon$3$$anonfun$$lessinit$greater$1.$anonfun$apply$1(TestFramework.scala:336)[0m
[31m  at sbt.TestFramework$.sbt$TestFramework$$withContextLoader(TestFramework.scala:296)[0m
[31m  at sbt.TestFramework$$anon$3$$anonfun$$lessinit$greater$1.apply(TestFramework.scala:336)[0m
[31m  at sbt.TestFramework$$anon$3$$anonfun$$lessinit$greater$1.apply(TestFramework.scala:336)[0m
[31m  at sbt.TestFunction.apply(TestFramework.scala:348)[0m
[31m  at sbt.Tests$.$anonfun$toTask$1(Tests.scala:436)[0m
[31m  at sbt.std.Transform$$anon$3.$anonfun$apply$2(Transform.scala:47)[0m
[31m  at sbt.std.Transform$$anon$4.work(Transform.scala:69)[0m
[31m  at sbt.Execute.$anonfun$submit$2(Execute.scala:283)[0m
[31m  at sbt.internal.util.ErrorHandling$.wideConvert(ErrorHandling.scala:24)[0m
[31m  at sbt.Execute.work(Execute.scala:292)[0m
[31m  at sbt.Execute.$anonfun$submit$1(Execute.scala:283)[0m
[31m  at sbt.ConcurrentRestrictions$$anon$4.$anonfun$submitValid$1(ConcurrentRestrictions.scala:265)[0m
[31m  at sbt.CompletionService$$anon$2.call(CompletionService.scala:65)[0m
[31m  at java.base/java.util.concurrent.FutureTask.run(FutureTask.java:317)[0m
[31m  at java.base/java.util.concurrent.Executors$RunnableAdapter.call(Executors.java:572)[0m
[31m  at java.base/java.util.concurrent.FutureTask.run(FutureTask.java:317)[0m
[31m  at java.base/java.util.concurrent.ThreadPoolExecutor.runWorker(ThreadPoolExecutor.java:1144)[0m
[31m  at java.base/java.util.concurrent.ThreadPoolExecutor$Worker.run(ThreadPoolExecutor.java:642)[0m
[31m  at java.base/java.lang.Thread.run(Thread.java:1583)[0m
[31mSpec:[0m
[31mpdaes2fs(pda19).langByFinalStates.mustEqual(pda19.langByEmptyStacks, T ... [0m
[31m- should be terminated normally *** FAILED *** (1 millisecond)[0m
[31m  Please implement `pdaes2fs` (Implementaion.scala:33). (SpecBase.scala:146)[0m
[31m  org.scalatest.exceptions.TestFailedException:[0m
[31m  at org.scalatest.Assertions.newAssertionFailedException(Assertions.scala:476)[0m
[31m  at org.scalatest.Assertions.newAssertionFailedException$(Assertions.scala:421)[0m
[31m  at org.scalatest.flatspec.AnyFlatSpec.newAssertionFailedException(AnyFlatSpec.scala:1685)[0m
[31m  at org.scalatest.Assertions.failImpl(Assertions.scala:1060)[0m
[31m  at org.scalatest.Assertions.org$scalatest$Assertions$$inline$failImpl(Assertions.scala:1056)[0m
[31m  at org.scalatest.Assertions.org$scalatest$Assertions$$inline$failImpl$(Assertions.scala:421)[0m
[31m  at org.scalatest.flatspec.AnyFlatSpec.org$scalatest$Assertions$$inline$failImpl(AnyFlatSpec.scala:1685)[0m
[31m  at kuplrg.SpecBase.failed(SpecBase.scala:146)[0m
[31m  at kuplrg.SpecBase.testFun$proxy1$1(SpecBase.scala:127)[0m
[31m  at kuplrg.SpecBase.newTest$$anonfun$1(SpecBase.scala:131)[0m
[31m  at org.scalatest.Transformer.apply$$anonfun$1(Transformer.scala:22)[0m
[31m  at org.scalatest.OutcomeOf.outcomeOf(OutcomeOf.scala:85)[0m
[31m  at org.scalatest.OutcomeOf.outcomeOf$(OutcomeOf.scala:31)[0m
[31m  at org.scalatest.OutcomeOf$.outcomeOf(OutcomeOf.scala:104)[0m
[31m  at org.scalatest.Transformer.apply(Transformer.scala:22)[0m
[31m  at org.scalatest.Transformer.apply(Transformer.scala:21)[0m
[31m  at org.scalatest.flatspec.AnyFlatSpecLike$$anon$5.apply(AnyFlatSpecLike.scala:1717)[0m
[31m  at org.scalatest.TestSuite.withFixture(TestSuite.scala:196)[0m
[31m  at org.scalatest.TestSuite.withFixture$(TestSuite.scala:138)[0m
[31m  at org.scalatest.flatspec.AnyFlatSpec.withFixture(AnyFlatSpec.scala:1685)[0m
[31m  at org.scalatest.flatspec.AnyFlatSpecLike.invokeWithFixture$1(AnyFlatSpecLike.scala:1723)[0m
[31m  at org.scalatest.flatspec.AnyFlatSpecLike.runTest$$anonfun$1(AnyFlatSpecLike.scala:1727)[0m
[31m  at org.scalatest.SuperEngine.runTestImpl(Engine.scala:306)[0m
[31m  at org.scalatest.flatspec.AnyFlatSpecLike.runTest(AnyFlatSpecLike.scala:1727)[0m
[31m  at org.scalatest.flatspec.AnyFlatSpecLike.runTest$(AnyFlatSpecLike.scala:51)[0m
[31m  at org.scalatest.flatspec.AnyFlatSpec.runTest(AnyFlatSpec.scala:1685)[0m
[31m  at org.scalatest.flatspec.AnyFlatSpecLike.runTests$$anonfun$1(AnyFlatSpecLike.scala:1785)[0m
[31m  at org.scalatest.SuperEngine.traverseSubNodes$1$$anonfun$1(Engine.scala:413)[0m
[31m  at scala.runtime.function.JProcedure1.apply(JProcedure1.java:15)[0m
[31m  at scala.runtime.function.JProcedure1.apply(JProcedure1.java:10)[0m
[31m  at scala.collection.immutable.List.foreach(List.scala:333)[0m
[31m  at org.scalatest.SuperEngine.traverseSubNodes$1(Engine.scala:429)[0m
[31m  at org.scalatest.SuperEngine.runTestsInBranch(Engine.scala:390)[0m
[31m  at org.scalatest.SuperEngine.traverseSubNodes$1$$anonfun$1(Engine.scala:427)[0m
[31m  at scala.runtime.function.JProcedure1.apply(JProcedure1.java:15)[0m
[31m  at scala.runtime.function.JProcedure1.apply(JProcedure1.java:10)[0m
[31m  at scala.collection.immutable.List.foreach(List.scala:333)[0m
[31m  at org.scalatest.SuperEngine.traverseSubNodes$1(Engine.scala:429)[0m
[31m  at org.scalatest.SuperEngine.runTestsInBranch(Engine.scala:396)[0m
[31m  at org.scalatest.SuperEngine.runTestsImpl(Engine.scala:475)[0m
[31m  at org.scalatest.flatspec.AnyFlatSpecLike.runTests(AnyFlatSpecLike.scala:1785)[0m
[31m  at org.scalatest.flatspec.AnyFlatSpecLike.runTests$(AnyFlatSpecLike.scala:51)[0m
[31m  at org.scalatest.flatspec.AnyFlatSpec.runTests(AnyFlatSpec.scala:1685)[0m
[31m  at org.scalatest.Suite.run(Suite.scala:1114)[0m
[31m  at org.scalatest.Suite.run$(Suite.scala:564)[0m
[31m  at org.scalatest.flatspec.AnyFlatSpec.org$scalatest$flatspec$AnyFlatSpecLike$$super$run(AnyFlatSpec.scala:1685)[0m
[31m  at org.scalatest.flatspec.AnyFlatSpecLike.run$$anonfun$1(AnyFlatSpecLike.scala:1830)[0m
[31m  at org.scalatest.SuperEngine.runImpl(Engine.scala:535)[0m
[31m  at org.scalatest.flatspec.AnyFlatSpecLike.run(AnyFlatSpecLike.scala:1830)[0m
[31m  at org.scalatest.flatspec.AnyFlatSpecLike.run$(AnyFlatSpecLike.scala:51)[0m
[31m  at kuplrg.Spec.org$scalatest$BeforeAndAfterAll$$super$run(Spec.scala:5)[0m
[31m  at org.scalatest.BeforeAndAfterAll.liftedTree1$1(BeforeAndAfterAll.scala:213)[0m
[31m  at org.scalatest.BeforeAndAfterAll.run(BeforeAndAfterAll.scala:217)[0m
[31m  at org.scalatest.BeforeAndAfterAll.run$(BeforeAndAfterAll.scala:135)[0m
[31m  at kuplrg.Spec.run(Spec.scala:5)[0m
[31m  at org.scalatest.tools.Framework.org$scalatest$tools$Framework$$runSuite(Framework.scala:321)[0m
[31m  at org.scalatest.tools.Framework$ScalaTestTask.execute(Framework.scala:517)[0m
[31m  at sbt.TestRunner.runTest$1(TestFramework.scala:153)[0m
[31m  at sbt.TestRunner.run(TestFramework.scala:168)[0m
[31m  at sbt.TestFramework$$anon$3$$anonfun$$lessinit$greater$1.$anonfun$apply$1(TestFramework.scala:336)[0m
[31m  at sbt.TestFramework$.sbt$TestFramework$$withContextLoader(TestFramework.scala:296)[0m
[31m  at sbt.TestFramework$$anon$3$$anonfun$$lessinit$greater$1.apply(TestFramework.scala:336)[0m
[31m  at sbt.TestFramework$$anon$3$$anonfun$$lessinit$greater$1.apply(TestFramework.scala:336)[0m
[31m  at sbt.TestFunction.apply(TestFramework.scala:348)[0m
[31m  at sbt.Tests$.$anonfun$toTask$1(Tests.scala:436)[0m
[31m  at sbt.std.Transform$$anon$3.$anonfun$apply$2(Transform.scala:47)[0m
[31m  at sbt.std.Transform$$anon$4.work(Transform.scala:69)[0m
[31m  at sbt.Execute.$anonfun$submit$2(Execute.scala:283)[0m
[31m  at sbt.internal.util.ErrorHandling$.wideConvert(ErrorHandling.scala:24)[0m
[31m  at sbt.Execute.work(Execute.scala:292)[0m
[31m  at sbt.Execute.$anonfun$submit$1(Execute.scala:283)[0m
[31m  at sbt.ConcurrentRestrictions$$anon$4.$anonfun$submitValid$1(ConcurrentRestrictions.scala:265)[0m
[31m  at sbt.CompletionService$$anon$2.call(CompletionService.scala:65)[0m
[31m  at java.base/java.util.concurrent.FutureTask.run(FutureTask.java:317)[0m
[31m  at java.base/java.util.concurrent.Executors$RunnableAdapter.call(Executors.java:572)[0m
[31m  at java.base/java.util.concurrent.FutureTask.run(FutureTask.java:317)[0m
[31m  at java.base/java.util.concurrent.ThreadPoolExecutor.runWorker(ThreadPoolExecutor.java:1144)[0m
[31m  at java.base/java.util.concurrent.ThreadPoolExecutor$Worker.run(ThreadPoolExecutor.java:642)[0m
[31m  at java.base/java.lang.Thread.run(Thread.java:1583)[0m
[31mSpec:[0m
[31mpdaes2fs(pda20).langByFinalStates.mustEqual(pda20.langByEmptyStacks, T ... [0m
[31m- should be terminated normally *** FAILED *** (1 millisecond)[0m
[31m  Please implement `pdaes2fs` (Implementaion.scala:33). (SpecBase.scala:146)[0m
[31m  org.scalatest.exceptions.TestFailedException:[0m
[31m  at org.scalatest.Assertions.newAssertionFailedException(Assertions.scala:476)[0m
[31m  at org.scalatest.Assertions.newAssertionFailedException$(Assertions.scala:421)[0m
[31m  at org.scalatest.flatspec.AnyFlatSpec.newAssertionFailedException(AnyFlatSpec.scala:1685)[0m
[31m  at org.scalatest.Assertions.failImpl(Assertions.scala:1060)[0m
[31m  at org.scalatest.Assertions.org$scalatest$Assertions$$inline$failImpl(Assertions.scala:1056)[0m
[31m  at org.scalatest.Assertions.org$scalatest$Assertions$$inline$failImpl$(Assertions.scala:421)[0m
[31m  at org.scalatest.flatspec.AnyFlatSpec.org$scalatest$Assertions$$inline$failImpl(AnyFlatSpec.scala:1685)[0m
[31m  at kuplrg.SpecBase.failed(SpecBase.scala:146)[0m
[31m  at kuplrg.SpecBase.testFun$proxy1$1(SpecBase.scala:127)[0m
[31m  at kuplrg.SpecBase.newTest$$anonfun$1(SpecBase.scala:131)[0m
[31m  at org.scalatest.Transformer.apply$$anonfun$1(Transformer.scala:22)[0m
[31m  at org.scalatest.OutcomeOf.outcomeOf(OutcomeOf.scala:85)[0m
[31m  at org.scalatest.OutcomeOf.outcomeOf$(OutcomeOf.scala:31)[0m
[31m  at org.scalatest.OutcomeOf$.outcomeOf(OutcomeOf.scala:104)[0m
[31m  at org.scalatest.Transformer.apply(Transformer.scala:22)[0m
[31m  at org.scalatest.Transformer.apply(Transformer.scala:21)[0m
[31m  at org.scalatest.flatspec.AnyFlatSpecLike$$anon$5.apply(AnyFlatSpecLike.scala:1717)[0m
[31m  at org.scalatest.TestSuite.withFixture(TestSuite.scala:196)[0m
[31m  at org.scalatest.TestSuite.withFixture$(TestSuite.scala:138)[0m
[31m  at org.scalatest.flatspec.AnyFlatSpec.withFixture(AnyFlatSpec.scala:1685)[0m
[31m  at org.scalatest.flatspec.AnyFlatSpecLike.invokeWithFixture$1(AnyFlatSpecLike.scala:1723)[0m
[31m  at org.scalatest.flatspec.AnyFlatSpecLike.runTest$$anonfun$1(AnyFlatSpecLike.scala:1727)[0m
[31m  at org.scalatest.SuperEngine.runTestImpl(Engine.scala:306)[0m
[31m  at org.scalatest.flatspec.AnyFlatSpecLike.runTest(AnyFlatSpecLike.scala:1727)[0m
[31m  at org.scalatest.flatspec.AnyFlatSpecLike.runTest$(AnyFlatSpecLike.scala:51)[0m
[31m  at org.scalatest.flatspec.AnyFlatSpec.runTest(AnyFlatSpec.scala:1685)[0m
[31m  at org.scalatest.flatspec.AnyFlatSpecLike.runTests$$anonfun$1(AnyFlatSpecLike.scala:1785)[0m
[31m  at org.scalatest.SuperEngine.traverseSubNodes$1$$anonfun$1(Engine.scala:413)[0m
[31m  at scala.runtime.function.JProcedure1.apply(JProcedure1.java:15)[0m
[31m  at scala.runtime.function.JProcedure1.apply(JProcedure1.java:10)[0m
[31m  at scala.collection.immutable.List.foreach(List.scala:333)[0m
[31m  at org.scalatest.SuperEngine.traverseSubNodes$1(Engine.scala:429)[0m
[31m  at org.scalatest.SuperEngine.runTestsInBranch(Engine.scala:390)[0m
[31m  at org.scalatest.SuperEngine.traverseSubNodes$1$$anonfun$1(Engine.scala:427)[0m
[31m  at scala.runtime.function.JProcedure1.apply(JProcedure1.java:15)[0m
[31m  at scala.runtime.function.JProcedure1.apply(JProcedure1.java:10)[0m
[31m  at scala.collection.immutable.List.foreach(List.scala:333)[0m
[31m  at org.scalatest.SuperEngine.traverseSubNodes$1(Engine.scala:429)[0m
[31m  at org.scalatest.SuperEngine.runTestsInBranch(Engine.scala:396)[0m
[31m  at org.scalatest.SuperEngine.runTestsImpl(Engine.scala:475)[0m
[31m  at org.scalatest.flatspec.AnyFlatSpecLike.runTests(AnyFlatSpecLike.scala:1785)[0m
[31m  at org.scalatest.flatspec.AnyFlatSpecLike.runTests$(AnyFlatSpecLike.scala:51)[0m
[31m  at org.scalatest.flatspec.AnyFlatSpec.runTests(AnyFlatSpec.scala:1685)[0m
[31m  at org.scalatest.Suite.run(Suite.scala:1114)[0m
[31m  at org.scalatest.Suite.run$(Suite.scala:564)[0m
[31m  at org.scalatest.flatspec.AnyFlatSpec.org$scalatest$flatspec$AnyFlatSpecLike$$super$run(AnyFlatSpec.scala:1685)[0m
[31m  at org.scalatest.flatspec.AnyFlatSpecLike.run$$anonfun$1(AnyFlatSpecLike.scala:1830)[0m
[31m  at org.scalatest.SuperEngine.runImpl(Engine.scala:535)[0m
[31m  at org.scalatest.flatspec.AnyFlatSpecLike.run(AnyFlatSpecLike.scala:1830)[0m
[31m  at org.scalatest.flatspec.AnyFlatSpecLike.run$(AnyFlatSpecLike.scala:51)[0m
[31m  at kuplrg.Spec.org$scalatest$BeforeAndAfterAll$$super$run(Spec.scala:5)[0m
[31m  at org.scalatest.BeforeAndAfterAll.liftedTree1$1(BeforeAndAfterAll.scala:213)[0m
[31m  at org.scalatest.BeforeAndAfterAll.run(BeforeAndAfterAll.scala:217)[0m
[31m  at org.scalatest.BeforeAndAfterAll.run$(BeforeAndAfterAll.scala:135)[0m
[31m  at kuplrg.Spec.run(Spec.scala:5)[0m
[31m  at org.scalatest.tools.Framework.org$scalatest$tools$Framework$$runSuite(Framework.scala:321)[0m
[31m  at org.scalatest.tools.Framework$ScalaTestTask.execute(Framework.scala:517)[0m
[31m  at sbt.TestRunner.runTest$1(TestFramework.scala:153)[0m
[31m  at sbt.TestRunner.run(TestFramework.scala:168)[0m
[31m  at sbt.TestFramework$$anon$3$$anonfun$$lessinit$greater$1.$anonfun$apply$1(TestFramework.scala:336)[0m
[31m  at sbt.TestFramework$.sbt$TestFramework$$withContextLoader(TestFramework.scala:296)[0m
[31m  at sbt.TestFramework$$anon$3$$anonfun$$lessinit$greater$1.apply(TestFramework.scala:336)[0m
[31m  at sbt.TestFramework$$anon$3$$anonfun$$lessinit$greater$1.apply(TestFramework.scala:336)[0m
[31m  at sbt.TestFunction.apply(TestFramework.scala:348)[0m
[31m  at sbt.Tests$.$anonfun$toTask$1(Tests.scala:436)[0m
[31m  at sbt.std.Transform$$anon$3.$anonfun$apply$2(Transform.scala:47)[0m
[31m  at sbt.std.Transform$$anon$4.work(Transform.scala:69)[0m
[31m  at sbt.Execute.$anonfun$submit$2(Execute.scala:283)[0m
[31m  at sbt.internal.util.ErrorHandling$.wideConvert(ErrorHandling.scala:24)[0m
[31m  at sbt.Execute.work(Execute.scala:292)[0m
[31m  at sbt.Execute.$anonfun$submit$1(Execute.scala:283)[0m
[31m  at sbt.ConcurrentRestrictions$$anon$4.$anonfun$submitValid$1(ConcurrentRestrictions.scala:265)[0m
[31m  at sbt.CompletionService$$anon$2.call(CompletionService.scala:65)[0m
[31m  at java.base/java.util.concurrent.FutureTask.run(FutureTask.java:317)[0m
[31m  at java.base/java.util.concurrent.Executors$RunnableAdapter.call(Executors.java:572)[0m
[31m  at java.base/java.util.concurrent.FutureTask.run(FutureTask.java:317)[0m
[31m  at java.base/java.util.concurrent.ThreadPoolExecutor.runWorker(ThreadPoolExecutor.java:1144)[0m
[31m  at java.base/java.util.concurrent.ThreadPoolExecutor$Worker.run(ThreadPoolExecutor.java:642)[0m
[31m  at java.base/java.lang.Thread.run(Thread.java:1583)[0m
[31mSpec:[0m
[31mcfg2pdaes(cfg1).langByEmptyStacks.mustEqual(lang_an, TRIAL) [0m
[31m- should be terminated normally *** FAILED *** (2 milliseconds)[0m
[31m  Please implement `cfg2pdaes` (Implementaion.scala:36). (SpecBase.scala:146)[0m
[31m  org.scalatest.exceptions.TestFailedException:[0m
[31m  at org.scalatest.Assertions.newAssertionFailedException(Assertions.scala:476)[0m
[31m  at org.scalatest.Assertions.newAssertionFailedException$(Assertions.scala:421)[0m
[31m  at org.scalatest.flatspec.AnyFlatSpec.newAssertionFailedException(AnyFlatSpec.scala:1685)[0m
[31m  at org.scalatest.Assertions.failImpl(Assertions.scala:1060)[0m
[31m  at org.scalatest.Assertions.org$scalatest$Assertions$$inline$failImpl(Assertions.scala:1056)[0m
[31m  at org.scalatest.Assertions.org$scalatest$Assertions$$inline$failImpl$(Assertions.scala:421)[0m
[31m  at org.scalatest.flatspec.AnyFlatSpec.org$scalatest$Assertions$$inline$failImpl(AnyFlatSpec.scala:1685)[0m
[31m  at kuplrg.SpecBase.failed(SpecBase.scala:146)[0m
[31m  at kuplrg.SpecBase.testFun$proxy1$1(SpecBase.scala:127)[0m
[31m  at kuplrg.SpecBase.newTest$$anonfun$1(SpecBase.scala:131)[0m
[31m  at org.scalatest.Transformer.apply$$anonfun$1(Transformer.scala:22)[0m
[31m  at org.scalatest.OutcomeOf.outcomeOf(OutcomeOf.scala:85)[0m
[31m  at org.scalatest.OutcomeOf.outcomeOf$(OutcomeOf.scala:31)[0m
[31m  at org.scalatest.OutcomeOf$.outcomeOf(OutcomeOf.scala:104)[0m
[31m  at org.scalatest.Transformer.apply(Transformer.scala:22)[0m
[31m  at org.scalatest.Transformer.apply(Transformer.scala:21)[0m
[31m  at org.scalatest.flatspec.AnyFlatSpecLike$$anon$5.apply(AnyFlatSpecLike.scala:1717)[0m
[31m  at org.scalatest.TestSuite.withFixture(TestSuite.scala:196)[0m
[31m  at org.scalatest.TestSuite.withFixture$(TestSuite.scala:138)[0m
[31m  at org.scalatest.flatspec.AnyFlatSpec.withFixture(AnyFlatSpec.scala:1685)[0m
[31m  at org.scalatest.flatspec.AnyFlatSpecLike.invokeWithFixture$1(AnyFlatSpecLike.scala:1723)[0m
[31m  at org.scalatest.flatspec.AnyFlatSpecLike.runTest$$anonfun$1(AnyFlatSpecLike.scala:1727)[0m
[31m  at org.scalatest.SuperEngine.runTestImpl(Engine.scala:306)[0m
[31m  at org.scalatest.flatspec.AnyFlatSpecLike.runTest(AnyFlatSpecLike.scala:1727)[0m
[31m  at org.scalatest.flatspec.AnyFlatSpecLike.runTest$(AnyFlatSpecLike.scala:51)[0m
[31m  at org.scalatest.flatspec.AnyFlatSpec.runTest(AnyFlatSpec.scala:1685)[0m
[31m  at org.scalatest.flatspec.AnyFlatSpecLike.runTests$$anonfun$1(AnyFlatSpecLike.scala:1785)[0m
[31m  at org.scalatest.SuperEngine.traverseSubNodes$1$$anonfun$1(Engine.scala:413)[0m
[31m  at scala.runtime.function.JProcedure1.apply(JProcedure1.java:15)[0m
[31m  at scala.runtime.function.JProcedure1.apply(JProcedure1.java:10)[0m
[31m  at scala.collection.immutable.List.foreach(List.scala:333)[0m
[31m  at org.scalatest.SuperEngine.traverseSubNodes$1(Engine.scala:429)[0m
[31m  at org.scalatest.SuperEngine.runTestsInBranch(Engine.scala:390)[0m
[31m  at org.scalatest.SuperEngine.traverseSubNodes$1$$anonfun$1(Engine.scala:427)[0m
[31m  at scala.runtime.function.JProcedure1.apply(JProcedure1.java:15)[0m
[31m  at scala.runtime.function.JProcedure1.apply(JProcedure1.java:10)[0m
[31m  at scala.collection.immutable.List.foreach(List.scala:333)[0m
[31m  at org.scalatest.SuperEngine.traverseSubNodes$1(Engine.scala:429)[0m
[31m  at org.scalatest.SuperEngine.runTestsInBranch(Engine.scala:396)[0m
[31m  at org.scalatest.SuperEngine.runTestsImpl(Engine.scala:475)[0m
[31m  at org.scalatest.flatspec.AnyFlatSpecLike.runTests(AnyFlatSpecLike.scala:1785)[0m
[31m  at org.scalatest.flatspec.AnyFlatSpecLike.runTests$(AnyFlatSpecLike.scala:51)[0m
[31m  at org.scalatest.flatspec.AnyFlatSpec.runTests(AnyFlatSpec.scala:1685)[0m
[31m  at org.scalatest.Suite.run(Suite.scala:1114)[0m
[31m  at org.scalatest.Suite.run$(Suite.scala:564)[0m
[31m  at org.scalatest.flatspec.AnyFlatSpec.org$scalatest$flatspec$AnyFlatSpecLike$$super$run(AnyFlatSpec.scala:1685)[0m
[31m  at org.scalatest.flatspec.AnyFlatSpecLike.run$$anonfun$1(AnyFlatSpecLike.scala:1830)[0m
[31m  at org.scalatest.SuperEngine.runImpl(Engine.scala:535)[0m
[31m  at org.scalatest.flatspec.AnyFlatSpecLike.run(AnyFlatSpecLike.scala:1830)[0m
[31m  at org.scalatest.flatspec.AnyFlatSpecLike.run$(AnyFlatSpecLike.scala:51)[0m
[31m  at kuplrg.Spec.org$scalatest$BeforeAndAfterAll$$super$run(Spec.scala:5)[0m
[31m  at org.scalatest.BeforeAndAfterAll.liftedTree1$1(BeforeAndAfterAll.scala:213)[0m
[31m  at org.scalatest.BeforeAndAfterAll.run(BeforeAndAfterAll.scala:217)[0m
[31m  at org.scalatest.BeforeAndAfterAll.run$(BeforeAndAfterAll.scala:135)[0m
[31m  at kuplrg.Spec.run(Spec.scala:5)[0m
[31m  at org.scalatest.tools.Framework.org$scalatest$tools$Framework$$runSuite(Framework.scala:321)[0m
[31m  at org.scalatest.tools.Framework$ScalaTestTask.execute(Framework.scala:517)[0m
[31m  at sbt.TestRunner.runTest$1(TestFramework.scala:153)[0m
[31m  at sbt.TestRunner.run(TestFramework.scala:168)[0m
[31m  at sbt.TestFramework$$anon$3$$anonfun$$lessinit$greater$1.$anonfun$apply$1(TestFramework.scala:336)[0m
[31m  at sbt.TestFramework$.sbt$TestFramework$$withContextLoader(TestFramework.scala:296)[0m
[31m  at sbt.TestFramework$$anon$3$$anonfun$$lessinit$greater$1.apply(TestFramework.scala:336)[0m
[31m  at sbt.TestFramework$$anon$3$$anonfun$$lessinit$greater$1.apply(TestFramework.scala:336)[0m
[31m  at sbt.TestFunction.apply(TestFramework.scala:348)[0m
[31m  at sbt.Tests$.$anonfun$toTask$1(Tests.scala:436)[0m
[31m  at sbt.std.Transform$$anon$3.$anonfun$apply$2(Transform.scala:47)[0m
[31m  at sbt.std.Transform$$anon$4.work(Transform.scala:69)[0m
[31m  at sbt.Execute.$anonfun$submit$2(Execute.scala:283)[0m
[31m  at sbt.internal.util.ErrorHandling$.wideConvert(ErrorHandling.scala:24)[0m
[31m  at sbt.Execute.work(Execute.scala:292)[0m
[31m  at sbt.Execute.$anonfun$submit$1(Execute.scala:283)[0m
[31m  at sbt.ConcurrentRestrictions$$anon$4.$anonfun$submitValid$1(ConcurrentRestrictions.scala:265)[0m
[31m  at sbt.CompletionService$$anon$2.call(CompletionService.scala:65)[0m
[31m  at java.base/java.util.concurrent.FutureTask.run(FutureTask.java:317)[0m
[31m  at java.base/java.util.concurrent.Executors$RunnableAdapter.call(Executors.java:572)[0m
[31m  at java.base/java.util.concurrent.FutureTask.run(FutureTask.java:317)[0m
[31m  at java.base/java.util.concurrent.ThreadPoolExecutor.runWorker(ThreadPoolExecutor.java:1144)[0m
[31m  at java.base/java.util.concurrent.ThreadPoolExecutor$Worker.run(ThreadPoolExecutor.java:642)[0m
[31m  at java.base/java.lang.Thread.run(Thread.java:1583)[0m
[31mSpec:[0m
[31mcfg2pdaes(cfg2).langByEmptyStacks.mustEqual(lang_an_bn, TRIAL) [0m
[31m- should be terminated normally *** FAILED *** (1 millisecond)[0m
[31m  Please implement `cfg2pdaes` (Implementaion.scala:36). (SpecBase.scala:146)[0m
[31m  org.scalatest.exceptions.TestFailedException:[0m
[31m  at org.scalatest.Assertions.newAssertionFailedException(Assertions.scala:476)[0m
[31m  at org.scalatest.Assertions.newAssertionFailedException$(Assertions.scala:421)[0m
[31m  at org.scalatest.flatspec.AnyFlatSpec.newAssertionFailedException(AnyFlatSpec.scala:1685)[0m
[31m  at org.scalatest.Assertions.failImpl(Assertions.scala:1060)[0m
[31m  at org.scalatest.Assertions.org$scalatest$Assertions$$inline$failImpl(Assertions.scala:1056)[0m
[31m  at org.scalatest.Assertions.org$scalatest$Assertions$$inline$failImpl$(Assertions.scala:421)[0m
[31m  at org.scalatest.flatspec.AnyFlatSpec.org$scalatest$Assertions$$inline$failImpl(AnyFlatSpec.scala:1685)[0m
[31m  at kuplrg.SpecBase.failed(SpecBase.scala:146)[0m
[31m  at kuplrg.SpecBase.testFun$proxy1$1(SpecBase.scala:127)[0m
[31m  at kuplrg.SpecBase.newTest$$anonfun$1(SpecBase.scala:131)[0m
[31m  at org.scalatest.Transformer.apply$$anonfun$1(Transformer.scala:22)[0m
[31m  at org.scalatest.OutcomeOf.outcomeOf(OutcomeOf.scala:85)[0m
[31m  at org.scalatest.OutcomeOf.outcomeOf$(OutcomeOf.scala:31)[0m
[31m  at org.scalatest.OutcomeOf$.outcomeOf(OutcomeOf.scala:104)[0m
[31m  at org.scalatest.Transformer.apply(Transformer.scala:22)[0m
[31m  at org.scalatest.Transformer.apply(Transformer.scala:21)[0m
[31m  at org.scalatest.flatspec.AnyFlatSpecLike$$anon$5.apply(AnyFlatSpecLike.scala:1717)[0m
[31m  at org.scalatest.TestSuite.withFixture(TestSuite.scala:196)[0m
[31m  at org.scalatest.TestSuite.withFixture$(TestSuite.scala:138)[0m
[31m  at org.scalatest.flatspec.AnyFlatSpec.withFixture(AnyFlatSpec.scala:1685)[0m
[31m  at org.scalatest.flatspec.AnyFlatSpecLike.invokeWithFixture$1(AnyFlatSpecLike.scala:1723)[0m
[31m  at org.scalatest.flatspec.AnyFlatSpecLike.runTest$$anonfun$1(AnyFlatSpecLike.scala:1727)[0m
[31m  at org.scalatest.SuperEngine.runTestImpl(Engine.scala:306)[0m
[31m  at org.scalatest.flatspec.AnyFlatSpecLike.runTest(AnyFlatSpecLike.scala:1727)[0m
[31m  at org.scalatest.flatspec.AnyFlatSpecLike.runTest$(AnyFlatSpecLike.scala:51)[0m
[31m  at org.scalatest.flatspec.AnyFlatSpec.runTest(AnyFlatSpec.scala:1685)[0m
[31m  at org.scalatest.flatspec.AnyFlatSpecLike.runTests$$anonfun$1(AnyFlatSpecLike.scala:1785)[0m
[31m  at org.scalatest.SuperEngine.traverseSubNodes$1$$anonfun$1(Engine.scala:413)[0m
[31m  at scala.runtime.function.JProcedure1.apply(JProcedure1.java:15)[0m
[31m  at scala.runtime.function.JProcedure1.apply(JProcedure1.java:10)[0m
[31m  at scala.collection.immutable.List.foreach(List.scala:333)[0m
[31m  at org.scalatest.SuperEngine.traverseSubNodes$1(Engine.scala:429)[0m
[31m  at org.scalatest.SuperEngine.runTestsInBranch(Engine.scala:390)[0m
[31m  at org.scalatest.SuperEngine.traverseSubNodes$1$$anonfun$1(Engine.scala:427)[0m
[31m  at scala.runtime.function.JProcedure1.apply(JProcedure1.java:15)[0m
[31m  at scala.runtime.function.JProcedure1.apply(JProcedure1.java:10)[0m
[31m  at scala.collection.immutable.List.foreach(List.scala:333)[0m
[31m  at org.scalatest.SuperEngine.traverseSubNodes$1(Engine.scala:429)[0m
[31m  at org.scalatest.SuperEngine.runTestsInBranch(Engine.scala:396)[0m
[31m  at org.scalatest.SuperEngine.runTestsImpl(Engine.scala:475)[0m
[31m  at org.scalatest.flatspec.AnyFlatSpecLike.runTests(AnyFlatSpecLike.scala:1785)[0m
[31m  at org.scalatest.flatspec.AnyFlatSpecLike.runTests$(AnyFlatSpecLike.scala:51)[0m
[31m  at org.scalatest.flatspec.AnyFlatSpec.runTests(AnyFlatSpec.scala:1685)[0m
[31m  at org.scalatest.Suite.run(Suite.scala:1114)[0m
[31m  at org.scalatest.Suite.run$(Suite.scala:564)[0m
[31m  at org.scalatest.flatspec.AnyFlatSpec.org$scalatest$flatspec$AnyFlatSpecLike$$super$run(AnyFlatSpec.scala:1685)[0m
[31m  at org.scalatest.flatspec.AnyFlatSpecLike.run$$anonfun$1(AnyFlatSpecLike.scala:1830)[0m
[31m  at org.scalatest.SuperEngine.runImpl(Engine.scala:535)[0m
[31m  at org.scalatest.flatspec.AnyFlatSpecLike.run(AnyFlatSpecLike.scala:1830)[0m
[31m  at org.scalatest.flatspec.AnyFlatSpecLike.run$(AnyFlatSpecLike.scala:51)[0m
[31m  at kuplrg.Spec.org$scalatest$BeforeAndAfterAll$$super$run(Spec.scala:5)[0m
[31m  at org.scalatest.BeforeAndAfterAll.liftedTree1$1(BeforeAndAfterAll.scala:213)[0m
[31m  at org.scalatest.BeforeAndAfterAll.run(BeforeAndAfterAll.scala:217)[0m
[31m  at org.scalatest.BeforeAndAfterAll.run$(BeforeAndAfterAll.scala:135)[0m
[31m  at kuplrg.Spec.run(Spec.scala:5)[0m
[31m  at org.scalatest.tools.Framework.org$scalatest$tools$Framework$$runSuite(Framework.scala:321)[0m
[31m  at org.scalatest.tools.Framework$ScalaTestTask.execute(Framework.scala:517)[0m
[31m  at sbt.TestRunner.runTest$1(TestFramework.scala:153)[0m
[31m  at sbt.TestRunner.run(TestFramework.scala:168)[0m
[31m  at sbt.TestFramework$$anon$3$$anonfun$$lessinit$greater$1.$anonfun$apply$1(TestFramework.scala:336)[0m
[31m  at sbt.TestFramework$.sbt$TestFramework$$withContextLoader(TestFramework.scala:296)[0m
[31m  at sbt.TestFramework$$anon$3$$anonfun$$lessinit$greater$1.apply(TestFramework.scala:336)[0m
[31m  at sbt.TestFramework$$anon$3$$anonfun$$lessinit$greater$1.apply(TestFramework.scala:336)[0m
[31m  at sbt.TestFunction.apply(TestFramework.scala:348)[0m
[31m  at sbt.Tests$.$anonfun$toTask$1(Tests.scala:436)[0m
[31m  at sbt.std.Transform$$anon$3.$anonfun$apply$2(Transform.scala:47)[0m
[31m  at sbt.std.Transform$$anon$4.work(Transform.scala:69)[0m
[31m  at sbt.Execute.$anonfun$submit$2(Execute.scala:283)[0m
[31m  at sbt.internal.util.ErrorHandling$.wideConvert(ErrorHandling.scala:24)[0m
[31m  at sbt.Execute.work(Execute.scala:292)[0m
[31m  at sbt.Execute.$anonfun$submit$1(Execute.scala:283)[0m
[31m  at sbt.ConcurrentRestrictions$$anon$4.$anonfun$submitValid$1(ConcurrentRestrictions.scala:265)[0m
[31m  at sbt.CompletionService$$anon$2.call(CompletionService.scala:65)[0m
[31m  at java.base/java.util.concurrent.FutureTask.run(FutureTask.java:317)[0m
[31m  at java.base/java.util.concurrent.Executors$RunnableAdapter.call(Executors.java:572)[0m
[31m  at java.base/java.util.concurrent.FutureTask.run(FutureTask.java:317)[0m
[31m  at java.base/java.util.concurrent.ThreadPoolExecutor.runWorker(ThreadPoolExecutor.java:1144)[0m
[31m  at java.base/java.util.concurrent.ThreadPoolExecutor$Worker.run(ThreadPoolExecutor.java:642)[0m
[31m  at java.base/java.lang.Thread.run(Thread.java:1583)[0m
[31mSpec:[0m
[31mcfg2pdaes(cfg3).langByEmptyStacks.mustEqual(lang_an_b2n, TRIAL) [0m
[31m- should be terminated normally *** FAILED *** (2 milliseconds)[0m
[31m  Please implement `cfg2pdaes` (Implementaion.scala:36). (SpecBase.scala:146)[0m
[31m  org.scalatest.exceptions.TestFailedException:[0m
[31m  at org.scalatest.Assertions.newAssertionFailedException(Assertions.scala:476)[0m
[31m  at org.scalatest.Assertions.newAssertionFailedException$(Assertions.scala:421)[0m
[31m  at org.scalatest.flatspec.AnyFlatSpec.newAssertionFailedException(AnyFlatSpec.scala:1685)[0m
[31m  at org.scalatest.Assertions.failImpl(Assertions.scala:1060)[0m
[31m  at org.scalatest.Assertions.org$scalatest$Assertions$$inline$failImpl(Assertions.scala:1056)[0m
[31m  at org.scalatest.Assertions.org$scalatest$Assertions$$inline$failImpl$(Assertions.scala:421)[0m
[31m  at org.scalatest.flatspec.AnyFlatSpec.org$scalatest$Assertions$$inline$failImpl(AnyFlatSpec.scala:1685)[0m
[31m  at kuplrg.SpecBase.failed(SpecBase.scala:146)[0m
[31m  at kuplrg.SpecBase.testFun$proxy1$1(SpecBase.scala:127)[0m
[31m  at kuplrg.SpecBase.newTest$$anonfun$1(SpecBase.scala:131)[0m
[31m  at org.scalatest.Transformer.apply$$anonfun$1(Transformer.scala:22)[0m
[31m  at org.scalatest.OutcomeOf.outcomeOf(OutcomeOf.scala:85)[0m
[31m  at org.scalatest.OutcomeOf.outcomeOf$(OutcomeOf.scala:31)[0m
[31m  at org.scalatest.OutcomeOf$.outcomeOf(OutcomeOf.scala:104)[0m
[31m  at org.scalatest.Transformer.apply(Transformer.scala:22)[0m
[31m  at org.scalatest.Transformer.apply(Transformer.scala:21)[0m
[31m  at org.scalatest.flatspec.AnyFlatSpecLike$$anon$5.apply(AnyFlatSpecLike.scala:1717)[0m
[31m  at org.scalatest.TestSuite.withFixture(TestSuite.scala:196)[0m
[31m  at org.scalatest.TestSuite.withFixture$(TestSuite.scala:138)[0m
[31m  at org.scalatest.flatspec.AnyFlatSpec.withFixture(AnyFlatSpec.scala:1685)[0m
[31m  at org.scalatest.flatspec.AnyFlatSpecLike.invokeWithFixture$1(AnyFlatSpecLike.scala:1723)[0m
[31m  at org.scalatest.flatspec.AnyFlatSpecLike.runTest$$anonfun$1(AnyFlatSpecLike.scala:1727)[0m
[31m  at org.scalatest.SuperEngine.runTestImpl(Engine.scala:306)[0m
[31m  at org.scalatest.flatspec.AnyFlatSpecLike.runTest(AnyFlatSpecLike.scala:1727)[0m
[31m  at org.scalatest.flatspec.AnyFlatSpecLike.runTest$(AnyFlatSpecLike.scala:51)[0m
[31m  at org.scalatest.flatspec.AnyFlatSpec.runTest(AnyFlatSpec.scala:1685)[0m
[31m  at org.scalatest.flatspec.AnyFlatSpecLike.runTests$$anonfun$1(AnyFlatSpecLike.scala:1785)[0m
[31m  at org.scalatest.SuperEngine.traverseSubNodes$1$$anonfun$1(Engine.scala:413)[0m
[31m  at scala.runtime.function.JProcedure1.apply(JProcedure1.java:15)[0m
[31m  at scala.runtime.function.JProcedure1.apply(JProcedure1.java:10)[0m
[31m  at scala.collection.immutable.List.foreach(List.scala:333)[0m
[31m  at org.scalatest.SuperEngine.traverseSubNodes$1(Engine.scala:429)[0m
[31m  at org.scalatest.SuperEngine.runTestsInBranch(Engine.scala:390)[0m
[31m  at org.scalatest.SuperEngine.traverseSubNodes$1$$anonfun$1(Engine.scala:427)[0m
[31m  at scala.runtime.function.JProcedure1.apply(JProcedure1.java:15)[0m
[31m  at scala.runtime.function.JProcedure1.apply(JProcedure1.java:10)[0m
[31m  at scala.collection.immutable.List.foreach(List.scala:333)[0m
[31m  at org.scalatest.SuperEngine.traverseSubNodes$1(Engine.scala:429)[0m
[31m  at org.scalatest.SuperEngine.runTestsInBranch(Engine.scala:396)[0m
[31m  at org.scalatest.SuperEngine.runTestsImpl(Engine.scala:475)[0m
[31m  at org.scalatest.flatspec.AnyFlatSpecLike.runTests(AnyFlatSpecLike.scala:1785)[0m
[31m  at org.scalatest.flatspec.AnyFlatSpecLike.runTests$(AnyFlatSpecLike.scala:51)[0m
[31m  at org.scalatest.flatspec.AnyFlatSpec.runTests(AnyFlatSpec.scala:1685)[0m
[31m  at org.scalatest.Suite.run(Suite.scala:1114)[0m
[31m  at org.scalatest.Suite.run$(Suite.scala:564)[0m
[31m  at org.scalatest.flatspec.AnyFlatSpec.org$scalatest$flatspec$AnyFlatSpecLike$$super$run(AnyFlatSpec.scala:1685)[0m
[31m  at org.scalatest.flatspec.AnyFlatSpecLike.run$$anonfun$1(AnyFlatSpecLike.scala:1830)[0m
[31m  at org.scalatest.SuperEngine.runImpl(Engine.scala:535)[0m
[31m  at org.scalatest.flatspec.AnyFlatSpecLike.run(AnyFlatSpecLike.scala:1830)[0m
[31m  at org.scalatest.flatspec.AnyFlatSpecLike.run$(AnyFlatSpecLike.scala:51)[0m
[31m  at kuplrg.Spec.org$scalatest$BeforeAndAfterAll$$super$run(Spec.scala:5)[0m
[31m  at org.scalatest.BeforeAndAfterAll.liftedTree1$1(BeforeAndAfterAll.scala:213)[0m
[31m  at org.scalatest.BeforeAndAfterAll.run(BeforeAndAfterAll.scala:217)[0m
[31m  at org.scalatest.BeforeAndAfterAll.run$(BeforeAndAfterAll.scala:135)[0m
[31m  at kuplrg.Spec.run(Spec.scala:5)[0m
[31m  at org.scalatest.tools.Framework.org$scalatest$tools$Framework$$runSuite(Framework.scala:321)[0m
[31m  at org.scalatest.tools.Framework$ScalaTestTask.execute(Framework.scala:517)[0m
[31m  at sbt.TestRunner.runTest$1(TestFramework.scala:153)[0m
[31m  at sbt.TestRunner.run(TestFramework.scala:168)[0m
[31m  at sbt.TestFramework$$anon$3$$anonfun$$lessinit$greater$1.$anonfun$apply$1(TestFramework.scala:336)[0m
[31m  at sbt.TestFramework$.sbt$TestFramework$$withContextLoader(TestFramework.scala:296)[0m
[31m  at sbt.TestFramework$$anon$3$$anonfun$$lessinit$greater$1.apply(TestFramework.scala:336)[0m
[31m  at sbt.TestFramework$$anon$3$$anonfun$$lessinit$greater$1.apply(TestFramework.scala:336)[0m
[31m  at sbt.TestFunction.apply(TestFramework.scala:348)[0m
[31m  at sbt.Tests$.$anonfun$toTask$1(Tests.scala:436)[0m
[31m  at sbt.std.Transform$$anon$3.$anonfun$apply$2(Transform.scala:47)[0m
[31m  at sbt.std.Transform$$anon$4.work(Transform.scala:69)[0m
[31m  at sbt.Execute.$anonfun$submit$2(Execute.scala:283)[0m
[31m  at sbt.internal.util.ErrorHandling$.wideConvert(ErrorHandling.scala:24)[0m
[31m  at sbt.Execute.work(Execute.scala:292)[0m
[31m  at sbt.Execute.$anonfun$submit$1(Execute.scala:283)[0m
[31m  at sbt.ConcurrentRestrictions$$anon$4.$anonfun$submitValid$1(ConcurrentRestrictions.scala:265)[0m
[31m  at sbt.CompletionService$$anon$2.call(CompletionService.scala:65)[0m
[31m  at java.base/java.util.concurrent.FutureTask.run(FutureTask.java:317)[0m
[31m  at java.base/java.util.concurrent.Executors$RunnableAdapter.call(Executors.java:572)[0m
[31m  at java.base/java.util.concurrent.FutureTask.run(FutureTask.java:317)[0m
[31m  at java.base/java.util.concurrent.ThreadPoolExecutor.runWorker(ThreadPoolExecutor.java:1144)[0m
[31m  at java.base/java.util.concurrent.ThreadPoolExecutor$Worker.run(ThreadPoolExecutor.java:642)[0m
[31m  at java.base/java.lang.Thread.run(Thread.java:1583)[0m
[31mSpec:[0m
[31mcfg2pdaes(cfg4).langByEmptyStacks.mustEqual(lang_w_wR, TRIAL) [0m
[31m- should be terminated normally *** FAILED *** (1 millisecond)[0m
[31m  Please implement `cfg2pdaes` (Implementaion.scala:36). (SpecBase.scala:146)[0m
[31m  org.scalatest.exceptions.TestFailedException:[0m
[31m  at org.scalatest.Assertions.newAssertionFailedException(Assertions.scala:476)[0m
[31m  at org.scalatest.Assertions.newAssertionFailedException$(Assertions.scala:421)[0m
[31m  at org.scalatest.flatspec.AnyFlatSpec.newAssertionFailedException(AnyFlatSpec.scala:1685)[0m
[31m  at org.scalatest.Assertions.failImpl(Assertions.scala:1060)[0m
[31m  at org.scalatest.Assertions.org$scalatest$Assertions$$inline$failImpl(Assertions.scala:1056)[0m
[31m  at org.scalatest.Assertions.org$scalatest$Assertions$$inline$failImpl$(Assertions.scala:421)[0m
[31m  at org.scalatest.flatspec.AnyFlatSpec.org$scalatest$Assertions$$inline$failImpl(AnyFlatSpec.scala:1685)[0m
[31m  at kuplrg.SpecBase.failed(SpecBase.scala:146)[0m
[31m  at kuplrg.SpecBase.testFun$proxy1$1(SpecBase.scala:127)[0m
[31m  at kuplrg.SpecBase.newTest$$anonfun$1(SpecBase.scala:131)[0m
[31m  at org.scalatest.Transformer.apply$$anonfun$1(Transformer.scala:22)[0m
[31m  at org.scalatest.OutcomeOf.outcomeOf(OutcomeOf.scala:85)[0m
[31m  at org.scalatest.OutcomeOf.outcomeOf$(OutcomeOf.scala:31)[0m
[31m  at org.scalatest.OutcomeOf$.outcomeOf(OutcomeOf.scala:104)[0m
[31m  at org.scalatest.Transformer.apply(Transformer.scala:22)[0m
[31m  at org.scalatest.Transformer.apply(Transformer.scala:21)[0m
[31m  at org.scalatest.flatspec.AnyFlatSpecLike$$anon$5.apply(AnyFlatSpecLike.scala:1717)[0m
[31m  at org.scalatest.TestSuite.withFixture(TestSuite.scala:196)[0m
[31m  at org.scalatest.TestSuite.withFixture$(TestSuite.scala:138)[0m
[31m  at org.scalatest.flatspec.AnyFlatSpec.withFixture(AnyFlatSpec.scala:1685)[0m
[31m  at org.scalatest.flatspec.AnyFlatSpecLike.invokeWithFixture$1(AnyFlatSpecLike.scala:1723)[0m
[31m  at org.scalatest.flatspec.AnyFlatSpecLike.runTest$$anonfun$1(AnyFlatSpecLike.scala:1727)[0m
[31m  at org.scalatest.SuperEngine.runTestImpl(Engine.scala:306)[0m
[31m  at org.scalatest.flatspec.AnyFlatSpecLike.runTest(AnyFlatSpecLike.scala:1727)[0m
[31m  at org.scalatest.flatspec.AnyFlatSpecLike.runTest$(AnyFlatSpecLike.scala:51)[0m
[31m  at org.scalatest.flatspec.AnyFlatSpec.runTest(AnyFlatSpec.scala:1685)[0m
[31m  at org.scalatest.flatspec.AnyFlatSpecLike.runTests$$anonfun$1(AnyFlatSpecLike.scala:1785)[0m
[31m  at org.scalatest.SuperEngine.traverseSubNodes$1$$anonfun$1(Engine.scala:413)[0m
[31m  at scala.runtime.function.JProcedure1.apply(JProcedure1.java:15)[0m
[31m  at scala.runtime.function.JProcedure1.apply(JProcedure1.java:10)[0m
[31m  at scala.collection.immutable.List.foreach(List.scala:333)[0m
[31m  at org.scalatest.SuperEngine.traverseSubNodes$1(Engine.scala:429)[0m
[31m  at org.scalatest.SuperEngine.runTestsInBranch(Engine.scala:390)[0m
[31m  at org.scalatest.SuperEngine.traverseSubNodes$1$$anonfun$1(Engine.scala:427)[0m
[31m  at scala.runtime.function.JProcedure1.apply(JProcedure1.java:15)[0m
[31m  at scala.runtime.function.JProcedure1.apply(JProcedure1.java:10)[0m
[31m  at scala.collection.immutable.List.foreach(List.scala:333)[0m
[31m  at org.scalatest.SuperEngine.traverseSubNodes$1(Engine.scala:429)[0m
[31m  at org.scalatest.SuperEngine.runTestsInBranch(Engine.scala:396)[0m
[31m  at org.scalatest.SuperEngine.runTestsImpl(Engine.scala:475)[0m
[31m  at org.scalatest.flatspec.AnyFlatSpecLike.runTests(AnyFlatSpecLike.scala:1785)[0m
[31m  at org.scalatest.flatspec.AnyFlatSpecLike.runTests$(AnyFlatSpecLike.scala:51)[0m
[31m  at org.scalatest.flatspec.AnyFlatSpec.runTests(AnyFlatSpec.scala:1685)[0m
[31m  at org.scalatest.Suite.run(Suite.scala:1114)[0m
[31m  at org.scalatest.Suite.run$(Suite.scala:564)[0m
[31m  at org.scalatest.flatspec.AnyFlatSpec.org$scalatest$flatspec$AnyFlatSpecLike$$super$run(AnyFlatSpec.scala:1685)[0m
[31m  at org.scalatest.flatspec.AnyFlatSpecLike.run$$anonfun$1(AnyFlatSpecLike.scala:1830)[0m
[31m  at org.scalatest.SuperEngine.runImpl(Engine.scala:535)[0m
[31m  at org.scalatest.flatspec.AnyFlatSpecLike.run(AnyFlatSpecLike.scala:1830)[0m
[31m  at org.scalatest.flatspec.AnyFlatSpecLike.run$(AnyFlatSpecLike.scala:51)[0m
[31m  at kuplrg.Spec.org$scalatest$BeforeAndAfterAll$$super$run(Spec.scala:5)[0m
[31m  at org.scalatest.BeforeAndAfterAll.liftedTree1$1(BeforeAndAfterAll.scala:213)[0m
[31m  at org.scalatest.BeforeAndAfterAll.run(BeforeAndAfterAll.scala:217)[0m
[31m  at org.scalatest.BeforeAndAfterAll.run$(BeforeAndAfterAll.scala:135)[0m
[31m  at kuplrg.Spec.run(Spec.scala:5)[0m
[31m  at org.scalatest.tools.Framework.org$scalatest$tools$Framework$$runSuite(Framework.scala:321)[0m
[31m  at org.scalatest.tools.Framework$ScalaTestTask.execute(Framework.scala:517)[0m
[31m  at sbt.TestRunner.runTest$1(TestFramework.scala:153)[0m
[31m  at sbt.TestRunner.run(TestFramework.scala:168)[0m
[31m  at sbt.TestFramework$$anon$3$$anonfun$$lessinit$greater$1.$anonfun$apply$1(TestFramework.scala:336)[0m
[31m  at sbt.TestFramework$.sbt$TestFramework$$withContextLoader(TestFramework.scala:296)[0m
[31m  at sbt.TestFramework$$anon$3$$anonfun$$lessinit$greater$1.apply(TestFramework.scala:336)[0m
[31m  at sbt.TestFramework$$anon$3$$anonfun$$lessinit$greater$1.apply(TestFramework.scala:336)[0m
[31m  at sbt.TestFunction.apply(TestFramework.scala:348)[0m
[31m  at sbt.Tests$.$anonfun$toTask$1(Tests.scala:436)[0m
[31m  at sbt.std.Transform$$anon$3.$anonfun$apply$2(Transform.scala:47)[0m
[31m  at sbt.std.Transform$$anon$4.work(Transform.scala:69)[0m
[31m  at sbt.Execute.$anonfun$submit$2(Execute.scala:283)[0m
[31m  at sbt.internal.util.ErrorHandling$.wideConvert(ErrorHandling.scala:24)[0m
[31m  at sbt.Execute.work(Execute.scala:292)[0m
[31m  at sbt.Execute.$anonfun$submit$1(Execute.scala:283)[0m
[31m  at sbt.ConcurrentRestrictions$$anon$4.$anonfun$submitValid$1(ConcurrentRestrictions.scala:265)[0m
[31m  at sbt.CompletionService$$anon$2.call(CompletionService.scala:65)[0m
[31m  at java.base/java.util.concurrent.FutureTask.run(FutureTask.java:317)[0m
[31m  at java.base/java.util.concurrent.Executors$RunnableAdapter.call(Executors.java:572)[0m
[31m  at java.base/java.util.concurrent.FutureTask.run(FutureTask.java:317)[0m
[31m  at java.base/java.util.concurrent.ThreadPoolExecutor.runWorker(ThreadPoolExecutor.java:1144)[0m
[31m  at java.base/java.util.concurrent.ThreadPoolExecutor$Worker.run(ThreadPoolExecutor.java:642)[0m
[31m  at java.base/java.lang.Thread.run(Thread.java:1583)[0m
[31mSpec:[0m
[31mcfg2pdaes(cfg5).langByEmptyStacks.mustEqual(lang_na_eq_nb, TRIAL) [0m
[31m- should be terminated normally *** FAILED *** (3 milliseconds)[0m
[31m  Please implement `cfg2pdaes` (Implementaion.scala:36). (SpecBase.scala:146)[0m
[31m  org.scalatest.exceptions.TestFailedException:[0m
[31m  at org.scalatest.Assertions.newAssertionFailedException(Assertions.scala:476)[0m
[31m  at org.scalatest.Assertions.newAssertionFailedException$(Assertions.scala:421)[0m
[31m  at org.scalatest.flatspec.AnyFlatSpec.newAssertionFailedException(AnyFlatSpec.scala:1685)[0m
[31m  at org.scalatest.Assertions.failImpl(Assertions.scala:1060)[0m
[31m  at org.scalatest.Assertions.org$scalatest$Assertions$$inline$failImpl(Assertions.scala:1056)[0m
[31m  at org.scalatest.Assertions.org$scalatest$Assertions$$inline$failImpl$(Assertions.scala:421)[0m
[31m  at org.scalatest.flatspec.AnyFlatSpec.org$scalatest$Assertions$$inline$failImpl(AnyFlatSpec.scala:1685)[0m
[31m  at kuplrg.SpecBase.failed(SpecBase.scala:146)[0m
[31m  at kuplrg.SpecBase.testFun$proxy1$1(SpecBase.scala:127)[0m
[31m  at kuplrg.SpecBase.newTest$$anonfun$1(SpecBase.scala:131)[0m
[31m  at org.scalatest.Transformer.apply$$anonfun$1(Transformer.scala:22)[0m
[31m  at org.scalatest.OutcomeOf.outcomeOf(OutcomeOf.scala:85)[0m
[31m  at org.scalatest.OutcomeOf.outcomeOf$(OutcomeOf.scala:31)[0m
[31m  at org.scalatest.OutcomeOf$.outcomeOf(OutcomeOf.scala:104)[0m
[31m  at org.scalatest.Transformer.apply(Transformer.scala:22)[0m
[31m  at org.scalatest.Transformer.apply(Transformer.scala:21)[0m
[31m  at org.scalatest.flatspec.AnyFlatSpecLike$$anon$5.apply(AnyFlatSpecLike.scala:1717)[0m
[31m  at org.scalatest.TestSuite.withFixture(TestSuite.scala:196)[0m
[31m  at org.scalatest.TestSuite.withFixture$(TestSuite.scala:138)[0m
[31m  at org.scalatest.flatspec.AnyFlatSpec.withFixture(AnyFlatSpec.scala:1685)[0m
[31m  at org.scalatest.flatspec.AnyFlatSpecLike.invokeWithFixture$1(AnyFlatSpecLike.scala:1723)[0m
[31m  at org.scalatest.flatspec.AnyFlatSpecLike.runTest$$anonfun$1(AnyFlatSpecLike.scala:1727)[0m
[31m  at org.scalatest.SuperEngine.runTestImpl(Engine.scala:306)[0m
[31m  at org.scalatest.flatspec.AnyFlatSpecLike.runTest(AnyFlatSpecLike.scala:1727)[0m
[31m  at org.scalatest.flatspec.AnyFlatSpecLike.runTest$(AnyFlatSpecLike.scala:51)[0m
[31m  at org.scalatest.flatspec.AnyFlatSpec.runTest(AnyFlatSpec.scala:1685)[0m
[31m  at org.scalatest.flatspec.AnyFlatSpecLike.runTests$$anonfun$1(AnyFlatSpecLike.scala:1785)[0m
[31m  at org.scalatest.SuperEngine.traverseSubNodes$1$$anonfun$1(Engine.scala:413)[0m
[31m  at scala.runtime.function.JProcedure1.apply(JProcedure1.java:15)[0m
[31m  at scala.runtime.function.JProcedure1.apply(JProcedure1.java:10)[0m
[31m  at scala.collection.immutable.List.foreach(List.scala:333)[0m
[31m  at org.scalatest.SuperEngine.traverseSubNodes$1(Engine.scala:429)[0m
[31m  at org.scalatest.SuperEngine.runTestsInBranch(Engine.scala:390)[0m
[31m  at org.scalatest.SuperEngine.traverseSubNodes$1$$anonfun$1(Engine.scala:427)[0m
[31m  at scala.runtime.function.JProcedure1.apply(JProcedure1.java:15)[0m
[31m  at scala.runtime.function.JProcedure1.apply(JProcedure1.java:10)[0m
[31m  at scala.collection.immutable.List.foreach(List.scala:333)[0m
[31m  at org.scalatest.SuperEngine.traverseSubNodes$1(Engine.scala:429)[0m
[31m  at org.scalatest.SuperEngine.runTestsInBranch(Engine.scala:396)[0m
[31m  at org.scalatest.SuperEngine.runTestsImpl(Engine.scala:475)[0m
[31m  at org.scalatest.flatspec.AnyFlatSpecLike.runTests(AnyFlatSpecLike.scala:1785)[0m
[31m  at org.scalatest.flatspec.AnyFlatSpecLike.runTests$(AnyFlatSpecLike.scala:51)[0m
[31m  at org.scalatest.flatspec.AnyFlatSpec.runTests(AnyFlatSpec.scala:1685)[0m
[31m  at org.scalatest.Suite.run(Suite.scala:1114)[0m
[31m  at org.scalatest.Suite.run$(Suite.scala:564)[0m
[31m  at org.scalatest.flatspec.AnyFlatSpec.org$scalatest$flatspec$AnyFlatSpecLike$$super$run(AnyFlatSpec.scala:1685)[0m
[31m  at org.scalatest.flatspec.AnyFlatSpecLike.run$$anonfun$1(AnyFlatSpecLike.scala:1830)[0m
[31m  at org.scalatest.SuperEngine.runImpl(Engine.scala:535)[0m
[31m  at org.scalatest.flatspec.AnyFlatSpecLike.run(AnyFlatSpecLike.scala:1830)[0m
[31m  at org.scalatest.flatspec.AnyFlatSpecLike.run$(AnyFlatSpecLike.scala:51)[0m
[31m  at kuplrg.Spec.org$scalatest$BeforeAndAfterAll$$super$run(Spec.scala:5)[0m
[31m  at org.scalatest.BeforeAndAfterAll.liftedTree1$1(BeforeAndAfterAll.scala:213)[0m
[31m  at org.scalatest.BeforeAndAfterAll.run(BeforeAndAfterAll.scala:217)[0m
[31m  at org.scalatest.BeforeAndAfterAll.run$(BeforeAndAfterAll.scala:135)[0m
[31m  at kuplrg.Spec.run(Spec.scala:5)[0m
[31m  at org.scalatest.tools.Framework.org$scalatest$tools$Framework$$runSuite(Framework.scala:321)[0m
[31m  at org.scalatest.tools.Framework$ScalaTestTask.execute(Framework.scala:517)[0m
[31m  at sbt.TestRunner.runTest$1(TestFramework.scala:153)[0m
[31m  at sbt.TestRunner.run(TestFramework.scala:168)[0m
[31m  at sbt.TestFramework$$anon$3$$anonfun$$lessinit$greater$1.$anonfun$apply$1(TestFramework.scala:336)[0m
[31m  at sbt.TestFramework$.sbt$TestFramework$$withContextLoader(TestFramework.scala:296)[0m
[31m  at sbt.TestFramework$$anon$3$$anonfun$$lessinit$greater$1.apply(TestFramework.scala:336)[0m
[31m  at sbt.TestFramework$$anon$3$$anonfun$$lessinit$greater$1.apply(TestFramework.scala:336)[0m
[31m  at sbt.TestFunction.apply(TestFramework.scala:348)[0m
[31m  at sbt.Tests$.$anonfun$toTask$1(Tests.scala:436)[0m
[31m  at sbt.std.Transform$$anon$3.$anonfun$apply$2(Transform.scala:47)[0m
[31m  at sbt.std.Transform$$anon$4.work(Transform.scala:69)[0m
[31m  at sbt.Execute.$anonfun$submit$2(Execute.scala:283)[0m
[31m  at sbt.internal.util.ErrorHandling$.wideConvert(ErrorHandling.scala:24)[0m
[31m  at sbt.Execute.work(Execute.scala:292)[0m
[31m  at sbt.Execute.$anonfun$submit$1(Execute.scala:283)[0m
[31m  at sbt.ConcurrentRestrictions$$anon$4.$anonfun$submitValid$1(ConcurrentRestrictions.scala:265)[0m
[31m  at sbt.CompletionService$$anon$2.call(CompletionService.scala:65)[0m
[31m  at java.base/java.util.concurrent.FutureTask.run(FutureTask.java:317)[0m
[31m  at java.base/java.util.concurrent.Executors$RunnableAdapter.call(Executors.java:572)[0m
[31m  at java.base/java.util.concurrent.FutureTask.run(FutureTask.java:317)[0m
[31m  at java.base/java.util.concurrent.ThreadPoolExecutor.runWorker(ThreadPoolExecutor.java:1144)[0m
[31m  at java.base/java.util.concurrent.ThreadPoolExecutor$Worker.run(ThreadPoolExecutor.java:642)[0m
[31m  at java.base/java.lang.Thread.run(Thread.java:1583)[0m
[31mSpec:[0m
[31mcfg2pdaes(cfg6).langByEmptyStacks.mustEqual(lang_a_eq_b_c, TRIAL) [0m
[31m- should be terminated normally *** FAILED *** (3 milliseconds)[0m
[31m  Please implement `cfg2pdaes` (Implementaion.scala:36). (SpecBase.scala:146)[0m
[31m  org.scalatest.exceptions.TestFailedException:[0m
[31m  at org.scalatest.Assertions.newAssertionFailedException(Assertions.scala:476)[0m
[31m  at org.scalatest.Assertions.newAssertionFailedException$(Assertions.scala:421)[0m
[31m  at org.scalatest.flatspec.AnyFlatSpec.newAssertionFailedException(AnyFlatSpec.scala:1685)[0m
[31m  at org.scalatest.Assertions.failImpl(Assertions.scala:1060)[0m
[31m  at org.scalatest.Assertions.org$scalatest$Assertions$$inline$failImpl(Assertions.scala:1056)[0m
[31m  at org.scalatest.Assertions.org$scalatest$Assertions$$inline$failImpl$(Assertions.scala:421)[0m
[31m  at org.scalatest.flatspec.AnyFlatSpec.org$scalatest$Assertions$$inline$failImpl(AnyFlatSpec.scala:1685)[0m
[31m  at kuplrg.SpecBase.failed(SpecBase.scala:146)[0m
[31m  at kuplrg.SpecBase.testFun$proxy1$1(SpecBase.scala:127)[0m
[31m  at kuplrg.SpecBase.newTest$$anonfun$1(SpecBase.scala:131)[0m
[31m  at org.scalatest.Transformer.apply$$anonfun$1(Transformer.scala:22)[0m
[31m  at org.scalatest.OutcomeOf.outcomeOf(OutcomeOf.scala:85)[0m
[31m  at org.scalatest.OutcomeOf.outcomeOf$(OutcomeOf.scala:31)[0m
[31m  at org.scalatest.OutcomeOf$.outcomeOf(OutcomeOf.scala:104)[0m
[31m  at org.scalatest.Transformer.apply(Transformer.scala:22)[0m
[31m  at org.scalatest.Transformer.apply(Transformer.scala:21)[0m
[31m  at org.scalatest.flatspec.AnyFlatSpecLike$$anon$5.apply(AnyFlatSpecLike.scala:1717)[0m
[31m  at org.scalatest.TestSuite.withFixture(TestSuite.scala:196)[0m
[31m  at org.scalatest.TestSuite.withFixture$(TestSuite.scala:138)[0m
[31m  at org.scalatest.flatspec.AnyFlatSpec.withFixture(AnyFlatSpec.scala:1685)[0m
[31m  at org.scalatest.flatspec.AnyFlatSpecLike.invokeWithFixture$1(AnyFlatSpecLike.scala:1723)[0m
[31m  at org.scalatest.flatspec.AnyFlatSpecLike.runTest$$anonfun$1(AnyFlatSpecLike.scala:1727)[0m
[31m  at org.scalatest.SuperEngine.runTestImpl(Engine.scala:306)[0m
[31m  at org.scalatest.flatspec.AnyFlatSpecLike.runTest(AnyFlatSpecLike.scala:1727)[0m
[31m  at org.scalatest.flatspec.AnyFlatSpecLike.runTest$(AnyFlatSpecLike.scala:51)[0m
[31m  at org.scalatest.flatspec.AnyFlatSpec.runTest(AnyFlatSpec.scala:1685)[0m
[31m  at org.scalatest.flatspec.AnyFlatSpecLike.runTests$$anonfun$1(AnyFlatSpecLike.scala:1785)[0m
[31m  at org.scalatest.SuperEngine.traverseSubNodes$1$$anonfun$1(Engine.scala:413)[0m
[31m  at scala.runtime.function.JProcedure1.apply(JProcedure1.java:15)[0m
[31m  at scala.runtime.function.JProcedure1.apply(JProcedure1.java:10)[0m
[31m  at scala.collection.immutable.List.foreach(List.scala:333)[0m
[31m  at org.scalatest.SuperEngine.traverseSubNodes$1(Engine.scala:429)[0m
[31m  at org.scalatest.SuperEngine.runTestsInBranch(Engine.scala:390)[0m
[31m  at org.scalatest.SuperEngine.traverseSubNodes$1$$anonfun$1(Engine.scala:427)[0m
[31m  at scala.runtime.function.JProcedure1.apply(JProcedure1.java:15)[0m
[31m  at scala.runtime.function.JProcedure1.apply(JProcedure1.java:10)[0m
[31m  at scala.collection.immutable.List.foreach(List.scala:333)[0m
[31m  at org.scalatest.SuperEngine.traverseSubNodes$1(Engine.scala:429)[0m
[31m  at org.scalatest.SuperEngine.runTestsInBranch(Engine.scala:396)[0m
[31m  at org.scalatest.SuperEngine.runTestsImpl(Engine.scala:475)[0m
[31m  at org.scalatest.flatspec.AnyFlatSpecLike.runTests(AnyFlatSpecLike.scala:1785)[0m
[31m  at org.scalatest.flatspec.AnyFlatSpecLike.runTests$(AnyFlatSpecLike.scala:51)[0m
[31m  at org.scalatest.flatspec.AnyFlatSpec.runTests(AnyFlatSpec.scala:1685)[0m
[31m  at org.scalatest.Suite.run(Suite.scala:1114)[0m
[31m  at org.scalatest.Suite.run$(Suite.scala:564)[0m
[31m  at org.scalatest.flatspec.AnyFlatSpec.org$scalatest$flatspec$AnyFlatSpecLike$$super$run(AnyFlatSpec.scala:1685)[0m
[31m  at org.scalatest.flatspec.AnyFlatSpecLike.run$$anonfun$1(AnyFlatSpecLike.scala:1830)[0m
[31m  at org.scalatest.SuperEngine.runImpl(Engine.scala:535)[0m
[31m  at org.scalatest.flatspec.AnyFlatSpecLike.run(AnyFlatSpecLike.scala:1830)[0m
[31m  at org.scalatest.flatspec.AnyFlatSpecLike.run$(AnyFlatSpecLike.scala:51)[0m
[31m  at kuplrg.Spec.org$scalatest$BeforeAndAfterAll$$super$run(Spec.scala:5)[0m
[31m  at org.scalatest.BeforeAndAfterAll.liftedTree1$1(BeforeAndAfterAll.scala:213)[0m
[31m  at org.scalatest.BeforeAndAfterAll.run(BeforeAndAfterAll.scala:217)[0m
[31m  at org.scalatest.BeforeAndAfterAll.run$(BeforeAndAfterAll.scala:135)[0m
[31m  at kuplrg.Spec.run(Spec.scala:5)[0m
[31m  at org.scalatest.tools.Framework.org$scalatest$tools$Framework$$runSuite(Framework.scala:321)[0m
[31m  at org.scalatest.tools.Framework$ScalaTestTask.execute(Framework.scala:517)[0m
[31m  at sbt.TestRunner.runTest$1(TestFramework.scala:153)[0m
[31m  at sbt.TestRunner.run(TestFramework.scala:168)[0m
[31m  at sbt.TestFramework$$anon$3$$anonfun$$lessinit$greater$1.$anonfun$apply$1(TestFramework.scala:336)[0m
[31m  at sbt.TestFramework$.sbt$TestFramework$$withContextLoader(TestFramework.scala:296)[0m
[31m  at sbt.TestFramework$$anon$3$$anonfun$$lessinit$greater$1.apply(TestFramework.scala:336)[0m
[31m  at sbt.TestFramework$$anon$3$$anonfun$$lessinit$greater$1.apply(TestFramework.scala:336)[0m
[31m  at sbt.TestFunction.apply(TestFramework.scala:348)[0m
[31m  at sbt.Tests$.$anonfun$toTask$1(Tests.scala:436)[0m
[31m  at sbt.std.Transform$$anon$3.$anonfun$apply$2(Transform.scala:47)[0m
[31m  at sbt.std.Transform$$anon$4.work(Transform.scala:69)[0m
[31m  at sbt.Execute.$anonfun$submit$2(Execute.scala:283)[0m
[31m  at sbt.internal.util.ErrorHandling$.wideConvert(ErrorHandling.scala:24)[0m
[31m  at sbt.Execute.work(Execute.scala:292)[0m
[31m  at sbt.Execute.$anonfun$submit$1(Execute.scala:283)[0m
[31m  at sbt.ConcurrentRestrictions$$anon$4.$anonfun$submitValid$1(ConcurrentRestrictions.scala:265)[0m
[31m  at sbt.CompletionService$$anon$2.call(CompletionService.scala:65)[0m
[31m  at java.base/java.util.concurrent.FutureTask.run(FutureTask.java:317)[0m
[31m  at java.base/java.util.concurrent.Executors$RunnableAdapter.call(Executors.java:572)[0m
[31m  at java.base/java.util.concurrent.FutureTask.run(FutureTask.java:317)[0m
[31m  at java.base/java.util.concurrent.ThreadPoolExecutor.runWorker(ThreadPoolExecutor.java:1144)[0m
[31m  at java.base/java.util.concurrent.ThreadPoolExecutor$Worker.run(ThreadPoolExecutor.java:642)[0m
[31m  at java.base/java.lang.Thread.run(Thread.java:1583)[0m
[31mSpec:[0m
[31mcfg2pdaes(cfg7).langByEmptyStacks.mustEqual(lang_a2n1_b2n1, TRIAL) [0m
[31m- should be terminated normally *** FAILED *** (2 milliseconds)[0m
[31m  Please implement `cfg2pdaes` (Implementaion.scala:36). (SpecBase.scala:146)[0m
[31m  org.scalatest.exceptions.TestFailedException:[0m
[31m  at org.scalatest.Assertions.newAssertionFailedException(Assertions.scala:476)[0m
[31m  at org.scalatest.Assertions.newAssertionFailedException$(Assertions.scala:421)[0m
[31m  at org.scalatest.flatspec.AnyFlatSpec.newAssertionFailedException(AnyFlatSpec.scala:1685)[0m
[31m  at org.scalatest.Assertions.failImpl(Assertions.scala:1060)[0m
[31m  at org.scalatest.Assertions.org$scalatest$Assertions$$inline$failImpl(Assertions.scala:1056)[0m
[31m  at org.scalatest.Assertions.org$scalatest$Assertions$$inline$failImpl$(Assertions.scala:421)[0m
[31m  at org.scalatest.flatspec.AnyFlatSpec.org$scalatest$Assertions$$inline$failImpl(AnyFlatSpec.scala:1685)[0m
[31m  at kuplrg.SpecBase.failed(SpecBase.scala:146)[0m
[31m  at kuplrg.SpecBase.testFun$proxy1$1(SpecBase.scala:127)[0m
[31m  at kuplrg.SpecBase.newTest$$anonfun$1(SpecBase.scala:131)[0m
[31m  at org.scalatest.Transformer.apply$$anonfun$1(Transformer.scala:22)[0m
[31m  at org.scalatest.OutcomeOf.outcomeOf(OutcomeOf.scala:85)[0m
[31m  at org.scalatest.OutcomeOf.outcomeOf$(OutcomeOf.scala:31)[0m
[31m  at org.scalatest.OutcomeOf$.outcomeOf(OutcomeOf.scala:104)[0m
[31m  at org.scalatest.Transformer.apply(Transformer.scala:22)[0m
[31m  at org.scalatest.Transformer.apply(Transformer.scala:21)[0m
[31m  at org.scalatest.flatspec.AnyFlatSpecLike$$anon$5.apply(AnyFlatSpecLike.scala:1717)[0m
[31m  at org.scalatest.TestSuite.withFixture(TestSuite.scala:196)[0m
[31m  at org.scalatest.TestSuite.withFixture$(TestSuite.scala:138)[0m
[31m  at org.scalatest.flatspec.AnyFlatSpec.withFixture(AnyFlatSpec.scala:1685)[0m
[31m  at org.scalatest.flatspec.AnyFlatSpecLike.invokeWithFixture$1(AnyFlatSpecLike.scala:1723)[0m
[31m  at org.scalatest.flatspec.AnyFlatSpecLike.runTest$$anonfun$1(AnyFlatSpecLike.scala:1727)[0m
[31m  at org.scalatest.SuperEngine.runTestImpl(Engine.scala:306)[0m
[31m  at org.scalatest.flatspec.AnyFlatSpecLike.runTest(AnyFlatSpecLike.scala:1727)[0m
[31m  at org.scalatest.flatspec.AnyFlatSpecLike.runTest$(AnyFlatSpecLike.scala:51)[0m
[31m  at org.scalatest.flatspec.AnyFlatSpec.runTest(AnyFlatSpec.scala:1685)[0m
[31m  at org.scalatest.flatspec.AnyFlatSpecLike.runTests$$anonfun$1(AnyFlatSpecLike.scala:1785)[0m
[31m  at org.scalatest.SuperEngine.traverseSubNodes$1$$anonfun$1(Engine.scala:413)[0m
[31m  at scala.runtime.function.JProcedure1.apply(JProcedure1.java:15)[0m
[31m  at scala.runtime.function.JProcedure1.apply(JProcedure1.java:10)[0m
[31m  at scala.collection.immutable.List.foreach(List.scala:333)[0m
[31m  at org.scalatest.SuperEngine.traverseSubNodes$1(Engine.scala:429)[0m
[31m  at org.scalatest.SuperEngine.runTestsInBranch(Engine.scala:390)[0m
[31m  at org.scalatest.SuperEngine.traverseSubNodes$1$$anonfun$1(Engine.scala:427)[0m
[31m  at scala.runtime.function.JProcedure1.apply(JProcedure1.java:15)[0m
[31m  at scala.runtime.function.JProcedure1.apply(JProcedure1.java:10)[0m
[31m  at scala.collection.immutable.List.foreach(List.scala:333)[0m
[31m  at org.scalatest.SuperEngine.traverseSubNodes$1(Engine.scala:429)[0m
[31m  at org.scalatest.SuperEngine.runTestsInBranch(Engine.scala:396)[0m
[31m  at org.scalatest.SuperEngine.runTestsImpl(Engine.scala:475)[0m
[31m  at org.scalatest.flatspec.AnyFlatSpecLike.runTests(AnyFlatSpecLike.scala:1785)[0m
[31m  at org.scalatest.flatspec.AnyFlatSpecLike.runTests$(AnyFlatSpecLike.scala:51)[0m
[31m  at org.scalatest.flatspec.AnyFlatSpec.runTests(AnyFlatSpec.scala:1685)[0m
[31m  at org.scalatest.Suite.run(Suite.scala:1114)[0m
[31m  at org.scalatest.Suite.run$(Suite.scala:564)[0m
[31m  at org.scalatest.flatspec.AnyFlatSpec.org$scalatest$flatspec$AnyFlatSpecLike$$super$run(AnyFlatSpec.scala:1685)[0m
[31m  at org.scalatest.flatspec.AnyFlatSpecLike.run$$anonfun$1(AnyFlatSpecLike.scala:1830)[0m
[31m  at org.scalatest.SuperEngine.runImpl(Engine.scala:535)[0m
[31m  at org.scalatest.flatspec.AnyFlatSpecLike.run(AnyFlatSpecLike.scala:1830)[0m
[31m  at org.scalatest.flatspec.AnyFlatSpecLike.run$(AnyFlatSpecLike.scala:51)[0m
[31m  at kuplrg.Spec.org$scalatest$BeforeAndAfterAll$$super$run(Spec.scala:5)[0m
[31m  at org.scalatest.BeforeAndAfterAll.liftedTree1$1(BeforeAndAfterAll.scala:213)[0m
[31m  at org.scalatest.BeforeAndAfterAll.run(BeforeAndAfterAll.scala:217)[0m
[31m  at org.scalatest.BeforeAndAfterAll.run$(BeforeAndAfterAll.scala:135)[0m
[31m  at kuplrg.Spec.run(Spec.scala:5)[0m
[31m  at org.scalatest.tools.Framework.org$scalatest$tools$Framework$$runSuite(Framework.scala:321)[0m
[31m  at org.scalatest.tools.Framework$ScalaTestTask.execute(Framework.scala:517)[0m
[31m  at sbt.TestRunner.runTest$1(TestFramework.scala:153)[0m
[31m  at sbt.TestRunner.run(TestFramework.scala:168)[0m
[31m  at sbt.TestFramework$$anon$3$$anonfun$$lessinit$greater$1.$anonfun$apply$1(TestFramework.scala:336)[0m
[31m  at sbt.TestFramework$.sbt$TestFramework$$withContextLoader(TestFramework.scala:296)[0m
[31m  at sbt.TestFramework$$anon$3$$anonfun$$lessinit$greater$1.apply(TestFramework.scala:336)[0m
[31m  at sbt.TestFramework$$anon$3$$anonfun$$lessinit$greater$1.apply(TestFramework.scala:336)[0m
[31m  at sbt.TestFunction.apply(TestFramework.scala:348)[0m
[31m  at sbt.Tests$.$anonfun$toTask$1(Tests.scala:436)[0m
[31m  at sbt.std.Transform$$anon$3.$anonfun$apply$2(Transform.scala:47)[0m
[31m  at sbt.std.Transform$$anon$4.work(Transform.scala:69)[0m
[31m  at sbt.Execute.$anonfun$submit$2(Execute.scala:283)[0m
[31m  at sbt.internal.util.ErrorHandling$.wideConvert(ErrorHandling.scala:24)[0m
[31m  at sbt.Execute.work(Execute.scala:292)[0m
[31m  at sbt.Execute.$anonfun$submit$1(Execute.scala:283)[0m
[31m  at sbt.ConcurrentRestrictions$$anon$4.$anonfun$submitValid$1(ConcurrentRestrictions.scala:265)[0m
[31m  at sbt.CompletionService$$anon$2.call(CompletionService.scala:65)[0m
[31m  at java.base/java.util.concurrent.FutureTask.run(FutureTask.java:317)[0m
[31m  at java.base/java.util.concurrent.Executors$RunnableAdapter.call(Executors.java:572)[0m
[31m  at java.base/java.util.concurrent.FutureTask.run(FutureTask.java:317)[0m
[31m  at java.base/java.util.concurrent.ThreadPoolExecutor.runWorker(ThreadPoolExecutor.java:1144)[0m
[31m  at java.base/java.util.concurrent.ThreadPoolExecutor$Worker.run(ThreadPoolExecutor.java:642)[0m
[31m  at java.base/java.lang.Thread.run(Thread.java:1583)[0m
[31mSpec:[0m
[31mcfg2pdaes(cfg8).langByEmptyStacks.mustEqual(lang_a2n_b2n, TRIAL) [0m
[31m- should be terminated normally *** FAILED *** (1 millisecond)[0m
[31m  Please implement `cfg2pdaes` (Implementaion.scala:36). (SpecBase.scala:146)[0m
[31m  org.scalatest.exceptions.TestFailedException:[0m
[31m  at org.scalatest.Assertions.newAssertionFailedException(Assertions.scala:476)[0m
[31m  at org.scalatest.Assertions.newAssertionFailedException$(Assertions.scala:421)[0m
[31m  at org.scalatest.flatspec.AnyFlatSpec.newAssertionFailedException(AnyFlatSpec.scala:1685)[0m
[31m  at org.scalatest.Assertions.failImpl(Assertions.scala:1060)[0m
[31m  at org.scalatest.Assertions.org$scalatest$Assertions$$inline$failImpl(Assertions.scala:1056)[0m
[31m  at org.scalatest.Assertions.org$scalatest$Assertions$$inline$failImpl$(Assertions.scala:421)[0m
[31m  at org.scalatest.flatspec.AnyFlatSpec.org$scalatest$Assertions$$inline$failImpl(AnyFlatSpec.scala:1685)[0m
[31m  at kuplrg.SpecBase.failed(SpecBase.scala:146)[0m
[31m  at kuplrg.SpecBase.testFun$proxy1$1(SpecBase.scala:127)[0m
[31m  at kuplrg.SpecBase.newTest$$anonfun$1(SpecBase.scala:131)[0m
[31m  at org.scalatest.Transformer.apply$$anonfun$1(Transformer.scala:22)[0m
[31m  at org.scalatest.OutcomeOf.outcomeOf(OutcomeOf.scala:85)[0m
[31m  at org.scalatest.OutcomeOf.outcomeOf$(OutcomeOf.scala:31)[0m
[31m  at org.scalatest.OutcomeOf$.outcomeOf(OutcomeOf.scala:104)[0m
[31m  at org.scalatest.Transformer.apply(Transformer.scala:22)[0m
[31m  at org.scalatest.Transformer.apply(Transformer.scala:21)[0m
[31m  at org.scalatest.flatspec.AnyFlatSpecLike$$anon$5.apply(AnyFlatSpecLike.scala:1717)[0m
[31m  at org.scalatest.TestSuite.withFixture(TestSuite.scala:196)[0m
[31m  at org.scalatest.TestSuite.withFixture$(TestSuite.scala:138)[0m
[31m  at org.scalatest.flatspec.AnyFlatSpec.withFixture(AnyFlatSpec.scala:1685)[0m
[31m  at org.scalatest.flatspec.AnyFlatSpecLike.invokeWithFixture$1(AnyFlatSpecLike.scala:1723)[0m
[31m  at org.scalatest.flatspec.AnyFlatSpecLike.runTest$$anonfun$1(AnyFlatSpecLike.scala:1727)[0m
[31m  at org.scalatest.SuperEngine.runTestImpl(Engine.scala:306)[0m
[31m  at org.scalatest.flatspec.AnyFlatSpecLike.runTest(AnyFlatSpecLike.scala:1727)[0m
[31m  at org.scalatest.flatspec.AnyFlatSpecLike.runTest$(AnyFlatSpecLike.scala:51)[0m
[31m  at org.scalatest.flatspec.AnyFlatSpec.runTest(AnyFlatSpec.scala:1685)[0m
[31m  at org.scalatest.flatspec.AnyFlatSpecLike.runTests$$anonfun$1(AnyFlatSpecLike.scala:1785)[0m
[31m  at org.scalatest.SuperEngine.traverseSubNodes$1$$anonfun$1(Engine.scala:413)[0m
[31m  at scala.runtime.function.JProcedure1.apply(JProcedure1.java:15)[0m
[31m  at scala.runtime.function.JProcedure1.apply(JProcedure1.java:10)[0m
[31m  at scala.collection.immutable.List.foreach(List.scala:333)[0m
[31m  at org.scalatest.SuperEngine.traverseSubNodes$1(Engine.scala:429)[0m
[31m  at org.scalatest.SuperEngine.runTestsInBranch(Engine.scala:390)[0m
[31m  at org.scalatest.SuperEngine.traverseSubNodes$1$$anonfun$1(Engine.scala:427)[0m
[31m  at scala.runtime.function.JProcedure1.apply(JProcedure1.java:15)[0m
[31m  at scala.runtime.function.JProcedure1.apply(JProcedure1.java:10)[0m
[31m  at scala.collection.immutable.List.foreach(List.scala:333)[0m
[31m  at org.scalatest.SuperEngine.traverseSubNodes$1(Engine.scala:429)[0m
[31m  at org.scalatest.SuperEngine.runTestsInBranch(Engine.scala:396)[0m
[31m  at org.scalatest.SuperEngine.runTestsImpl(Engine.scala:475)[0m
[31m  at org.scalatest.flatspec.AnyFlatSpecLike.runTests(AnyFlatSpecLike.scala:1785)[0m
[31m  at org.scalatest.flatspec.AnyFlatSpecLike.runTests$(AnyFlatSpecLike.scala:51)[0m
[31m  at org.scalatest.flatspec.AnyFlatSpec.runTests(AnyFlatSpec.scala:1685)[0m
[31m  at org.scalatest.Suite.run(Suite.scala:1114)[0m
[31m  at org.scalatest.Suite.run$(Suite.scala:564)[0m
[31m  at org.scalatest.flatspec.AnyFlatSpec.org$scalatest$flatspec$AnyFlatSpecLike$$super$run(AnyFlatSpec.scala:1685)[0m
[31m  at org.scalatest.flatspec.AnyFlatSpecLike.run$$anonfun$1(AnyFlatSpecLike.scala:1830)[0m
[31m  at org.scalatest.SuperEngine.runImpl(Engine.scala:535)[0m
[31m  at org.scalatest.flatspec.AnyFlatSpecLike.run(AnyFlatSpecLike.scala:1830)[0m
[31m  at org.scalatest.flatspec.AnyFlatSpecLike.run$(AnyFlatSpecLike.scala:51)[0m
[31m  at kuplrg.Spec.org$scalatest$BeforeAndAfterAll$$super$run(Spec.scala:5)[0m
[31m  at org.scalatest.BeforeAndAfterAll.liftedTree1$1(BeforeAndAfterAll.scala:213)[0m
[31m  at org.scalatest.BeforeAndAfterAll.run(BeforeAndAfterAll.scala:217)[0m
[31m  at org.scalatest.BeforeAndAfterAll.run$(BeforeAndAfterAll.scala:135)[0m
[31m  at kuplrg.Spec.run(Spec.scala:5)[0m
[31m  at org.scalatest.tools.Framework.org$scalatest$tools$Framework$$runSuite(Framework.scala:321)[0m
[31m  at org.scalatest.tools.Framework$ScalaTestTask.execute(Framework.scala:517)[0m
[31m  at sbt.TestRunner.runTest$1(TestFramework.scala:153)[0m
[31m  at sbt.TestRunner.run(TestFramework.scala:168)[0m
[31m  at sbt.TestFramework$$anon$3$$anonfun$$lessinit$greater$1.$anonfun$apply$1(TestFramework.scala:336)[0m
[31m  at sbt.TestFramework$.sbt$TestFramework$$withContextLoader(TestFramework.scala:296)[0m
[31m  at sbt.TestFramework$$anon$3$$anonfun$$lessinit$greater$1.apply(TestFramework.scala:336)[0m
[31m  at sbt.TestFramework$$anon$3$$anonfun$$lessinit$greater$1.apply(TestFramework.scala:336)[0m
[31m  at sbt.TestFunction.apply(TestFramework.scala:348)[0m
[31m  at sbt.Tests$.$anonfun$toTask$1(Tests.scala:436)[0m
[31m  at sbt.std.Transform$$anon$3.$anonfun$apply$2(Transform.scala:47)[0m
[31m  at sbt.std.Transform$$anon$4.work(Transform.scala:69)[0m
[31m  at sbt.Execute.$anonfun$submit$2(Execute.scala:283)[0m
[31m  at sbt.internal.util.ErrorHandling$.wideConvert(ErrorHandling.scala:24)[0m
[31m  at sbt.Execute.work(Execute.scala:292)[0m
[31m  at sbt.Execute.$anonfun$submit$1(Execute.scala:283)[0m
[31m  at sbt.ConcurrentRestrictions$$anon$4.$anonfun$submitValid$1(ConcurrentRestrictions.scala:265)[0m
[31m  at sbt.CompletionService$$anon$2.call(CompletionService.scala:65)[0m
[31m  at java.base/java.util.concurrent.FutureTask.run(FutureTask.java:317)[0m
[31m  at java.base/java.util.concurrent.Executors$RunnableAdapter.call(Executors.java:572)[0m
[31m  at java.base/java.util.concurrent.FutureTask.run(FutureTask.java:317)[0m
[31m  at java.base/java.util.concurrent.ThreadPoolExecutor.runWorker(ThreadPoolExecutor.java:1144)[0m
[31m  at java.base/java.util.concurrent.ThreadPoolExecutor$Worker.run(ThreadPoolExecutor.java:642)[0m
[31m  at java.base/java.lang.Thread.run(Thread.java:1583)[0m
[31mSpec:[0m
[31mcfg2pdaes(cfg9).langByEmptyStacks.mustEqual(lang_bn_am_b2n, TRIAL) [0m
[31m- should be terminated normally *** FAILED *** (2 milliseconds)[0m
[31m  Please implement `cfg2pdaes` (Implementaion.scala:36). (SpecBase.scala:146)[0m
[31m  org.scalatest.exceptions.TestFailedException:[0m
[31m  at org.scalatest.Assertions.newAssertionFailedException(Assertions.scala:476)[0m
[31m  at org.scalatest.Assertions.newAssertionFailedException$(Assertions.scala:421)[0m
[31m  at org.scalatest.flatspec.AnyFlatSpec.newAssertionFailedException(AnyFlatSpec.scala:1685)[0m
[31m  at org.scalatest.Assertions.failImpl(Assertions.scala:1060)[0m
[31m  at org.scalatest.Assertions.org$scalatest$Assertions$$inline$failImpl(Assertions.scala:1056)[0m
[31m  at org.scalatest.Assertions.org$scalatest$Assertions$$inline$failImpl$(Assertions.scala:421)[0m
[31m  at org.scalatest.flatspec.AnyFlatSpec.org$scalatest$Assertions$$inline$failImpl(AnyFlatSpec.scala:1685)[0m
[31m  at kuplrg.SpecBase.failed(SpecBase.scala:146)[0m
[31m  at kuplrg.SpecBase.testFun$proxy1$1(SpecBase.scala:127)[0m
[31m  at kuplrg.SpecBase.newTest$$anonfun$1(SpecBase.scala:131)[0m
[31m  at org.scalatest.Transformer.apply$$anonfun$1(Transformer.scala:22)[0m
[31m  at org.scalatest.OutcomeOf.outcomeOf(OutcomeOf.scala:85)[0m
[31m  at org.scalatest.OutcomeOf.outcomeOf$(OutcomeOf.scala:31)[0m
[31m  at org.scalatest.OutcomeOf$.outcomeOf(OutcomeOf.scala:104)[0m
[31m  at org.scalatest.Transformer.apply(Transformer.scala:22)[0m
[31m  at org.scalatest.Transformer.apply(Transformer.scala:21)[0m
[31m  at org.scalatest.flatspec.AnyFlatSpecLike$$anon$5.apply(AnyFlatSpecLike.scala:1717)[0m
[31m  at org.scalatest.TestSuite.withFixture(TestSuite.scala:196)[0m
[31m  at org.scalatest.TestSuite.withFixture$(TestSuite.scala:138)[0m
[31m  at org.scalatest.flatspec.AnyFlatSpec.withFixture(AnyFlatSpec.scala:1685)[0m
[31m  at org.scalatest.flatspec.AnyFlatSpecLike.invokeWithFixture$1(AnyFlatSpecLike.scala:1723)[0m
[31m  at org.scalatest.flatspec.AnyFlatSpecLike.runTest$$anonfun$1(AnyFlatSpecLike.scala:1727)[0m
[31m  at org.scalatest.SuperEngine.runTestImpl(Engine.scala:306)[0m
[31m  at org.scalatest.flatspec.AnyFlatSpecLike.runTest(AnyFlatSpecLike.scala:1727)[0m
[31m  at org.scalatest.flatspec.AnyFlatSpecLike.runTest$(AnyFlatSpecLike.scala:51)[0m
[31m  at org.scalatest.flatspec.AnyFlatSpec.runTest(AnyFlatSpec.scala:1685)[0m
[31m  at org.scalatest.flatspec.AnyFlatSpecLike.runTests$$anonfun$1(AnyFlatSpecLike.scala:1785)[0m
[31m  at org.scalatest.SuperEngine.traverseSubNodes$1$$anonfun$1(Engine.scala:413)[0m
[31m  at scala.runtime.function.JProcedure1.apply(JProcedure1.java:15)[0m
[31m  at scala.runtime.function.JProcedure1.apply(JProcedure1.java:10)[0m
[31m  at scala.collection.immutable.List.foreach(List.scala:333)[0m
[31m  at org.scalatest.SuperEngine.traverseSubNodes$1(Engine.scala:429)[0m
[31m  at org.scalatest.SuperEngine.runTestsInBranch(Engine.scala:390)[0m
[31m  at org.scalatest.SuperEngine.traverseSubNodes$1$$anonfun$1(Engine.scala:427)[0m
[31m  at scala.runtime.function.JProcedure1.apply(JProcedure1.java:15)[0m
[31m  at scala.runtime.function.JProcedure1.apply(JProcedure1.java:10)[0m
[31m  at scala.collection.immutable.List.foreach(List.scala:333)[0m
[31m  at org.scalatest.SuperEngine.traverseSubNodes$1(Engine.scala:429)[0m
[31m  at org.scalatest.SuperEngine.runTestsInBranch(Engine.scala:396)[0m
[31m  at org.scalatest.SuperEngine.runTestsImpl(Engine.scala:475)[0m
[31m  at org.scalatest.flatspec.AnyFlatSpecLike.runTests(AnyFlatSpecLike.scala:1785)[0m
[31m  at org.scalatest.flatspec.AnyFlatSpecLike.runTests$(AnyFlatSpecLike.scala:51)[0m
[31m  at org.scalatest.flatspec.AnyFlatSpec.runTests(AnyFlatSpec.scala:1685)[0m
[31m  at org.scalatest.Suite.run(Suite.scala:1114)[0m
[31m  at org.scalatest.Suite.run$(Suite.scala:564)[0m
[31m  at org.scalatest.flatspec.AnyFlatSpec.org$scalatest$flatspec$AnyFlatSpecLike$$super$run(AnyFlatSpec.scala:1685)[0m
[31m  at org.scalatest.flatspec.AnyFlatSpecLike.run$$anonfun$1(AnyFlatSpecLike.scala:1830)[0m
[31m  at org.scalatest.SuperEngine.runImpl(Engine.scala:535)[0m
[31m  at org.scalatest.flatspec.AnyFlatSpecLike.run(AnyFlatSpecLike.scala:1830)[0m
[31m  at org.scalatest.flatspec.AnyFlatSpecLike.run$(AnyFlatSpecLike.scala:51)[0m
[31m  at kuplrg.Spec.org$scalatest$BeforeAndAfterAll$$super$run(Spec.scala:5)[0m
[31m  at org.scalatest.BeforeAndAfterAll.liftedTree1$1(BeforeAndAfterAll.scala:213)[0m
[31m  at org.scalatest.BeforeAndAfterAll.run(BeforeAndAfterAll.scala:217)[0m
[31m  at org.scalatest.BeforeAndAfterAll.run$(BeforeAndAfterAll.scala:135)[0m
[31m  at kuplrg.Spec.run(Spec.scala:5)[0m
[31m  at org.scalatest.tools.Framework.org$scalatest$tools$Framework$$runSuite(Framework.scala:321)[0m
[31m  at org.scalatest.tools.Framework$ScalaTestTask.execute(Framework.scala:517)[0m
[31m  at sbt.TestRunner.runTest$1(TestFramework.scala:153)[0m
[31m  at sbt.TestRunner.run(TestFramework.scala:168)[0m
[31m  at sbt.TestFramework$$anon$3$$anonfun$$lessinit$greater$1.$anonfun$apply$1(TestFramework.scala:336)[0m
[31m  at sbt.TestFramework$.sbt$TestFramework$$withContextLoader(TestFramework.scala:296)[0m
[31m  at sbt.TestFramework$$anon$3$$anonfun$$lessinit$greater$1.apply(TestFramework.scala:336)[0m
[31m  at sbt.TestFramework$$anon$3$$anonfun$$lessinit$greater$1.apply(TestFramework.scala:336)[0m
[31m  at sbt.TestFunction.apply(TestFramework.scala:348)[0m
[31m  at sbt.Tests$.$anonfun$toTask$1(Tests.scala:436)[0m
[31m  at sbt.std.Transform$$anon$3.$anonfun$apply$2(Transform.scala:47)[0m
[31m  at sbt.std.Transform$$anon$4.work(Transform.scala:69)[0m
[31m  at sbt.Execute.$anonfun$submit$2(Execute.scala:283)[0m
[31m  at sbt.internal.util.ErrorHandling$.wideConvert(ErrorHandling.scala:24)[0m
[31m  at sbt.Execute.work(Execute.scala:292)[0m
[31m  at sbt.Execute.$anonfun$submit$1(Execute.scala:283)[0m
[31m  at sbt.ConcurrentRestrictions$$anon$4.$anonfun$submitValid$1(ConcurrentRestrictions.scala:265)[0m
[31m  at sbt.CompletionService$$anon$2.call(CompletionService.scala:65)[0m
[31m  at java.base/java.util.concurrent.FutureTask.run(FutureTask.java:317)[0m
[31m  at java.base/java.util.concurrent.Executors$RunnableAdapter.call(Executors.java:572)[0m
[31m  at java.base/java.util.concurrent.FutureTask.run(FutureTask.java:317)[0m
[31m  at java.base/java.util.concurrent.ThreadPoolExecutor.runWorker(ThreadPoolExecutor.java:1144)[0m
[31m  at java.base/java.util.concurrent.ThreadPoolExecutor$Worker.run(ThreadPoolExecutor.java:642)[0m
[31m  at java.base/java.lang.Thread.run(Thread.java:1583)[0m
[31mSpec:[0m
[31mcfg2pdaes(cfg10).langByEmptyStacks.mustEqual(lang_balanced, TRIAL) [0m
[31m- should be terminated normally *** FAILED *** (1 millisecond)[0m
[31m  Please implement `cfg2pdaes` (Implementaion.scala:36). (SpecBase.scala:146)[0m
[31m  org.scalatest.exceptions.TestFailedException:[0m
[31m  at org.scalatest.Assertions.newAssertionFailedException(Assertions.scala:476)[0m
[31m  at org.scalatest.Assertions.newAssertionFailedException$(Assertions.scala:421)[0m
[31m  at org.scalatest.flatspec.AnyFlatSpec.newAssertionFailedException(AnyFlatSpec.scala:1685)[0m
[31m  at org.scalatest.Assertions.failImpl(Assertions.scala:1060)[0m
[31m  at org.scalatest.Assertions.org$scalatest$Assertions$$inline$failImpl(Assertions.scala:1056)[0m
[31m  at org.scalatest.Assertions.org$scalatest$Assertions$$inline$failImpl$(Assertions.scala:421)[0m
[31m  at org.scalatest.flatspec.AnyFlatSpec.org$scalatest$Assertions$$inline$failImpl(AnyFlatSpec.scala:1685)[0m
[31m  at kuplrg.SpecBase.failed(SpecBase.scala:146)[0m
[31m  at kuplrg.SpecBase.testFun$proxy1$1(SpecBase.scala:127)[0m
[31m  at kuplrg.SpecBase.newTest$$anonfun$1(SpecBase.scala:131)[0m
[31m  at org.scalatest.Transformer.apply$$anonfun$1(Transformer.scala:22)[0m
[31m  at org.scalatest.OutcomeOf.outcomeOf(OutcomeOf.scala:85)[0m
[31m  at org.scalatest.OutcomeOf.outcomeOf$(OutcomeOf.scala:31)[0m
[31m  at org.scalatest.OutcomeOf$.outcomeOf(OutcomeOf.scala:104)[0m
[31m  at org.scalatest.Transformer.apply(Transformer.scala:22)[0m
[31m  at org.scalatest.Transformer.apply(Transformer.scala:21)[0m
[31m  at org.scalatest.flatspec.AnyFlatSpecLike$$anon$5.apply(AnyFlatSpecLike.scala:1717)[0m
[31m  at org.scalatest.TestSuite.withFixture(TestSuite.scala:196)[0m
[31m  at org.scalatest.TestSuite.withFixture$(TestSuite.scala:138)[0m
[31m  at org.scalatest.flatspec.AnyFlatSpec.withFixture(AnyFlatSpec.scala:1685)[0m
[31m  at org.scalatest.flatspec.AnyFlatSpecLike.invokeWithFixture$1(AnyFlatSpecLike.scala:1723)[0m
[31m  at org.scalatest.flatspec.AnyFlatSpecLike.runTest$$anonfun$1(AnyFlatSpecLike.scala:1727)[0m
[31m  at org.scalatest.SuperEngine.runTestImpl(Engine.scala:306)[0m
[31m  at org.scalatest.flatspec.AnyFlatSpecLike.runTest(AnyFlatSpecLike.scala:1727)[0m
[31m  at org.scalatest.flatspec.AnyFlatSpecLike.runTest$(AnyFlatSpecLike.scala:51)[0m
[31m  at org.scalatest.flatspec.AnyFlatSpec.runTest(AnyFlatSpec.scala:1685)[0m
[31m  at org.scalatest.flatspec.AnyFlatSpecLike.runTests$$anonfun$1(AnyFlatSpecLike.scala:1785)[0m
[31m  at org.scalatest.SuperEngine.traverseSubNodes$1$$anonfun$1(Engine.scala:413)[0m
[31m  at scala.runtime.function.JProcedure1.apply(JProcedure1.java:15)[0m
[31m  at scala.runtime.function.JProcedure1.apply(JProcedure1.java:10)[0m
[31m  at scala.collection.immutable.List.foreach(List.scala:333)[0m
[31m  at org.scalatest.SuperEngine.traverseSubNodes$1(Engine.scala:429)[0m
[31m  at org.scalatest.SuperEngine.runTestsInBranch(Engine.scala:390)[0m
[31m  at org.scalatest.SuperEngine.traverseSubNodes$1$$anonfun$1(Engine.scala:427)[0m
[31m  at scala.runtime.function.JProcedure1.apply(JProcedure1.java:15)[0m
[31m  at scala.runtime.function.JProcedure1.apply(JProcedure1.java:10)[0m
[31m  at scala.collection.immutable.List.foreach(List.scala:333)[0m
[31m  at org.scalatest.SuperEngine.traverseSubNodes$1(Engine.scala:429)[0m
[31m  at org.scalatest.SuperEngine.runTestsInBranch(Engine.scala:396)[0m
[31m  at org.scalatest.SuperEngine.runTestsImpl(Engine.scala:475)[0m
[31m  at org.scalatest.flatspec.AnyFlatSpecLike.runTests(AnyFlatSpecLike.scala:1785)[0m
[31m  at org.scalatest.flatspec.AnyFlatSpecLike.runTests$(AnyFlatSpecLike.scala:51)[0m
[31m  at org.scalatest.flatspec.AnyFlatSpec.runTests(AnyFlatSpec.scala:1685)[0m
[31m  at org.scalatest.Suite.run(Suite.scala:1114)[0m
[31m  at org.scalatest.Suite.run$(Suite.scala:564)[0m
[31m  at org.scalatest.flatspec.AnyFlatSpec.org$scalatest$flatspec$AnyFlatSpecLike$$super$run(AnyFlatSpec.scala:1685)[0m
[31m  at org.scalatest.flatspec.AnyFlatSpecLike.run$$anonfun$1(AnyFlatSpecLike.scala:1830)[0m
[31m  at org.scalatest.SuperEngine.runImpl(Engine.scala:535)[0m
[31m  at org.scalatest.flatspec.AnyFlatSpecLike.run(AnyFlatSpecLike.scala:1830)[0m
[31m  at org.scalatest.flatspec.AnyFlatSpecLike.run$(AnyFlatSpecLike.scala:51)[0m
[31m  at kuplrg.Spec.org$scalatest$BeforeAndAfterAll$$super$run(Spec.scala:5)[0m
[31m  at org.scalatest.BeforeAndAfterAll.liftedTree1$1(BeforeAndAfterAll.scala:213)[0m
[31m  at org.scalatest.BeforeAndAfterAll.run(BeforeAndAfterAll.scala:217)[0m
[31m  at org.scalatest.BeforeAndAfterAll.run$(BeforeAndAfterAll.scala:135)[0m
[31m  at kuplrg.Spec.run(Spec.scala:5)[0m
[31m  at org.scalatest.tools.Framework.org$scalatest$tools$Framework$$runSuite(Framework.scala:321)[0m
[31m  at org.scalatest.tools.Framework$ScalaTestTask.execute(Framework.scala:517)[0m
[31m  at sbt.TestRunner.runTest$1(TestFramework.scala:153)[0m
[31m  at sbt.TestRunner.run(TestFramework.scala:168)[0m
[31m  at sbt.TestFramework$$anon$3$$anonfun$$lessinit$greater$1.$anonfun$apply$1(TestFramework.scala:336)[0m
[31m  at sbt.TestFramework$.sbt$TestFramework$$withContextLoader(TestFramework.scala:296)[0m
[31m  at sbt.TestFramework$$anon$3$$anonfun$$lessinit$greater$1.apply(TestFramework.scala:336)[0m
[31m  at sbt.TestFramework$$anon$3$$anonfun$$lessinit$greater$1.apply(TestFramework.scala:336)[0m
[31m  at sbt.TestFunction.apply(TestFramework.scala:348)[0m
[31m  at sbt.Tests$.$anonfun$toTask$1(Tests.scala:436)[0m
[31m  at sbt.std.Transform$$anon$3.$anonfun$apply$2(Transform.scala:47)[0m
[31m  at sbt.std.Transform$$anon$4.work(Transform.scala:69)[0m
[31m  at sbt.Execute.$anonfun$submit$2(Execute.scala:283)[0m
[31m  at sbt.internal.util.ErrorHandling$.wideConvert(ErrorHandling.scala:24)[0m
[31m  at sbt.Execute.work(Execute.scala:292)[0m
[31m  at sbt.Execute.$anonfun$submit$1(Execute.scala:283)[0m
[31m  at sbt.ConcurrentRestrictions$$anon$4.$anonfun$submitValid$1(ConcurrentRestrictions.scala:265)[0m
[31m  at sbt.CompletionService$$anon$2.call(CompletionService.scala:65)[0m
[31m  at java.base/java.util.concurrent.FutureTask.run(FutureTask.java:317)[0m
[31m  at java.base/java.util.concurrent.Executors$RunnableAdapter.call(Executors.java:572)[0m
[31m  at java.base/java.util.concurrent.FutureTask.run(FutureTask.java:317)[0m
[31m  at java.base/java.util.concurrent.ThreadPoolExecutor.runWorker(ThreadPoolExecutor.java:1144)[0m
[31m  at java.base/java.util.concurrent.ThreadPoolExecutor$Worker.run(ThreadPoolExecutor.java:642)[0m
[31m  at java.base/java.lang.Thread.run(Thread.java:1583)[0m
