<?xml version='1.0' encoding='UTF-8'?>
<testsuite hostname="gunmin" name="kuplrg.Spec" tests="20" errors="0" failures="0" skipped="0" time="0.91" timestamp="2024-04-01T18:01:59">
          <properties>
[...]
</properties>
          <testcase classname="kuplrg.Spec" name="dfa_a_b_star.mustValid should be terminated normally" time="0.032">
                      
                    </testcase><testcase classname="kuplrg.Spec" name="dfa_a_b_star.mustEqual(lang_a_b_star, TRIAL) should be terminated normally" time="0.16">
                      
                    </testcase><testcase classname="kuplrg.Spec" name="dfa_div_3_1.mustValid should be terminated normally" time="0.002">
                      
                    </testcase><testcase classname="kuplrg.Spec" name="dfa_div_3_1.mustEqual(lang_div_3_1, TRIAL) should be terminated normally" time="0.03">
                      
                    </testcase><testcase classname="kuplrg.Spec" name="dfa_subseq_101.mustValid should be terminated normally" time="0.004">
                      
                    </testcase><testcase classname="kuplrg.Spec" name="dfa_subseq_101.mustEqual(lang_subseq_101, TRIAL) should be terminated normally" time="0.032">
                      
                    </testcase><testcase classname="kuplrg.Spec" name="dfa_odd_0_1.mustValid should be terminated normally" time="0.001">
                      
                    </testcase><testcase classname="kuplrg.Spec" name="dfa_odd_0_1.mustEqual(lang_odd_0_1, TRIAL) should be terminated normally" time="0.028">
                      
                    </testcase><testcase classname="kuplrg.Spec" name="nfa_two_0.mustValid should be terminated normally" time="0.006">
                      
                    </testcase><testcase classname="kuplrg.Spec" name="nfa_two_0.mustEqual(lang_two_0, TRIAL) should be terminated normally" time="0.106">
                      
                    </testcase><testcase classname="kuplrg.Spec" name="nfa_substr_011.mustValid should be terminated normally" time="0.002">
                      
                    </testcase><testcase classname="kuplrg.Spec" name="nfa_substr_011.mustEqual(lang_substr_011, TRIAL) should be terminated normally" time="0.112">
                      
                    </testcase><testcase classname="kuplrg.Spec" name="nfa_has_00_or_11.mustValid should be terminated normally" time="0.004">
                      
                    </testcase><testcase classname="kuplrg.Spec" name="nfa_has_00_or_11.mustEqual(lang_has_00_or_11, TRIAL) should be terminated normally" time="0.086">
                      
                    </testcase><testcase classname="kuplrg.Spec" name="enfa_ab_plus.mustValid should be terminated normally" time="0.005">
                      
                    </testcase><testcase classname="kuplrg.Spec" name="enfa_ab_plus.mustEqual(lang_ab_plus, TRIAL) should be terminated normally" time="0.153">
                      
                    </testcase><testcase classname="kuplrg.Spec" name="enfa_same_digits.mustValid should be terminated normally" time="0.002">
                      
                    </testcase><testcase classname="kuplrg.Spec" name="enfa_same_digits.mustEqual(lang_same_digits, TRIAL) should be terminated normally" time="0.085">
                      
                    </testcase><testcase classname="kuplrg.Spec" name="enfa_complex.mustValid should be terminated normally" time="0.003">
                      
                    </testcase><testcase classname="kuplrg.Spec" name="enfa_complex.mustEqual(lang_complex, TRIAL) should be terminated normally" time="0.057">
                      
                    </testcase>
          <system-out><![CDATA[]]></system-out>
          <system-err><![CDATA[]]></system-err>
        </testsuite>