<?xml version='1.0' encoding='UTF-8'?>
<testsuite hostname="gunmin" name="kuplrg.Spec" tests="5" errors="0" failures="0" skipped="0" time="0.786" timestamp="2024-06-14T08:55:16">
          <properties>
[...]
</properties>
          <testcase classname="kuplrg.Spec" name="tm_square.mustValid.mustEqual(lang, 1000) should be terminated normally" time="0.187">
                      
                    </testcase><testcase classname="kuplrg.Spec" name="tm_square_check() should be terminated normally" time="0.425">
                      
                    </testcase><testcase classname="kuplrg.Spec" name="tm_eq_abc_check() should be terminated normally" time="0.064">
                      
                    </testcase><testcase classname="kuplrg.Spec" name="tm_dec.mustValid.mustEqual(func, 10000) should be terminated normally" time="0.08">
                      
                    </testcase><testcase classname="kuplrg.Spec" name="tm_add.mustValid.mustEqual(func, 20000) should be terminated normally" time="0.03">
                      
                    </testcase>
          <system-out><![CDATA[]]></system-out>
          <system-err><![CDATA[]]></system-err>
        </testsuite>