<?xml version='1.0' encoding='UTF-8'?>
<testsuite hostname="gunmin" name="kuplrg.Spec" tests="40" errors="0" failures="0" skipped="0" time="7.674" timestamp="2024-05-29T23:27:12">
          <properties>
[...]
</properties>
          <testcase classname="kuplrg.Spec" name="pdafs2es(pda1).langByEmptyStacks.mustEqual(pda1.langByFinalStates, TRI ... should be terminated normally" time="0.187">
                      
                    </testcase><testcase classname="kuplrg.Spec" name="pdafs2es(pda2).langByEmptyStacks.mustEqual(pda2.langByFinalStates, TRI ... should be terminated normally" time="0.059">
                      
                    </testcase><testcase classname="kuplrg.Spec" name="pdafs2es(pda3).langByEmptyStacks.mustEqual(pda3.langByFinalStates, TRI ... should be terminated normally" time="0.104">
                      
                    </testcase><testcase classname="kuplrg.Spec" name="pdafs2es(pda4).langByEmptyStacks.mustEqual(pda4.langByFinalStates, TRI ... should be terminated normally" time="0.047">
                      
                    </testcase><testcase classname="kuplrg.Spec" name="pdafs2es(pda5).langByEmptyStacks.mustEqual(pda5.langByFinalStates, TRI ... should be terminated normally" time="0.127">
                      
                    </testcase><testcase classname="kuplrg.Spec" name="pdafs2es(pda6).langByEmptyStacks.mustEqual(pda6.langByFinalStates, TRI ... should be terminated normally" time="0.423">
                      
                    </testcase><testcase classname="kuplrg.Spec" name="pdafs2es(pda7).langByEmptyStacks.mustEqual(pda7.langByFinalStates, TRI ... should be terminated normally" time="0.021">
                      
                    </testcase><testcase classname="kuplrg.Spec" name="pdafs2es(pda8).langByEmptyStacks.mustEqual(pda8.langByFinalStates, TRI ... should be terminated normally" time="0.033">
                      
                    </testcase><testcase classname="kuplrg.Spec" name="pdafs2es(pda9).langByEmptyStacks.mustEqual(pda9.langByFinalStates, TRI ... should be terminated normally" time="0.104">
                      
                    </testcase><testcase classname="kuplrg.Spec" name="pdafs2es(pda10).langByEmptyStacks.mustEqual(pda10.langByFinalStates, T ... should be terminated normally" time="0.017">
                      
                    </testcase><testcase classname="kuplrg.Spec" name="pdaes2fs(pda11).langByFinalStates.mustEqual(pda11.langByEmptyStacks, T ... should be terminated normally" time="0.023">
                      
                    </testcase><testcase classname="kuplrg.Spec" name="pdaes2fs(pda12).langByFinalStates.mustEqual(pda12.langByEmptyStacks, T ... should be terminated normally" time="0.021">
                      
                    </testcase><testcase classname="kuplrg.Spec" name="pdaes2fs(pda13).langByFinalStates.mustEqual(pda13.langByEmptyStacks, T ... should be terminated normally" time="0.077">
                      
                    </testcase><testcase classname="kuplrg.Spec" name="pdaes2fs(pda14).langByFinalStates.mustEqual(pda14.langByEmptyStacks, T ... should be terminated normally" time="0.029">
                      
                    </testcase><testcase classname="kuplrg.Spec" name="pdaes2fs(pda15).langByFinalStates.mustEqual(pda15.langByEmptyStacks, T ... should be terminated normally" time="0.17">
                      
                    </testcase><testcase classname="kuplrg.Spec" name="pdaes2fs(pda16).langByFinalStates.mustEqual(pda16.langByEmptyStacks, T ... should be terminated normally" time="0.267">
                      
                    </testcase><testcase classname="kuplrg.Spec" name="pdaes2fs(pda17).langByFinalStates.mustEqual(pda17.langByEmptyStacks, T ... should be terminated normally" time="0.012">
                      
                    </testcase><testcase classname="kuplrg.Spec" name="pdaes2fs(pda18).langByFinalStates.mustEqual(pda18.langByEmptyStacks, T ... should be terminated normally" time="0.018">
                      
                    </testcase><testcase classname="kuplrg.Spec" name="pdaes2fs(pda19).langByFinalStates.mustEqual(pda19.langByEmptyStacks, T ... should be terminated normally" time="0.05">
                      
                    </testcase><testcase classname="kuplrg.Spec" name="pdaes2fs(pda20).langByFinalStates.mustEqual(pda20.langByEmptyStacks, T ... should be terminated normally" time="0.011">
                      
                    </testcase><testcase classname="kuplrg.Spec" name="cfg2pdaes(cfg1).langByEmptyStacks.mustEqual(lang_an, TRIAL) should be terminated normally" time="0.051">
                      
                    </testcase><testcase classname="kuplrg.Spec" name="cfg2pdaes(cfg2).langByEmptyStacks.mustEqual(lang_an_bn, TRIAL) should be terminated normally" time="0.007">
                      
                    </testcase><testcase classname="kuplrg.Spec" name="cfg2pdaes(cfg3).langByEmptyStacks.mustEqual(lang_an_b2n, TRIAL) should be terminated normally" time="0.008">
                      
                    </testcase><testcase classname="kuplrg.Spec" name="cfg2pdaes(cfg4).langByEmptyStacks.mustEqual(lang_w_wR, TRIAL) should be terminated normally" time="0.096">
                      
                    </testcase><testcase classname="kuplrg.Spec" name="cfg2pdaes(cfg5).langByEmptyStacks.mustEqual(lang_na_eq_nb, TRIAL) should be terminated normally" time="0.255">
                      
                    </testcase><testcase classname="kuplrg.Spec" name="cfg2pdaes(cfg6).langByEmptyStacks.mustEqual(lang_a_eq_b_c, TRIAL) should be terminated normally" time="0.722">
                      
                    </testcase><testcase classname="kuplrg.Spec" name="cfg2pdaes(cfg7).langByEmptyStacks.mustEqual(lang_a2n1_b2n1, TRIAL) should be terminated normally" time="0.007">
                      
                    </testcase><testcase classname="kuplrg.Spec" name="cfg2pdaes(cfg8).langByEmptyStacks.mustEqual(lang_a2n_b2n, TRIAL) should be terminated normally" time="0.006">
                      
                    </testcase><testcase classname="kuplrg.Spec" name="cfg2pdaes(cfg9).langByEmptyStacks.mustEqual(lang_bn_am_b2n, TRIAL) should be terminated normally" time="0.026">
                      
                    </testcase><testcase classname="kuplrg.Spec" name="cfg2pdaes(cfg10).langByEmptyStacks.mustEqual(lang_balanced, TRIAL) should be terminated normally" time="0.033">
                      
                    </testcase><testcase classname="kuplrg.Spec" name="pdaes2cfg(pda11).lang.mustEqual(lang_an_bn, TRIAL) should be terminated normally" time="0.201">
                      
                    </testcase><testcase classname="kuplrg.Spec" name="pdaes2cfg(pda12).lang.mustEqual(lang_an_b2n, TRIAL) should be terminated normally" time="0.076">
                      
                    </testcase><testcase classname="kuplrg.Spec" name="pdaes2cfg(pda13).lang.mustEqual(lang_w_wR, TRIAL) should be terminated normally" time="0.306">
                      
                    </testcase><testcase classname="kuplrg.Spec" name="pdaes2cfg(pda14).lang.mustEqual(lang_na_eq_nb, TRIAL) should be terminated normally" time="0.077">
                      
                    </testcase><testcase classname="kuplrg.Spec" name="pdaes2cfg(pda15).lang.mustEqual(lang_na_neq_nb, TRIAL) should be terminated normally" time="0.305">
                      
                    </testcase><testcase classname="kuplrg.Spec" name="pdaes2cfg(pda16).lang.mustEqual(lang_not_w_w, TRIAL) should be terminated normally" time="3.439">
                      
                    </testcase><testcase classname="kuplrg.Spec" name="pdaes2cfg(pda17).lang.mustEqual(lang_a2n1_b2n1, TRIAL) should be terminated normally" time="0.056">
                      
                    </testcase><testcase classname="kuplrg.Spec" name="pdaes2cfg(pda18).lang.mustEqual(lang_a2n_b2n, TRIAL) should be terminated normally" time="0.038">
                      
                    </testcase><testcase classname="kuplrg.Spec" name="pdaes2cfg(pda19).lang.mustEqual(lang_bn_am_b2n, TRIAL) should be terminated normally" time="0.155">
                      
                    </testcase><testcase classname="kuplrg.Spec" name="pdaes2cfg(pda20).lang.mustEqual(lang_balanced, TRIAL) should be terminated normally" time="0.01">
                      
                    </testcase>
          <system-out><![CDATA[]]></system-out>
          <system-err><![CDATA[]]></system-err>
        </testsuite>